2018-08-17 08:51:35 ERROR [Class:a.f.c.c.CacheMasterDataService->Thread:qtp540642172-27] 没有获取到Key为[banktype]的数据字典。 
2018-08-17 08:53:24 ERROR [Class:a.f.c.c.CacheMasterDataService->Thread:qtp540642172-28] 没有获取到Key为[banktype]的数据字典。 
2018-08-17 11:22:07 ERROR [Class:a.f.c.c.CacheMasterDataService->Thread:qtp540642172-35] 没有获取到Key为[banktype]的数据字典。 
2018-08-17 11:24:27 ERROR [Class:a.f.c.c.CacheMasterDataService->Thread:qtp540642172-23] 没有获取到Key为[banktype]的数据字典。 
2018-08-17 11:24:38 ERROR [Class:a.f.c.c.CacheMasterDataService->Thread:qtp540642172-23] 没有获取到Key为[banktype]的数据字典。 
2018-08-17 11:25:07 ERROR [Class:a.f.c.c.CacheMasterDataService->Thread:qtp540642172-25] 没有获取到Key为[banktype]的数据字典。 
2018-08-17 11:27:35 ERROR [Class:a.f.c.c.CacheMasterDataService->Thread:qtp540642172-44] 没有获取到Key为[banktype]的数据字典。 
2018-08-17 11:28:14 ERROR [Class:a.f.c.c.CacheMasterDataService->Thread:qtp540642172-47] 没有获取到Key为[banktype]的数据字典。 
2018-08-17 11:30:49 ERROR [Class:a.f.c.c.CacheMasterDataService->Thread:qtp540642172-41] 没有获取到Key为[banktype]的数据字典。 
2018-08-17 12:01:13 ERROR [Class:a.f.c.c.CacheMasterDataService->Thread:qtp2129144075-28] 没有获取到Key为[banktype]的数据字典。 
2018-08-17 12:41:07 ERROR [Class:a.f.c.c.CacheMasterDataService->Thread:qtp2129144075-28] 没有获取到Key为[banktype]的数据字典。 
2018-08-17 12:42:56 ERROR [Class:a.f.c.c.CacheMasterDataService->Thread:qtp2129144075-31] 没有获取到Key为[banktype]的数据字典。 
2018-08-17 20:36:44 ERROR [Class:a.f.c.c.CacheMasterDataService->Thread:qtp540642172-28] 没有获取到Key为[banktype]的数据字典。 
2018-08-17 20:37:27 WARN [Class:o.e.j.s.ServletHandler->Thread:qtp540642172-23]  
org.apache.jasper.JasperException: /WEB-INF/jsp/myproject/repair_log.jsp(6,61) PWC6303: Attempt to redefine the prefix c to http://java.sun.com/jsp/jstl/core, when it was already defined as /WEB-INF/tld/c.tld in the current scope.
	at org.apache.jasper.compiler.DefaultErrorHandler.jspError(DefaultErrorHandler.java:81) ~[org.apache.jasper.glassfish-2.2.2.v201112011158.jar:na]
	at org.apache.jasper.compiler.ErrorDispatcher.dispatch(ErrorDispatcher.java:376) ~[org.apache.jasper.glassfish-2.2.2.v201112011158.jar:na]
	at org.apache.jasper.compiler.ErrorDispatcher.jspError(ErrorDispatcher.java:188) ~[org.apache.jasper.glassfish-2.2.2.v201112011158.jar:na]
	at org.apache.jasper.compiler.Parser.parseTaglibDirective(Parser.java:472) ~[org.apache.jasper.glassfish-2.2.2.v201112011158.jar:na]
	at org.apache.jasper.compiler.Parser.parseDirective(Parser.java:582) ~[org.apache.jasper.glassfish-2.2.2.v201112011158.jar:na]
	at org.apache.jasper.compiler.Parser.parseElements(Parser.java:1652) ~[org.apache.jasper.glassfish-2.2.2.v201112011158.jar:na]
	at org.apache.jasper.compiler.Parser.parse(Parser.java:185) ~[org.apache.jasper.glassfish-2.2.2.v201112011158.jar:na]
	at org.apache.jasper.compiler.ParserController.doParse(ParserController.java:244) ~[org.apache.jasper.glassfish-2.2.2.v201112011158.jar:na]
	at org.apache.jasper.compiler.ParserController.parse(ParserController.java:145) ~[org.apache.jasper.glassfish-2.2.2.v201112011158.jar:na]
	at org.apache.jasper.compiler.Compiler.generateJava(Compiler.java:212) ~[org.apache.jasper.glassfish-2.2.2.v201112011158.jar:na]
	at org.apache.jasper.compiler.Compiler.compile(Compiler.java:451) ~[org.apache.jasper.glassfish-2.2.2.v201112011158.jar:na]
	at org.apache.jasper.JspCompilationContext.compile(JspCompilationContext.java:625) ~[org.apache.jasper.glassfish-2.2.2.v201112011158.jar:na]
	at org.apache.jasper.servlet.JspServletWrapper.service(JspServletWrapper.java:374) ~[org.apache.jasper.glassfish-2.2.2.v201112011158.jar:na]
	at org.apache.jasper.servlet.JspServlet.serviceJspFile(JspServlet.java:492) ~[org.apache.jasper.glassfish-2.2.2.v201112011158.jar:na]
	at org.apache.jasper.servlet.JspServlet.service(JspServlet.java:378) ~[org.apache.jasper.glassfish-2.2.2.v201112011158.jar:na]
	at javax.servlet.http.HttpServlet.service(HttpServlet.java:848) ~[javax.servlet-3.0.0.v201112011016.jar:na]
	at org.eclipse.jetty.servlet.ServletHolder.handle(ServletHolder.java:684) ~[jetty-all-8.1.17.v20150415.jar:8.1.17.v20150415]
	at org.eclipse.jetty.servlet.ServletHandler.doHandle(ServletHandler.java:503) [jetty-all-8.1.17.v20150415.jar:8.1.17.v20150415]
	at org.eclipse.jetty.server.handler.ScopedHandler.handle(ScopedHandler.java:137) [jetty-all-8.1.17.v20150415.jar:8.1.17.v20150415]
	at org.eclipse.jetty.security.SecurityHandler.handle(SecurityHandler.java:575) [jetty-all-8.1.17.v20150415.jar:8.1.17.v20150415]
	at org.eclipse.jetty.server.session.SessionHandler.doHandle(SessionHandler.java:231) [jetty-all-8.1.17.v20150415.jar:8.1.17.v20150415]
	at org.eclipse.jetty.server.handler.ContextHandler.doHandle(ContextHandler.java:1086) [jetty-all-8.1.17.v20150415.jar:8.1.17.v20150415]
	at org.eclipse.jetty.servlet.ServletHandler.doScope(ServletHandler.java:429) [jetty-all-8.1.17.v20150415.jar:8.1.17.v20150415]
	at org.eclipse.jetty.server.session.SessionHandler.doScope(SessionHandler.java:193) [jetty-all-8.1.17.v20150415.jar:8.1.17.v20150415]
	at org.eclipse.jetty.server.handler.ContextHandler.doScope(ContextHandler.java:1020) [jetty-all-8.1.17.v20150415.jar:8.1.17.v20150415]
	at org.eclipse.jetty.server.handler.ScopedHandler.handle(ScopedHandler.java:135) [jetty-all-8.1.17.v20150415.jar:8.1.17.v20150415]
	at org.eclipse.jetty.server.Dispatcher.forward(Dispatcher.java:276) ~[jetty-all-8.1.17.v20150415.jar:8.1.17.v20150415]
	at org.eclipse.jetty.server.Dispatcher.forward(Dispatcher.java:103) ~[jetty-all-8.1.17.v20150415.jar:8.1.17.v20150415]
	at org.springframework.web.servlet.view.InternalResourceView.renderMergedOutputModel(InternalResourceView.java:238) ~[spring-webmvc-3.2.4.RELEASE.jar:3.2.4.RELEASE]
	at org.springframework.web.servlet.view.AbstractView.render(AbstractView.java:263) ~[spring-webmvc-3.2.4.RELEASE.jar:3.2.4.RELEASE]
	at org.springframework.web.servlet.DispatcherServlet.render(DispatcherServlet.java:1208) ~[spring-webmvc-3.2.4.RELEASE.jar:3.2.4.RELEASE]
	at org.springframework.web.servlet.DispatcherServlet.processDispatchResult(DispatcherServlet.java:992) ~[spring-webmvc-3.2.4.RELEASE.jar:3.2.4.RELEASE]
	at org.springframework.web.servlet.DispatcherServlet.doDispatch(DispatcherServlet.java:939) ~[spring-webmvc-3.2.4.RELEASE.jar:3.2.4.RELEASE]
	at org.springframework.web.servlet.DispatcherServlet.doService(DispatcherServlet.java:856) ~[spring-webmvc-3.2.4.RELEASE.jar:3.2.4.RELEASE]
	at org.springframework.web.servlet.FrameworkServlet.processRequest(FrameworkServlet.java:936) ~[spring-webmvc-3.2.4.RELEASE.jar:3.2.4.RELEASE]
	at org.springframework.web.servlet.FrameworkServlet.doGet(FrameworkServlet.java:827) ~[spring-webmvc-3.2.4.RELEASE.jar:3.2.4.RELEASE]
	at javax.servlet.http.HttpServlet.service(HttpServlet.java:735) ~[javax.servlet-3.0.0.v201112011016.jar:na]
	at org.springframework.web.servlet.FrameworkServlet.service(FrameworkServlet.java:812) ~[spring-webmvc-3.2.4.RELEASE.jar:3.2.4.RELEASE]
	at javax.servlet.http.HttpServlet.service(HttpServlet.java:848) ~[javax.servlet-3.0.0.v201112011016.jar:na]
	at org.eclipse.jetty.servlet.ServletHolder.handle(ServletHolder.java:684) ~[jetty-all-8.1.17.v20150415.jar:8.1.17.v20150415]
	at org.eclipse.jetty.servlet.ServletHandler$CachedChain.doFilter(ServletHandler.java:1496) ~[jetty-all-8.1.17.v20150415.jar:8.1.17.v20150415]
	at aos.framework.web.filter.HttpBackendFilter.doFilter(HttpBackendFilter.java:85) ~[classes/:na]
	at org.eclipse.jetty.servlet.ServletHandler$CachedChain.doFilter(ServletHandler.java:1484) ~[jetty-all-8.1.17.v20150415.jar:8.1.17.v20150415]
	at aos.framework.web.filter.HttpFilter.doFilter(HttpFilter.java:50) ~[classes/:na]
	at org.eclipse.jetty.servlet.ServletHandler$CachedChain.doFilter(ServletHandler.java:1484) ~[jetty-all-8.1.17.v20150415.jar:8.1.17.v20150415]
	at org.springframework.web.filter.CharacterEncodingFilter.doFilterInternal(CharacterEncodingFilter.java:88) ~[spring-web-3.2.4.RELEASE.jar:3.2.4.RELEASE]
	at org.springframework.web.filter.OncePerRequestFilter.doFilter(OncePerRequestFilter.java:107) ~[spring-web-3.2.4.RELEASE.jar:3.2.4.RELEASE]
	at org.eclipse.jetty.servlet.ServletHandler$CachedChain.doFilter(ServletHandler.java:1476) ~[jetty-all-8.1.17.v20150415.jar:8.1.17.v20150415]
	at org.eclipse.jetty.servlet.ServletHandler.doHandle(ServletHandler.java:501) [jetty-all-8.1.17.v20150415.jar:8.1.17.v20150415]
	at org.eclipse.jetty.server.handler.ScopedHandler.handle(ScopedHandler.java:137) [jetty-all-8.1.17.v20150415.jar:8.1.17.v20150415]
	at org.eclipse.jetty.security.SecurityHandler.handle(SecurityHandler.java:557) [jetty-all-8.1.17.v20150415.jar:8.1.17.v20150415]
	at org.eclipse.jetty.server.session.SessionHandler.doHandle(SessionHandler.java:231) [jetty-all-8.1.17.v20150415.jar:8.1.17.v20150415]
	at org.eclipse.jetty.server.handler.ContextHandler.doHandle(ContextHandler.java:1086) [jetty-all-8.1.17.v20150415.jar:8.1.17.v20150415]
	at org.eclipse.jetty.servlet.ServletHandler.doScope(ServletHandler.java:429) [jetty-all-8.1.17.v20150415.jar:8.1.17.v20150415]
	at org.eclipse.jetty.server.session.SessionHandler.doScope(SessionHandler.java:193) [jetty-all-8.1.17.v20150415.jar:8.1.17.v20150415]
	at org.eclipse.jetty.server.handler.ContextHandler.doScope(ContextHandler.java:1020) [jetty-all-8.1.17.v20150415.jar:8.1.17.v20150415]
	at org.eclipse.jetty.server.handler.ScopedHandler.handle(ScopedHandler.java:135) [jetty-all-8.1.17.v20150415.jar:8.1.17.v20150415]
	at org.eclipse.jetty.server.handler.HandlerWrapper.handle(HandlerWrapper.java:116) [jetty-all-8.1.17.v20150415.jar:8.1.17.v20150415]
	at org.eclipse.jetty.server.Server.handle(Server.java:370) [jetty-all-8.1.17.v20150415.jar:8.1.17.v20150415]
	at org.eclipse.jetty.server.AbstractHttpConnection.handleRequest(AbstractHttpConnection.java:494) [jetty-all-8.1.17.v20150415.jar:8.1.17.v20150415]
	at org.eclipse.jetty.server.AbstractHttpConnection.headerComplete(AbstractHttpConnection.java:971) [jetty-all-8.1.17.v20150415.jar:8.1.17.v20150415]
	at org.eclipse.jetty.server.AbstractHttpConnection$RequestHandler.headerComplete(AbstractHttpConnection.java:1033) [jetty-all-8.1.17.v20150415.jar:8.1.17.v20150415]
	at org.eclipse.jetty.http.HttpParser.parseNext(HttpParser.java:644) [jetty-all-8.1.17.v20150415.jar:8.1.17.v20150415]
	at org.eclipse.jetty.http.HttpParser.parseAvailable(HttpParser.java:235) [jetty-all-8.1.17.v20150415.jar:8.1.17.v20150415]
	at org.eclipse.jetty.server.AsyncHttpConnection.handle(AsyncHttpConnection.java:82) [jetty-all-8.1.17.v20150415.jar:8.1.17.v20150415]
	at org.eclipse.jetty.io.nio.SelectChannelEndPoint.handle(SelectChannelEndPoint.java:696) [jetty-all-8.1.17.v20150415.jar:8.1.17.v20150415]
	at org.eclipse.jetty.io.nio.SelectChannelEndPoint$1.run(SelectChannelEndPoint.java:53) [jetty-all-8.1.17.v20150415.jar:8.1.17.v20150415]
	at org.eclipse.jetty.util.thread.QueuedThreadPool.runJob(QueuedThreadPool.java:608) [jetty-all-8.1.17.v20150415.jar:8.1.17.v20150415]
	at org.eclipse.jetty.util.thread.QueuedThreadPool$3.run(QueuedThreadPool.java:543) [jetty-all-8.1.17.v20150415.jar:8.1.17.v20150415]
	at java.lang.Thread.run(Thread.java:748) [na:1.8.0_172]
2018-08-17 20:37:27 WARN [Class:o.e.j.s.ServletHandler->Thread:qtp540642172-23] /cdz/http/do.jhtml 
org.apache.jasper.JasperException: /WEB-INF/jsp/myproject/repair_log.jsp(6,61) PWC6303: Attempt to redefine the prefix c to http://java.sun.com/jsp/jstl/core, when it was already defined as /WEB-INF/tld/c.tld in the current scope.
	at org.apache.jasper.compiler.DefaultErrorHandler.jspError(DefaultErrorHandler.java:81) ~[org.apache.jasper.glassfish-2.2.2.v201112011158.jar:na]
	at org.apache.jasper.compiler.ErrorDispatcher.dispatch(ErrorDispatcher.java:376) ~[org.apache.jasper.glassfish-2.2.2.v201112011158.jar:na]
	at org.apache.jasper.compiler.ErrorDispatcher.jspError(ErrorDispatcher.java:188) ~[org.apache.jasper.glassfish-2.2.2.v201112011158.jar:na]
	at org.apache.jasper.compiler.Parser.parseTaglibDirective(Parser.java:472) ~[org.apache.jasper.glassfish-2.2.2.v201112011158.jar:na]
	at org.apache.jasper.compiler.Parser.parseDirective(Parser.java:582) ~[org.apache.jasper.glassfish-2.2.2.v201112011158.jar:na]
	at org.apache.jasper.compiler.Parser.parseElements(Parser.java:1652) ~[org.apache.jasper.glassfish-2.2.2.v201112011158.jar:na]
	at org.apache.jasper.compiler.Parser.parse(Parser.java:185) ~[org.apache.jasper.glassfish-2.2.2.v201112011158.jar:na]
	at org.apache.jasper.compiler.ParserController.doParse(ParserController.java:244) ~[org.apache.jasper.glassfish-2.2.2.v201112011158.jar:na]
	at org.apache.jasper.compiler.ParserController.parse(ParserController.java:145) ~[org.apache.jasper.glassfish-2.2.2.v201112011158.jar:na]
	at org.apache.jasper.compiler.Compiler.generateJava(Compiler.java:212) ~[org.apache.jasper.glassfish-2.2.2.v201112011158.jar:na]
	at org.apache.jasper.compiler.Compiler.compile(Compiler.java:451) ~[org.apache.jasper.glassfish-2.2.2.v201112011158.jar:na]
	at org.apache.jasper.JspCompilationContext.compile(JspCompilationContext.java:625) ~[org.apache.jasper.glassfish-2.2.2.v201112011158.jar:na]
	at org.apache.jasper.servlet.JspServletWrapper.service(JspServletWrapper.java:374) ~[org.apache.jasper.glassfish-2.2.2.v201112011158.jar:na]
	at org.apache.jasper.servlet.JspServlet.serviceJspFile(JspServlet.java:492) ~[org.apache.jasper.glassfish-2.2.2.v201112011158.jar:na]
	at org.apache.jasper.servlet.JspServlet.service(JspServlet.java:378) ~[org.apache.jasper.glassfish-2.2.2.v201112011158.jar:na]
	at javax.servlet.http.HttpServlet.service(HttpServlet.java:848) ~[javax.servlet-3.0.0.v201112011016.jar:na]
	at org.eclipse.jetty.servlet.ServletHolder.handle(ServletHolder.java:684) ~[jetty-all-8.1.17.v20150415.jar:8.1.17.v20150415]
	at org.eclipse.jetty.servlet.ServletHandler.doHandle(ServletHandler.java:503) [jetty-all-8.1.17.v20150415.jar:8.1.17.v20150415]
	at org.eclipse.jetty.server.handler.ScopedHandler.handle(ScopedHandler.java:137) [jetty-all-8.1.17.v20150415.jar:8.1.17.v20150415]
	at org.eclipse.jetty.security.SecurityHandler.handle(SecurityHandler.java:575) [jetty-all-8.1.17.v20150415.jar:8.1.17.v20150415]
	at org.eclipse.jetty.server.session.SessionHandler.doHandle(SessionHandler.java:231) [jetty-all-8.1.17.v20150415.jar:8.1.17.v20150415]
	at org.eclipse.jetty.server.handler.ContextHandler.doHandle(ContextHandler.java:1086) [jetty-all-8.1.17.v20150415.jar:8.1.17.v20150415]
	at org.eclipse.jetty.servlet.ServletHandler.doScope(ServletHandler.java:429) [jetty-all-8.1.17.v20150415.jar:8.1.17.v20150415]
	at org.eclipse.jetty.server.session.SessionHandler.doScope(SessionHandler.java:193) [jetty-all-8.1.17.v20150415.jar:8.1.17.v20150415]
	at org.eclipse.jetty.server.handler.ContextHandler.doScope(ContextHandler.java:1020) [jetty-all-8.1.17.v20150415.jar:8.1.17.v20150415]
	at org.eclipse.jetty.server.handler.ScopedHandler.handle(ScopedHandler.java:135) [jetty-all-8.1.17.v20150415.jar:8.1.17.v20150415]
	at org.eclipse.jetty.server.Dispatcher.forward(Dispatcher.java:276) ~[jetty-all-8.1.17.v20150415.jar:8.1.17.v20150415]
	at org.eclipse.jetty.server.Dispatcher.forward(Dispatcher.java:103) ~[jetty-all-8.1.17.v20150415.jar:8.1.17.v20150415]
	at org.springframework.web.servlet.view.InternalResourceView.renderMergedOutputModel(InternalResourceView.java:238) ~[spring-webmvc-3.2.4.RELEASE.jar:3.2.4.RELEASE]
	at org.springframework.web.servlet.view.AbstractView.render(AbstractView.java:263) ~[spring-webmvc-3.2.4.RELEASE.jar:3.2.4.RELEASE]
	at org.springframework.web.servlet.DispatcherServlet.render(DispatcherServlet.java:1208) ~[spring-webmvc-3.2.4.RELEASE.jar:3.2.4.RELEASE]
	at org.springframework.web.servlet.DispatcherServlet.processDispatchResult(DispatcherServlet.java:992) ~[spring-webmvc-3.2.4.RELEASE.jar:3.2.4.RELEASE]
	at org.springframework.web.servlet.DispatcherServlet.doDispatch(DispatcherServlet.java:939) ~[spring-webmvc-3.2.4.RELEASE.jar:3.2.4.RELEASE]
	at org.springframework.web.servlet.DispatcherServlet.doService(DispatcherServlet.java:856) ~[spring-webmvc-3.2.4.RELEASE.jar:3.2.4.RELEASE]
	at org.springframework.web.servlet.FrameworkServlet.processRequest(FrameworkServlet.java:936) ~[spring-webmvc-3.2.4.RELEASE.jar:3.2.4.RELEASE]
	at org.springframework.web.servlet.FrameworkServlet.doGet(FrameworkServlet.java:827) ~[spring-webmvc-3.2.4.RELEASE.jar:3.2.4.RELEASE]
	at javax.servlet.http.HttpServlet.service(HttpServlet.java:735) ~[javax.servlet-3.0.0.v201112011016.jar:na]
	at org.springframework.web.servlet.FrameworkServlet.service(FrameworkServlet.java:812) ~[spring-webmvc-3.2.4.RELEASE.jar:3.2.4.RELEASE]
	at javax.servlet.http.HttpServlet.service(HttpServlet.java:848) ~[javax.servlet-3.0.0.v201112011016.jar:na]
	at org.eclipse.jetty.servlet.ServletHolder.handle(ServletHolder.java:684) ~[jetty-all-8.1.17.v20150415.jar:8.1.17.v20150415]
	at org.eclipse.jetty.servlet.ServletHandler$CachedChain.doFilter(ServletHandler.java:1496) ~[jetty-all-8.1.17.v20150415.jar:8.1.17.v20150415]
	at aos.framework.web.filter.HttpBackendFilter.doFilter(HttpBackendFilter.java:85) ~[classes/:na]
	at org.eclipse.jetty.servlet.ServletHandler$CachedChain.doFilter(ServletHandler.java:1484) ~[jetty-all-8.1.17.v20150415.jar:8.1.17.v20150415]
	at aos.framework.web.filter.HttpFilter.doFilter(HttpFilter.java:50) ~[classes/:na]
	at org.eclipse.jetty.servlet.ServletHandler$CachedChain.doFilter(ServletHandler.java:1484) ~[jetty-all-8.1.17.v20150415.jar:8.1.17.v20150415]
	at org.springframework.web.filter.CharacterEncodingFilter.doFilterInternal(CharacterEncodingFilter.java:88) ~[spring-web-3.2.4.RELEASE.jar:3.2.4.RELEASE]
	at org.springframework.web.filter.OncePerRequestFilter.doFilter(OncePerRequestFilter.java:107) ~[spring-web-3.2.4.RELEASE.jar:3.2.4.RELEASE]
	at org.eclipse.jetty.servlet.ServletHandler$CachedChain.doFilter(ServletHandler.java:1476) ~[jetty-all-8.1.17.v20150415.jar:8.1.17.v20150415]
	at org.eclipse.jetty.servlet.ServletHandler.doHandle(ServletHandler.java:501) [jetty-all-8.1.17.v20150415.jar:8.1.17.v20150415]
	at org.eclipse.jetty.server.handler.ScopedHandler.handle(ScopedHandler.java:137) [jetty-all-8.1.17.v20150415.jar:8.1.17.v20150415]
	at org.eclipse.jetty.security.SecurityHandler.handle(SecurityHandler.java:557) [jetty-all-8.1.17.v20150415.jar:8.1.17.v20150415]
	at org.eclipse.jetty.server.session.SessionHandler.doHandle(SessionHandler.java:231) [jetty-all-8.1.17.v20150415.jar:8.1.17.v20150415]
	at org.eclipse.jetty.server.handler.ContextHandler.doHandle(ContextHandler.java:1086) [jetty-all-8.1.17.v20150415.jar:8.1.17.v20150415]
	at org.eclipse.jetty.servlet.ServletHandler.doScope(ServletHandler.java:429) [jetty-all-8.1.17.v20150415.jar:8.1.17.v20150415]
	at org.eclipse.jetty.server.session.SessionHandler.doScope(SessionHandler.java:193) [jetty-all-8.1.17.v20150415.jar:8.1.17.v20150415]
	at org.eclipse.jetty.server.handler.ContextHandler.doScope(ContextHandler.java:1020) [jetty-all-8.1.17.v20150415.jar:8.1.17.v20150415]
	at org.eclipse.jetty.server.handler.ScopedHandler.handle(ScopedHandler.java:135) [jetty-all-8.1.17.v20150415.jar:8.1.17.v20150415]
	at org.eclipse.jetty.server.handler.HandlerWrapper.handle(HandlerWrapper.java:116) [jetty-all-8.1.17.v20150415.jar:8.1.17.v20150415]
	at org.eclipse.jetty.server.Server.handle(Server.java:370) [jetty-all-8.1.17.v20150415.jar:8.1.17.v20150415]
	at org.eclipse.jetty.server.AbstractHttpConnection.handleRequest(AbstractHttpConnection.java:494) [jetty-all-8.1.17.v20150415.jar:8.1.17.v20150415]
	at org.eclipse.jetty.server.AbstractHttpConnection.headerComplete(AbstractHttpConnection.java:971) [jetty-all-8.1.17.v20150415.jar:8.1.17.v20150415]
	at org.eclipse.jetty.server.AbstractHttpConnection$RequestHandler.headerComplete(AbstractHttpConnection.java:1033) [jetty-all-8.1.17.v20150415.jar:8.1.17.v20150415]
	at org.eclipse.jetty.http.HttpParser.parseNext(HttpParser.java:644) [jetty-all-8.1.17.v20150415.jar:8.1.17.v20150415]
	at org.eclipse.jetty.http.HttpParser.parseAvailable(HttpParser.java:235) [jetty-all-8.1.17.v20150415.jar:8.1.17.v20150415]
	at org.eclipse.jetty.server.AsyncHttpConnection.handle(AsyncHttpConnection.java:82) [jetty-all-8.1.17.v20150415.jar:8.1.17.v20150415]
	at org.eclipse.jetty.io.nio.SelectChannelEndPoint.handle(SelectChannelEndPoint.java:696) [jetty-all-8.1.17.v20150415.jar:8.1.17.v20150415]
	at org.eclipse.jetty.io.nio.SelectChannelEndPoint$1.run(SelectChannelEndPoint.java:53) [jetty-all-8.1.17.v20150415.jar:8.1.17.v20150415]
	at org.eclipse.jetty.util.thread.QueuedThreadPool.runJob(QueuedThreadPool.java:608) [jetty-all-8.1.17.v20150415.jar:8.1.17.v20150415]
	at org.eclipse.jetty.util.thread.QueuedThreadPool$3.run(QueuedThreadPool.java:543) [jetty-all-8.1.17.v20150415.jar:8.1.17.v20150415]
	at java.lang.Thread.run(Thread.java:748) [na:1.8.0_172]
2018-08-17 20:38:27 ERROR [Class:a.f.c.c.CacheMasterDataService->Thread:qtp540642172-26] 没有获取到Key为[banktype]的数据字典。 
2018-08-17 20:38:40 WARN [Class:o.e.j.s.ServletHandler->Thread:qtp540642172-28]  
javax.servlet.ServletException: javax.servlet.jsp.JspException: Unable to get connection, DataSource invalid: "java.sql.SQLException: The url cannot be null"
	at org.apache.jasper.runtime.PageContextImpl.doHandlePageException(PageContextImpl.java:947) ~[org.apache.jasper.glassfish-2.2.2.v201112011158.jar:na]
	at org.apache.jasper.runtime.PageContextImpl.handlePageException(PageContextImpl.java:879) ~[org.apache.jasper.glassfish-2.2.2.v201112011158.jar:na]
	at org.apache.jsp.WEB_002dINF.jsp.myproject.repair_005flog_jsp._jspService(repair_005flog_jsp.java:163) ~[na:na]
	at org.apache.jasper.runtime.HttpJspBase.service(HttpJspBase.java:111) ~[org.apache.jasper.glassfish-2.2.2.v201112011158.jar:na]
	at javax.servlet.http.HttpServlet.service(HttpServlet.java:848) ~[javax.servlet-3.0.0.v201112011016.jar:na]
	at org.apache.jasper.servlet.JspServletWrapper.service(JspServletWrapper.java:403) ~[org.apache.jasper.glassfish-2.2.2.v201112011158.jar:na]
	at org.apache.jasper.servlet.JspServlet.serviceJspFile(JspServlet.java:492) ~[org.apache.jasper.glassfish-2.2.2.v201112011158.jar:na]
	at org.apache.jasper.servlet.JspServlet.service(JspServlet.java:378) ~[org.apache.jasper.glassfish-2.2.2.v201112011158.jar:na]
	at javax.servlet.http.HttpServlet.service(HttpServlet.java:848) ~[javax.servlet-3.0.0.v201112011016.jar:na]
	at org.eclipse.jetty.servlet.ServletHolder.handle(ServletHolder.java:684) ~[jetty-all-8.1.17.v20150415.jar:8.1.17.v20150415]
	at org.eclipse.jetty.servlet.ServletHandler.doHandle(ServletHandler.java:503) [jetty-all-8.1.17.v20150415.jar:8.1.17.v20150415]
	at org.eclipse.jetty.server.handler.ScopedHandler.handle(ScopedHandler.java:137) [jetty-all-8.1.17.v20150415.jar:8.1.17.v20150415]
	at org.eclipse.jetty.security.SecurityHandler.handle(SecurityHandler.java:575) [jetty-all-8.1.17.v20150415.jar:8.1.17.v20150415]
	at org.eclipse.jetty.server.session.SessionHandler.doHandle(SessionHandler.java:231) [jetty-all-8.1.17.v20150415.jar:8.1.17.v20150415]
	at org.eclipse.jetty.server.handler.ContextHandler.doHandle(ContextHandler.java:1086) [jetty-all-8.1.17.v20150415.jar:8.1.17.v20150415]
	at org.eclipse.jetty.servlet.ServletHandler.doScope(ServletHandler.java:429) [jetty-all-8.1.17.v20150415.jar:8.1.17.v20150415]
	at org.eclipse.jetty.server.session.SessionHandler.doScope(SessionHandler.java:193) [jetty-all-8.1.17.v20150415.jar:8.1.17.v20150415]
	at org.eclipse.jetty.server.handler.ContextHandler.doScope(ContextHandler.java:1020) [jetty-all-8.1.17.v20150415.jar:8.1.17.v20150415]
	at org.eclipse.jetty.server.handler.ScopedHandler.handle(ScopedHandler.java:135) [jetty-all-8.1.17.v20150415.jar:8.1.17.v20150415]
	at org.eclipse.jetty.server.Dispatcher.forward(Dispatcher.java:276) ~[jetty-all-8.1.17.v20150415.jar:8.1.17.v20150415]
	at org.eclipse.jetty.server.Dispatcher.forward(Dispatcher.java:103) ~[jetty-all-8.1.17.v20150415.jar:8.1.17.v20150415]
	at org.springframework.web.servlet.view.InternalResourceView.renderMergedOutputModel(InternalResourceView.java:238) ~[spring-webmvc-3.2.4.RELEASE.jar:3.2.4.RELEASE]
	at org.springframework.web.servlet.view.AbstractView.render(AbstractView.java:263) ~[spring-webmvc-3.2.4.RELEASE.jar:3.2.4.RELEASE]
	at org.springframework.web.servlet.DispatcherServlet.render(DispatcherServlet.java:1208) ~[spring-webmvc-3.2.4.RELEASE.jar:3.2.4.RELEASE]
	at org.springframework.web.servlet.DispatcherServlet.processDispatchResult(DispatcherServlet.java:992) ~[spring-webmvc-3.2.4.RELEASE.jar:3.2.4.RELEASE]
	at org.springframework.web.servlet.DispatcherServlet.doDispatch(DispatcherServlet.java:939) ~[spring-webmvc-3.2.4.RELEASE.jar:3.2.4.RELEASE]
	at org.springframework.web.servlet.DispatcherServlet.doService(DispatcherServlet.java:856) ~[spring-webmvc-3.2.4.RELEASE.jar:3.2.4.RELEASE]
	at org.springframework.web.servlet.FrameworkServlet.processRequest(FrameworkServlet.java:936) ~[spring-webmvc-3.2.4.RELEASE.jar:3.2.4.RELEASE]
	at org.springframework.web.servlet.FrameworkServlet.doGet(FrameworkServlet.java:827) ~[spring-webmvc-3.2.4.RELEASE.jar:3.2.4.RELEASE]
	at javax.servlet.http.HttpServlet.service(HttpServlet.java:735) ~[javax.servlet-3.0.0.v201112011016.jar:na]
	at org.springframework.web.servlet.FrameworkServlet.service(FrameworkServlet.java:812) ~[spring-webmvc-3.2.4.RELEASE.jar:3.2.4.RELEASE]
	at javax.servlet.http.HttpServlet.service(HttpServlet.java:848) ~[javax.servlet-3.0.0.v201112011016.jar:na]
	at org.eclipse.jetty.servlet.ServletHolder.handle(ServletHolder.java:684) ~[jetty-all-8.1.17.v20150415.jar:8.1.17.v20150415]
	at org.eclipse.jetty.servlet.ServletHandler$CachedChain.doFilter(ServletHandler.java:1496) ~[jetty-all-8.1.17.v20150415.jar:8.1.17.v20150415]
	at aos.framework.web.filter.HttpBackendFilter.doFilter(HttpBackendFilter.java:85) ~[classes/:na]
	at org.eclipse.jetty.servlet.ServletHandler$CachedChain.doFilter(ServletHandler.java:1484) ~[jetty-all-8.1.17.v20150415.jar:8.1.17.v20150415]
	at aos.framework.web.filter.HttpFilter.doFilter(HttpFilter.java:50) ~[classes/:na]
	at org.eclipse.jetty.servlet.ServletHandler$CachedChain.doFilter(ServletHandler.java:1484) ~[jetty-all-8.1.17.v20150415.jar:8.1.17.v20150415]
	at org.springframework.web.filter.CharacterEncodingFilter.doFilterInternal(CharacterEncodingFilter.java:88) ~[spring-web-3.2.4.RELEASE.jar:3.2.4.RELEASE]
	at org.springframework.web.filter.OncePerRequestFilter.doFilter(OncePerRequestFilter.java:107) ~[spring-web-3.2.4.RELEASE.jar:3.2.4.RELEASE]
	at org.eclipse.jetty.servlet.ServletHandler$CachedChain.doFilter(ServletHandler.java:1476) ~[jetty-all-8.1.17.v20150415.jar:8.1.17.v20150415]
	at org.eclipse.jetty.servlet.ServletHandler.doHandle(ServletHandler.java:501) [jetty-all-8.1.17.v20150415.jar:8.1.17.v20150415]
	at org.eclipse.jetty.server.handler.ScopedHandler.handle(ScopedHandler.java:137) [jetty-all-8.1.17.v20150415.jar:8.1.17.v20150415]
	at org.eclipse.jetty.security.SecurityHandler.handle(SecurityHandler.java:557) [jetty-all-8.1.17.v20150415.jar:8.1.17.v20150415]
	at org.eclipse.jetty.server.session.SessionHandler.doHandle(SessionHandler.java:231) [jetty-all-8.1.17.v20150415.jar:8.1.17.v20150415]
	at org.eclipse.jetty.server.handler.ContextHandler.doHandle(ContextHandler.java:1086) [jetty-all-8.1.17.v20150415.jar:8.1.17.v20150415]
	at org.eclipse.jetty.servlet.ServletHandler.doScope(ServletHandler.java:429) [jetty-all-8.1.17.v20150415.jar:8.1.17.v20150415]
	at org.eclipse.jetty.server.session.SessionHandler.doScope(SessionHandler.java:193) [jetty-all-8.1.17.v20150415.jar:8.1.17.v20150415]
	at org.eclipse.jetty.server.handler.ContextHandler.doScope(ContextHandler.java:1020) [jetty-all-8.1.17.v20150415.jar:8.1.17.v20150415]
	at org.eclipse.jetty.server.handler.ScopedHandler.handle(ScopedHandler.java:135) [jetty-all-8.1.17.v20150415.jar:8.1.17.v20150415]
	at org.eclipse.jetty.server.handler.HandlerWrapper.handle(HandlerWrapper.java:116) [jetty-all-8.1.17.v20150415.jar:8.1.17.v20150415]
	at org.eclipse.jetty.server.Server.handle(Server.java:370) [jetty-all-8.1.17.v20150415.jar:8.1.17.v20150415]
	at org.eclipse.jetty.server.AbstractHttpConnection.handleRequest(AbstractHttpConnection.java:494) [jetty-all-8.1.17.v20150415.jar:8.1.17.v20150415]
	at org.eclipse.jetty.server.AbstractHttpConnection.headerComplete(AbstractHttpConnection.java:971) [jetty-all-8.1.17.v20150415.jar:8.1.17.v20150415]
	at org.eclipse.jetty.server.AbstractHttpConnection$RequestHandler.headerComplete(AbstractHttpConnection.java:1033) [jetty-all-8.1.17.v20150415.jar:8.1.17.v20150415]
	at org.eclipse.jetty.http.HttpParser.parseNext(HttpParser.java:644) [jetty-all-8.1.17.v20150415.jar:8.1.17.v20150415]
	at org.eclipse.jetty.http.HttpParser.parseAvailable(HttpParser.java:235) [jetty-all-8.1.17.v20150415.jar:8.1.17.v20150415]
	at org.eclipse.jetty.server.AsyncHttpConnection.handle(AsyncHttpConnection.java:82) [jetty-all-8.1.17.v20150415.jar:8.1.17.v20150415]
	at org.eclipse.jetty.io.nio.SelectChannelEndPoint.handle(SelectChannelEndPoint.java:696) [jetty-all-8.1.17.v20150415.jar:8.1.17.v20150415]
	at org.eclipse.jetty.io.nio.SelectChannelEndPoint$1.run(SelectChannelEndPoint.java:53) [jetty-all-8.1.17.v20150415.jar:8.1.17.v20150415]
	at org.eclipse.jetty.util.thread.QueuedThreadPool.runJob(QueuedThreadPool.java:608) [jetty-all-8.1.17.v20150415.jar:8.1.17.v20150415]
	at org.eclipse.jetty.util.thread.QueuedThreadPool$3.run(QueuedThreadPool.java:543) [jetty-all-8.1.17.v20150415.jar:8.1.17.v20150415]
	at java.lang.Thread.run(Thread.java:748) [na:1.8.0_172]
Caused by: javax.servlet.jsp.JspException: Unable to get connection, DataSource invalid: "java.sql.SQLException: The url cannot be null"
	at org.apache.taglibs.standard.tag.common.sql.QueryTagSupport.getConnection(QueryTagSupport.java:314) ~[org.apache.taglibs.standard.glassfish-1.2.0.v201112081803.jar:na]
	at org.apache.taglibs.standard.tag.common.sql.QueryTagSupport.doStartTag(QueryTagSupport.java:197) ~[org.apache.taglibs.standard.glassfish-1.2.0.v201112081803.jar:na]
	at org.apache.jsp.WEB_002dINF.jsp.myproject.repair_005flog_jsp._jspx_meth_sql_query_0(repair_005flog_jsp.java:309) ~[na:na]
	at org.apache.jsp.WEB_002dINF.jsp.myproject.repair_005flog_jsp._jspx_meth_aos_body_0(repair_005flog_jsp.java:250) ~[na:na]
	at org.apache.jsp.WEB_002dINF.jsp.myproject.repair_005flog_jsp._jspx_meth_aos_html_0(repair_005flog_jsp.java:191) ~[na:na]
	at org.apache.jsp.WEB_002dINF.jsp.myproject.repair_005flog_jsp._jspService(repair_005flog_jsp.java:156) ~[na:na]
	... 60 common frames omitted
2018-08-17 20:38:40 WARN [Class:o.e.j.s.ServletHandler->Thread:qtp540642172-28] /cdz/http/do.jhtml 
javax.servlet.jsp.JspException: Unable to get connection, DataSource invalid: "java.sql.SQLException: The url cannot be null"
	at org.apache.taglibs.standard.tag.common.sql.QueryTagSupport.getConnection(QueryTagSupport.java:314) ~[org.apache.taglibs.standard.glassfish-1.2.0.v201112081803.jar:na]
	at org.apache.taglibs.standard.tag.common.sql.QueryTagSupport.doStartTag(QueryTagSupport.java:197) ~[org.apache.taglibs.standard.glassfish-1.2.0.v201112081803.jar:na]
	at org.apache.jsp.WEB_002dINF.jsp.myproject.repair_005flog_jsp._jspx_meth_sql_query_0(repair_005flog_jsp.java:309) ~[na:na]
	at org.apache.jsp.WEB_002dINF.jsp.myproject.repair_005flog_jsp._jspx_meth_aos_body_0(repair_005flog_jsp.java:250) ~[na:na]
	at org.apache.jsp.WEB_002dINF.jsp.myproject.repair_005flog_jsp._jspx_meth_aos_html_0(repair_005flog_jsp.java:191) ~[na:na]
	at org.apache.jsp.WEB_002dINF.jsp.myproject.repair_005flog_jsp._jspService(repair_005flog_jsp.java:156) ~[na:na]
	at org.apache.jasper.runtime.HttpJspBase.service(HttpJspBase.java:111) ~[org.apache.jasper.glassfish-2.2.2.v201112011158.jar:na]
	at javax.servlet.http.HttpServlet.service(HttpServlet.java:848) ~[javax.servlet-3.0.0.v201112011016.jar:na]
	at org.apache.jasper.servlet.JspServletWrapper.service(JspServletWrapper.java:403) ~[org.apache.jasper.glassfish-2.2.2.v201112011158.jar:na]
	at org.apache.jasper.servlet.JspServlet.serviceJspFile(JspServlet.java:492) ~[org.apache.jasper.glassfish-2.2.2.v201112011158.jar:na]
	at org.apache.jasper.servlet.JspServlet.service(JspServlet.java:378) ~[org.apache.jasper.glassfish-2.2.2.v201112011158.jar:na]
	at javax.servlet.http.HttpServlet.service(HttpServlet.java:848) ~[javax.servlet-3.0.0.v201112011016.jar:na]
	at org.eclipse.jetty.servlet.ServletHolder.handle(ServletHolder.java:684) ~[jetty-all-8.1.17.v20150415.jar:8.1.17.v20150415]
	at org.eclipse.jetty.servlet.ServletHandler.doHandle(ServletHandler.java:503) [jetty-all-8.1.17.v20150415.jar:8.1.17.v20150415]
	at org.eclipse.jetty.server.handler.ScopedHandler.handle(ScopedHandler.java:137) [jetty-all-8.1.17.v20150415.jar:8.1.17.v20150415]
	at org.eclipse.jetty.security.SecurityHandler.handle(SecurityHandler.java:575) [jetty-all-8.1.17.v20150415.jar:8.1.17.v20150415]
	at org.eclipse.jetty.server.session.SessionHandler.doHandle(SessionHandler.java:231) [jetty-all-8.1.17.v20150415.jar:8.1.17.v20150415]
	at org.eclipse.jetty.server.handler.ContextHandler.doHandle(ContextHandler.java:1086) [jetty-all-8.1.17.v20150415.jar:8.1.17.v20150415]
	at org.eclipse.jetty.servlet.ServletHandler.doScope(ServletHandler.java:429) [jetty-all-8.1.17.v20150415.jar:8.1.17.v20150415]
	at org.eclipse.jetty.server.session.SessionHandler.doScope(SessionHandler.java:193) [jetty-all-8.1.17.v20150415.jar:8.1.17.v20150415]
	at org.eclipse.jetty.server.handler.ContextHandler.doScope(ContextHandler.java:1020) [jetty-all-8.1.17.v20150415.jar:8.1.17.v20150415]
	at org.eclipse.jetty.server.handler.ScopedHandler.handle(ScopedHandler.java:135) [jetty-all-8.1.17.v20150415.jar:8.1.17.v20150415]
	at org.eclipse.jetty.server.Dispatcher.forward(Dispatcher.java:276) ~[jetty-all-8.1.17.v20150415.jar:8.1.17.v20150415]
	at org.eclipse.jetty.server.Dispatcher.forward(Dispatcher.java:103) ~[jetty-all-8.1.17.v20150415.jar:8.1.17.v20150415]
	at org.springframework.web.servlet.view.InternalResourceView.renderMergedOutputModel(InternalResourceView.java:238) ~[spring-webmvc-3.2.4.RELEASE.jar:3.2.4.RELEASE]
	at org.springframework.web.servlet.view.AbstractView.render(AbstractView.java:263) ~[spring-webmvc-3.2.4.RELEASE.jar:3.2.4.RELEASE]
	at org.springframework.web.servlet.DispatcherServlet.render(DispatcherServlet.java:1208) ~[spring-webmvc-3.2.4.RELEASE.jar:3.2.4.RELEASE]
	at org.springframework.web.servlet.DispatcherServlet.processDispatchResult(DispatcherServlet.java:992) ~[spring-webmvc-3.2.4.RELEASE.jar:3.2.4.RELEASE]
	at org.springframework.web.servlet.DispatcherServlet.doDispatch(DispatcherServlet.java:939) ~[spring-webmvc-3.2.4.RELEASE.jar:3.2.4.RELEASE]
	at org.springframework.web.servlet.DispatcherServlet.doService(DispatcherServlet.java:856) ~[spring-webmvc-3.2.4.RELEASE.jar:3.2.4.RELEASE]
	at org.springframework.web.servlet.FrameworkServlet.processRequest(FrameworkServlet.java:936) ~[spring-webmvc-3.2.4.RELEASE.jar:3.2.4.RELEASE]
	at org.springframework.web.servlet.FrameworkServlet.doGet(FrameworkServlet.java:827) ~[spring-webmvc-3.2.4.RELEASE.jar:3.2.4.RELEASE]
	at javax.servlet.http.HttpServlet.service(HttpServlet.java:735) ~[javax.servlet-3.0.0.v201112011016.jar:na]
	at org.springframework.web.servlet.FrameworkServlet.service(FrameworkServlet.java:812) ~[spring-webmvc-3.2.4.RELEASE.jar:3.2.4.RELEASE]
	at javax.servlet.http.HttpServlet.service(HttpServlet.java:848) ~[javax.servlet-3.0.0.v201112011016.jar:na]
	at org.eclipse.jetty.servlet.ServletHolder.handle(ServletHolder.java:684) ~[jetty-all-8.1.17.v20150415.jar:8.1.17.v20150415]
	at org.eclipse.jetty.servlet.ServletHandler$CachedChain.doFilter(ServletHandler.java:1496) ~[jetty-all-8.1.17.v20150415.jar:8.1.17.v20150415]
	at aos.framework.web.filter.HttpBackendFilter.doFilter(HttpBackendFilter.java:85) ~[classes/:na]
	at org.eclipse.jetty.servlet.ServletHandler$CachedChain.doFilter(ServletHandler.java:1484) ~[jetty-all-8.1.17.v20150415.jar:8.1.17.v20150415]
	at aos.framework.web.filter.HttpFilter.doFilter(HttpFilter.java:50) ~[classes/:na]
	at org.eclipse.jetty.servlet.ServletHandler$CachedChain.doFilter(ServletHandler.java:1484) ~[jetty-all-8.1.17.v20150415.jar:8.1.17.v20150415]
	at org.springframework.web.filter.CharacterEncodingFilter.doFilterInternal(CharacterEncodingFilter.java:88) ~[spring-web-3.2.4.RELEASE.jar:3.2.4.RELEASE]
	at org.springframework.web.filter.OncePerRequestFilter.doFilter(OncePerRequestFilter.java:107) ~[spring-web-3.2.4.RELEASE.jar:3.2.4.RELEASE]
	at org.eclipse.jetty.servlet.ServletHandler$CachedChain.doFilter(ServletHandler.java:1476) ~[jetty-all-8.1.17.v20150415.jar:8.1.17.v20150415]
	at org.eclipse.jetty.servlet.ServletHandler.doHandle(ServletHandler.java:501) [jetty-all-8.1.17.v20150415.jar:8.1.17.v20150415]
	at org.eclipse.jetty.server.handler.ScopedHandler.handle(ScopedHandler.java:137) [jetty-all-8.1.17.v20150415.jar:8.1.17.v20150415]
	at org.eclipse.jetty.security.SecurityHandler.handle(SecurityHandler.java:557) [jetty-all-8.1.17.v20150415.jar:8.1.17.v20150415]
	at org.eclipse.jetty.server.session.SessionHandler.doHandle(SessionHandler.java:231) [jetty-all-8.1.17.v20150415.jar:8.1.17.v20150415]
	at org.eclipse.jetty.server.handler.ContextHandler.doHandle(ContextHandler.java:1086) [jetty-all-8.1.17.v20150415.jar:8.1.17.v20150415]
	at org.eclipse.jetty.servlet.ServletHandler.doScope(ServletHandler.java:429) [jetty-all-8.1.17.v20150415.jar:8.1.17.v20150415]
	at org.eclipse.jetty.server.session.SessionHandler.doScope(SessionHandler.java:193) [jetty-all-8.1.17.v20150415.jar:8.1.17.v20150415]
	at org.eclipse.jetty.server.handler.ContextHandler.doScope(ContextHandler.java:1020) [jetty-all-8.1.17.v20150415.jar:8.1.17.v20150415]
	at org.eclipse.jetty.server.handler.ScopedHandler.handle(ScopedHandler.java:135) [jetty-all-8.1.17.v20150415.jar:8.1.17.v20150415]
	at org.eclipse.jetty.server.handler.HandlerWrapper.handle(HandlerWrapper.java:116) [jetty-all-8.1.17.v20150415.jar:8.1.17.v20150415]
	at org.eclipse.jetty.server.Server.handle(Server.java:370) [jetty-all-8.1.17.v20150415.jar:8.1.17.v20150415]
	at org.eclipse.jetty.server.AbstractHttpConnection.handleRequest(AbstractHttpConnection.java:494) [jetty-all-8.1.17.v20150415.jar:8.1.17.v20150415]
	at org.eclipse.jetty.server.AbstractHttpConnection.headerComplete(AbstractHttpConnection.java:971) [jetty-all-8.1.17.v20150415.jar:8.1.17.v20150415]
	at org.eclipse.jetty.server.AbstractHttpConnection$RequestHandler.headerComplete(AbstractHttpConnection.java:1033) [jetty-all-8.1.17.v20150415.jar:8.1.17.v20150415]
	at org.eclipse.jetty.http.HttpParser.parseNext(HttpParser.java:644) [jetty-all-8.1.17.v20150415.jar:8.1.17.v20150415]
	at org.eclipse.jetty.http.HttpParser.parseAvailable(HttpParser.java:235) [jetty-all-8.1.17.v20150415.jar:8.1.17.v20150415]
	at org.eclipse.jetty.server.AsyncHttpConnection.handle(AsyncHttpConnection.java:82) [jetty-all-8.1.17.v20150415.jar:8.1.17.v20150415]
	at org.eclipse.jetty.io.nio.SelectChannelEndPoint.handle(SelectChannelEndPoint.java:696) [jetty-all-8.1.17.v20150415.jar:8.1.17.v20150415]
	at org.eclipse.jetty.io.nio.SelectChannelEndPoint$1.run(SelectChannelEndPoint.java:53) [jetty-all-8.1.17.v20150415.jar:8.1.17.v20150415]
	at org.eclipse.jetty.util.thread.QueuedThreadPool.runJob(QueuedThreadPool.java:608) [jetty-all-8.1.17.v20150415.jar:8.1.17.v20150415]
	at org.eclipse.jetty.util.thread.QueuedThreadPool$3.run(QueuedThreadPool.java:543) [jetty-all-8.1.17.v20150415.jar:8.1.17.v20150415]
	at java.lang.Thread.run(Thread.java:748) [na:1.8.0_172]
2018-08-17 20:41:57 ERROR [Class:a.f.c.c.CacheMasterDataService->Thread:qtp540642172-23] 没有获取到Key为[banktype]的数据字典。 
2018-08-17 20:42:47 WARN [Class:o.e.j.s.ServletHandler->Thread:qtp540642172-24]  
org.apache.jasper.JasperException: /WEB-INF/jsp/myproject/repair_log.jsp(10,10) PWC6213: quote symbol expected
	at org.apache.jasper.compiler.DefaultErrorHandler.jspError(DefaultErrorHandler.java:81) ~[org.apache.jasper.glassfish-2.2.2.v201112011158.jar:na]
	at org.apache.jasper.compiler.ErrorDispatcher.dispatch(ErrorDispatcher.java:376) ~[org.apache.jasper.glassfish-2.2.2.v201112011158.jar:na]
	at org.apache.jasper.compiler.ErrorDispatcher.jspError(ErrorDispatcher.java:133) ~[org.apache.jasper.glassfish-2.2.2.v201112011158.jar:na]
	at org.apache.jasper.compiler.Parser.parseAttribute(Parser.java:258) ~[org.apache.jasper.glassfish-2.2.2.v201112011158.jar:na]
	at org.apache.jasper.compiler.Parser.parseAttributes(Parser.java:203) ~[org.apache.jasper.glassfish-2.2.2.v201112011158.jar:na]
	at org.apache.jasper.compiler.Parser.parseCustomTag(Parser.java:1433) ~[org.apache.jasper.glassfish-2.2.2.v201112011158.jar:na]
	at org.apache.jasper.compiler.Parser.parseElements(Parser.java:1675) ~[org.apache.jasper.glassfish-2.2.2.v201112011158.jar:na]
	at org.apache.jasper.compiler.Parser.parseBody(Parser.java:1906) ~[org.apache.jasper.glassfish-2.2.2.v201112011158.jar:na]
	at org.apache.jasper.compiler.Parser.parseOptionalBody(Parser.java:1159) ~[org.apache.jasper.glassfish-2.2.2.v201112011158.jar:na]
	at org.apache.jasper.compiler.Parser.parseCustomTag(Parser.java:1476) ~[org.apache.jasper.glassfish-2.2.2.v201112011158.jar:na]
	at org.apache.jasper.compiler.Parser.parseElements(Parser.java:1675) ~[org.apache.jasper.glassfish-2.2.2.v201112011158.jar:na]
	at org.apache.jasper.compiler.Parser.parseBody(Parser.java:1906) ~[org.apache.jasper.glassfish-2.2.2.v201112011158.jar:na]
	at org.apache.jasper.compiler.Parser.parseOptionalBody(Parser.java:1159) ~[org.apache.jasper.glassfish-2.2.2.v201112011158.jar:na]
	at org.apache.jasper.compiler.Parser.parseCustomTag(Parser.java:1476) ~[org.apache.jasper.glassfish-2.2.2.v201112011158.jar:na]
	at org.apache.jasper.compiler.Parser.parseElements(Parser.java:1675) ~[org.apache.jasper.glassfish-2.2.2.v201112011158.jar:na]
	at org.apache.jasper.compiler.Parser.parse(Parser.java:185) ~[org.apache.jasper.glassfish-2.2.2.v201112011158.jar:na]
	at org.apache.jasper.compiler.ParserController.doParse(ParserController.java:244) ~[org.apache.jasper.glassfish-2.2.2.v201112011158.jar:na]
	at org.apache.jasper.compiler.ParserController.parse(ParserController.java:145) ~[org.apache.jasper.glassfish-2.2.2.v201112011158.jar:na]
	at org.apache.jasper.compiler.Compiler.generateJava(Compiler.java:212) ~[org.apache.jasper.glassfish-2.2.2.v201112011158.jar:na]
	at org.apache.jasper.compiler.Compiler.compile(Compiler.java:451) ~[org.apache.jasper.glassfish-2.2.2.v201112011158.jar:na]
	at org.apache.jasper.JspCompilationContext.compile(JspCompilationContext.java:625) ~[org.apache.jasper.glassfish-2.2.2.v201112011158.jar:na]
	at org.apache.jasper.servlet.JspServletWrapper.service(JspServletWrapper.java:374) ~[org.apache.jasper.glassfish-2.2.2.v201112011158.jar:na]
	at org.apache.jasper.servlet.JspServlet.serviceJspFile(JspServlet.java:492) ~[org.apache.jasper.glassfish-2.2.2.v201112011158.jar:na]
	at org.apache.jasper.servlet.JspServlet.service(JspServlet.java:378) ~[org.apache.jasper.glassfish-2.2.2.v201112011158.jar:na]
	at javax.servlet.http.HttpServlet.service(HttpServlet.java:848) ~[javax.servlet-3.0.0.v201112011016.jar:na]
	at org.eclipse.jetty.servlet.ServletHolder.handle(ServletHolder.java:684) ~[jetty-all-8.1.17.v20150415.jar:8.1.17.v20150415]
	at org.eclipse.jetty.servlet.ServletHandler.doHandle(ServletHandler.java:503) [jetty-all-8.1.17.v20150415.jar:8.1.17.v20150415]
	at org.eclipse.jetty.server.handler.ScopedHandler.handle(ScopedHandler.java:137) [jetty-all-8.1.17.v20150415.jar:8.1.17.v20150415]
	at org.eclipse.jetty.security.SecurityHandler.handle(SecurityHandler.java:575) [jetty-all-8.1.17.v20150415.jar:8.1.17.v20150415]
	at org.eclipse.jetty.server.session.SessionHandler.doHandle(SessionHandler.java:231) [jetty-all-8.1.17.v20150415.jar:8.1.17.v20150415]
	at org.eclipse.jetty.server.handler.ContextHandler.doHandle(ContextHandler.java:1086) [jetty-all-8.1.17.v20150415.jar:8.1.17.v20150415]
	at org.eclipse.jetty.servlet.ServletHandler.doScope(ServletHandler.java:429) [jetty-all-8.1.17.v20150415.jar:8.1.17.v20150415]
	at org.eclipse.jetty.server.session.SessionHandler.doScope(SessionHandler.java:193) [jetty-all-8.1.17.v20150415.jar:8.1.17.v20150415]
	at org.eclipse.jetty.server.handler.ContextHandler.doScope(ContextHandler.java:1020) [jetty-all-8.1.17.v20150415.jar:8.1.17.v20150415]
	at org.eclipse.jetty.server.handler.ScopedHandler.handle(ScopedHandler.java:135) [jetty-all-8.1.17.v20150415.jar:8.1.17.v20150415]
	at org.eclipse.jetty.server.Dispatcher.forward(Dispatcher.java:276) ~[jetty-all-8.1.17.v20150415.jar:8.1.17.v20150415]
	at org.eclipse.jetty.server.Dispatcher.forward(Dispatcher.java:103) ~[jetty-all-8.1.17.v20150415.jar:8.1.17.v20150415]
	at org.springframework.web.servlet.view.InternalResourceView.renderMergedOutputModel(InternalResourceView.java:238) ~[spring-webmvc-3.2.4.RELEASE.jar:3.2.4.RELEASE]
	at org.springframework.web.servlet.view.AbstractView.render(AbstractView.java:263) ~[spring-webmvc-3.2.4.RELEASE.jar:3.2.4.RELEASE]
	at org.springframework.web.servlet.DispatcherServlet.render(DispatcherServlet.java:1208) ~[spring-webmvc-3.2.4.RELEASE.jar:3.2.4.RELEASE]
	at org.springframework.web.servlet.DispatcherServlet.processDispatchResult(DispatcherServlet.java:992) ~[spring-webmvc-3.2.4.RELEASE.jar:3.2.4.RELEASE]
	at org.springframework.web.servlet.DispatcherServlet.doDispatch(DispatcherServlet.java:939) ~[spring-webmvc-3.2.4.RELEASE.jar:3.2.4.RELEASE]
	at org.springframework.web.servlet.DispatcherServlet.doService(DispatcherServlet.java:856) ~[spring-webmvc-3.2.4.RELEASE.jar:3.2.4.RELEASE]
	at org.springframework.web.servlet.FrameworkServlet.processRequest(FrameworkServlet.java:936) ~[spring-webmvc-3.2.4.RELEASE.jar:3.2.4.RELEASE]
	at org.springframework.web.servlet.FrameworkServlet.doGet(FrameworkServlet.java:827) ~[spring-webmvc-3.2.4.RELEASE.jar:3.2.4.RELEASE]
	at javax.servlet.http.HttpServlet.service(HttpServlet.java:735) ~[javax.servlet-3.0.0.v201112011016.jar:na]
	at org.springframework.web.servlet.FrameworkServlet.service(FrameworkServlet.java:812) ~[spring-webmvc-3.2.4.RELEASE.jar:3.2.4.RELEASE]
	at javax.servlet.http.HttpServlet.service(HttpServlet.java:848) ~[javax.servlet-3.0.0.v201112011016.jar:na]
	at org.eclipse.jetty.servlet.ServletHolder.handle(ServletHolder.java:684) ~[jetty-all-8.1.17.v20150415.jar:8.1.17.v20150415]
	at org.eclipse.jetty.servlet.ServletHandler$CachedChain.doFilter(ServletHandler.java:1496) ~[jetty-all-8.1.17.v20150415.jar:8.1.17.v20150415]
	at aos.framework.web.filter.HttpBackendFilter.doFilter(HttpBackendFilter.java:85) ~[classes/:na]
	at org.eclipse.jetty.servlet.ServletHandler$CachedChain.doFilter(ServletHandler.java:1484) ~[jetty-all-8.1.17.v20150415.jar:8.1.17.v20150415]
	at aos.framework.web.filter.HttpFilter.doFilter(HttpFilter.java:50) ~[classes/:na]
	at org.eclipse.jetty.servlet.ServletHandler$CachedChain.doFilter(ServletHandler.java:1484) ~[jetty-all-8.1.17.v20150415.jar:8.1.17.v20150415]
	at org.springframework.web.filter.CharacterEncodingFilter.doFilterInternal(CharacterEncodingFilter.java:88) ~[spring-web-3.2.4.RELEASE.jar:3.2.4.RELEASE]
	at org.springframework.web.filter.OncePerRequestFilter.doFilter(OncePerRequestFilter.java:107) ~[spring-web-3.2.4.RELEASE.jar:3.2.4.RELEASE]
	at org.eclipse.jetty.servlet.ServletHandler$CachedChain.doFilter(ServletHandler.java:1476) ~[jetty-all-8.1.17.v20150415.jar:8.1.17.v20150415]
	at org.eclipse.jetty.servlet.ServletHandler.doHandle(ServletHandler.java:501) [jetty-all-8.1.17.v20150415.jar:8.1.17.v20150415]
	at org.eclipse.jetty.server.handler.ScopedHandler.handle(ScopedHandler.java:137) [jetty-all-8.1.17.v20150415.jar:8.1.17.v20150415]
	at org.eclipse.jetty.security.SecurityHandler.handle(SecurityHandler.java:557) [jetty-all-8.1.17.v20150415.jar:8.1.17.v20150415]
	at org.eclipse.jetty.server.session.SessionHandler.doHandle(SessionHandler.java:231) [jetty-all-8.1.17.v20150415.jar:8.1.17.v20150415]
	at org.eclipse.jetty.server.handler.ContextHandler.doHandle(ContextHandler.java:1086) [jetty-all-8.1.17.v20150415.jar:8.1.17.v20150415]
	at org.eclipse.jetty.servlet.ServletHandler.doScope(ServletHandler.java:429) [jetty-all-8.1.17.v20150415.jar:8.1.17.v20150415]
	at org.eclipse.jetty.server.session.SessionHandler.doScope(SessionHandler.java:193) [jetty-all-8.1.17.v20150415.jar:8.1.17.v20150415]
	at org.eclipse.jetty.server.handler.ContextHandler.doScope(ContextHandler.java:1020) [jetty-all-8.1.17.v20150415.jar:8.1.17.v20150415]
	at org.eclipse.jetty.server.handler.ScopedHandler.handle(ScopedHandler.java:135) [jetty-all-8.1.17.v20150415.jar:8.1.17.v20150415]
	at org.eclipse.jetty.server.handler.HandlerWrapper.handle(HandlerWrapper.java:116) [jetty-all-8.1.17.v20150415.jar:8.1.17.v20150415]
	at org.eclipse.jetty.server.Server.handle(Server.java:370) [jetty-all-8.1.17.v20150415.jar:8.1.17.v20150415]
	at org.eclipse.jetty.server.AbstractHttpConnection.handleRequest(AbstractHttpConnection.java:494) [jetty-all-8.1.17.v20150415.jar:8.1.17.v20150415]
	at org.eclipse.jetty.server.AbstractHttpConnection.headerComplete(AbstractHttpConnection.java:971) [jetty-all-8.1.17.v20150415.jar:8.1.17.v20150415]
	at org.eclipse.jetty.server.AbstractHttpConnection$RequestHandler.headerComplete(AbstractHttpConnection.java:1033) [jetty-all-8.1.17.v20150415.jar:8.1.17.v20150415]
	at org.eclipse.jetty.http.HttpParser.parseNext(HttpParser.java:644) [jetty-all-8.1.17.v20150415.jar:8.1.17.v20150415]
	at org.eclipse.jetty.http.HttpParser.parseAvailable(HttpParser.java:235) [jetty-all-8.1.17.v20150415.jar:8.1.17.v20150415]
	at org.eclipse.jetty.server.AsyncHttpConnection.handle(AsyncHttpConnection.java:82) [jetty-all-8.1.17.v20150415.jar:8.1.17.v20150415]
	at org.eclipse.jetty.io.nio.SelectChannelEndPoint.handle(SelectChannelEndPoint.java:696) [jetty-all-8.1.17.v20150415.jar:8.1.17.v20150415]
	at org.eclipse.jetty.io.nio.SelectChannelEndPoint$1.run(SelectChannelEndPoint.java:53) [jetty-all-8.1.17.v20150415.jar:8.1.17.v20150415]
	at org.eclipse.jetty.util.thread.QueuedThreadPool.runJob(QueuedThreadPool.java:608) [jetty-all-8.1.17.v20150415.jar:8.1.17.v20150415]
	at org.eclipse.jetty.util.thread.QueuedThreadPool$3.run(QueuedThreadPool.java:543) [jetty-all-8.1.17.v20150415.jar:8.1.17.v20150415]
	at java.lang.Thread.run(Thread.java:748) [na:1.8.0_172]
2018-08-17 20:42:47 WARN [Class:o.e.j.s.ServletHandler->Thread:qtp540642172-24] /cdz/http/do.jhtml 
org.apache.jasper.JasperException: /WEB-INF/jsp/myproject/repair_log.jsp(10,10) PWC6213: quote symbol expected
	at org.apache.jasper.compiler.DefaultErrorHandler.jspError(DefaultErrorHandler.java:81) ~[org.apache.jasper.glassfish-2.2.2.v201112011158.jar:na]
	at org.apache.jasper.compiler.ErrorDispatcher.dispatch(ErrorDispatcher.java:376) ~[org.apache.jasper.glassfish-2.2.2.v201112011158.jar:na]
	at org.apache.jasper.compiler.ErrorDispatcher.jspError(ErrorDispatcher.java:133) ~[org.apache.jasper.glassfish-2.2.2.v201112011158.jar:na]
	at org.apache.jasper.compiler.Parser.parseAttribute(Parser.java:258) ~[org.apache.jasper.glassfish-2.2.2.v201112011158.jar:na]
	at org.apache.jasper.compiler.Parser.parseAttributes(Parser.java:203) ~[org.apache.jasper.glassfish-2.2.2.v201112011158.jar:na]
	at org.apache.jasper.compiler.Parser.parseCustomTag(Parser.java:1433) ~[org.apache.jasper.glassfish-2.2.2.v201112011158.jar:na]
	at org.apache.jasper.compiler.Parser.parseElements(Parser.java:1675) ~[org.apache.jasper.glassfish-2.2.2.v201112011158.jar:na]
	at org.apache.jasper.compiler.Parser.parseBody(Parser.java:1906) ~[org.apache.jasper.glassfish-2.2.2.v201112011158.jar:na]
	at org.apache.jasper.compiler.Parser.parseOptionalBody(Parser.java:1159) ~[org.apache.jasper.glassfish-2.2.2.v201112011158.jar:na]
	at org.apache.jasper.compiler.Parser.parseCustomTag(Parser.java:1476) ~[org.apache.jasper.glassfish-2.2.2.v201112011158.jar:na]
	at org.apache.jasper.compiler.Parser.parseElements(Parser.java:1675) ~[org.apache.jasper.glassfish-2.2.2.v201112011158.jar:na]
	at org.apache.jasper.compiler.Parser.parseBody(Parser.java:1906) ~[org.apache.jasper.glassfish-2.2.2.v201112011158.jar:na]
	at org.apache.jasper.compiler.Parser.parseOptionalBody(Parser.java:1159) ~[org.apache.jasper.glassfish-2.2.2.v201112011158.jar:na]
	at org.apache.jasper.compiler.Parser.parseCustomTag(Parser.java:1476) ~[org.apache.jasper.glassfish-2.2.2.v201112011158.jar:na]
	at org.apache.jasper.compiler.Parser.parseElements(Parser.java:1675) ~[org.apache.jasper.glassfish-2.2.2.v201112011158.jar:na]
	at org.apache.jasper.compiler.Parser.parse(Parser.java:185) ~[org.apache.jasper.glassfish-2.2.2.v201112011158.jar:na]
	at org.apache.jasper.compiler.ParserController.doParse(ParserController.java:244) ~[org.apache.jasper.glassfish-2.2.2.v201112011158.jar:na]
	at org.apache.jasper.compiler.ParserController.parse(ParserController.java:145) ~[org.apache.jasper.glassfish-2.2.2.v201112011158.jar:na]
	at org.apache.jasper.compiler.Compiler.generateJava(Compiler.java:212) ~[org.apache.jasper.glassfish-2.2.2.v201112011158.jar:na]
	at org.apache.jasper.compiler.Compiler.compile(Compiler.java:451) ~[org.apache.jasper.glassfish-2.2.2.v201112011158.jar:na]
	at org.apache.jasper.JspCompilationContext.compile(JspCompilationContext.java:625) ~[org.apache.jasper.glassfish-2.2.2.v201112011158.jar:na]
	at org.apache.jasper.servlet.JspServletWrapper.service(JspServletWrapper.java:374) ~[org.apache.jasper.glassfish-2.2.2.v201112011158.jar:na]
	at org.apache.jasper.servlet.JspServlet.serviceJspFile(JspServlet.java:492) ~[org.apache.jasper.glassfish-2.2.2.v201112011158.jar:na]
	at org.apache.jasper.servlet.JspServlet.service(JspServlet.java:378) ~[org.apache.jasper.glassfish-2.2.2.v201112011158.jar:na]
	at javax.servlet.http.HttpServlet.service(HttpServlet.java:848) ~[javax.servlet-3.0.0.v201112011016.jar:na]
	at org.eclipse.jetty.servlet.ServletHolder.handle(ServletHolder.java:684) ~[jetty-all-8.1.17.v20150415.jar:8.1.17.v20150415]
	at org.eclipse.jetty.servlet.ServletHandler.doHandle(ServletHandler.java:503) [jetty-all-8.1.17.v20150415.jar:8.1.17.v20150415]
	at org.eclipse.jetty.server.handler.ScopedHandler.handle(ScopedHandler.java:137) [jetty-all-8.1.17.v20150415.jar:8.1.17.v20150415]
	at org.eclipse.jetty.security.SecurityHandler.handle(SecurityHandler.java:575) [jetty-all-8.1.17.v20150415.jar:8.1.17.v20150415]
	at org.eclipse.jetty.server.session.SessionHandler.doHandle(SessionHandler.java:231) [jetty-all-8.1.17.v20150415.jar:8.1.17.v20150415]
	at org.eclipse.jetty.server.handler.ContextHandler.doHandle(ContextHandler.java:1086) [jetty-all-8.1.17.v20150415.jar:8.1.17.v20150415]
	at org.eclipse.jetty.servlet.ServletHandler.doScope(ServletHandler.java:429) [jetty-all-8.1.17.v20150415.jar:8.1.17.v20150415]
	at org.eclipse.jetty.server.session.SessionHandler.doScope(SessionHandler.java:193) [jetty-all-8.1.17.v20150415.jar:8.1.17.v20150415]
	at org.eclipse.jetty.server.handler.ContextHandler.doScope(ContextHandler.java:1020) [jetty-all-8.1.17.v20150415.jar:8.1.17.v20150415]
	at org.eclipse.jetty.server.handler.ScopedHandler.handle(ScopedHandler.java:135) [jetty-all-8.1.17.v20150415.jar:8.1.17.v20150415]
	at org.eclipse.jetty.server.Dispatcher.forward(Dispatcher.java:276) ~[jetty-all-8.1.17.v20150415.jar:8.1.17.v20150415]
	at org.eclipse.jetty.server.Dispatcher.forward(Dispatcher.java:103) ~[jetty-all-8.1.17.v20150415.jar:8.1.17.v20150415]
	at org.springframework.web.servlet.view.InternalResourceView.renderMergedOutputModel(InternalResourceView.java:238) ~[spring-webmvc-3.2.4.RELEASE.jar:3.2.4.RELEASE]
	at org.springframework.web.servlet.view.AbstractView.render(AbstractView.java:263) ~[spring-webmvc-3.2.4.RELEASE.jar:3.2.4.RELEASE]
	at org.springframework.web.servlet.DispatcherServlet.render(DispatcherServlet.java:1208) ~[spring-webmvc-3.2.4.RELEASE.jar:3.2.4.RELEASE]
	at org.springframework.web.servlet.DispatcherServlet.processDispatchResult(DispatcherServlet.java:992) ~[spring-webmvc-3.2.4.RELEASE.jar:3.2.4.RELEASE]
	at org.springframework.web.servlet.DispatcherServlet.doDispatch(DispatcherServlet.java:939) ~[spring-webmvc-3.2.4.RELEASE.jar:3.2.4.RELEASE]
	at org.springframework.web.servlet.DispatcherServlet.doService(DispatcherServlet.java:856) ~[spring-webmvc-3.2.4.RELEASE.jar:3.2.4.RELEASE]
	at org.springframework.web.servlet.FrameworkServlet.processRequest(FrameworkServlet.java:936) ~[spring-webmvc-3.2.4.RELEASE.jar:3.2.4.RELEASE]
	at org.springframework.web.servlet.FrameworkServlet.doGet(FrameworkServlet.java:827) ~[spring-webmvc-3.2.4.RELEASE.jar:3.2.4.RELEASE]
	at javax.servlet.http.HttpServlet.service(HttpServlet.java:735) ~[javax.servlet-3.0.0.v201112011016.jar:na]
	at org.springframework.web.servlet.FrameworkServlet.service(FrameworkServlet.java:812) ~[spring-webmvc-3.2.4.RELEASE.jar:3.2.4.RELEASE]
	at javax.servlet.http.HttpServlet.service(HttpServlet.java:848) ~[javax.servlet-3.0.0.v201112011016.jar:na]
	at org.eclipse.jetty.servlet.ServletHolder.handle(ServletHolder.java:684) ~[jetty-all-8.1.17.v20150415.jar:8.1.17.v20150415]
	at org.eclipse.jetty.servlet.ServletHandler$CachedChain.doFilter(ServletHandler.java:1496) ~[jetty-all-8.1.17.v20150415.jar:8.1.17.v20150415]
	at aos.framework.web.filter.HttpBackendFilter.doFilter(HttpBackendFilter.java:85) ~[classes/:na]
	at org.eclipse.jetty.servlet.ServletHandler$CachedChain.doFilter(ServletHandler.java:1484) ~[jetty-all-8.1.17.v20150415.jar:8.1.17.v20150415]
	at aos.framework.web.filter.HttpFilter.doFilter(HttpFilter.java:50) ~[classes/:na]
	at org.eclipse.jetty.servlet.ServletHandler$CachedChain.doFilter(ServletHandler.java:1484) ~[jetty-all-8.1.17.v20150415.jar:8.1.17.v20150415]
	at org.springframework.web.filter.CharacterEncodingFilter.doFilterInternal(CharacterEncodingFilter.java:88) ~[spring-web-3.2.4.RELEASE.jar:3.2.4.RELEASE]
	at org.springframework.web.filter.OncePerRequestFilter.doFilter(OncePerRequestFilter.java:107) ~[spring-web-3.2.4.RELEASE.jar:3.2.4.RELEASE]
	at org.eclipse.jetty.servlet.ServletHandler$CachedChain.doFilter(ServletHandler.java:1476) ~[jetty-all-8.1.17.v20150415.jar:8.1.17.v20150415]
	at org.eclipse.jetty.servlet.ServletHandler.doHandle(ServletHandler.java:501) [jetty-all-8.1.17.v20150415.jar:8.1.17.v20150415]
	at org.eclipse.jetty.server.handler.ScopedHandler.handle(ScopedHandler.java:137) [jetty-all-8.1.17.v20150415.jar:8.1.17.v20150415]
	at org.eclipse.jetty.security.SecurityHandler.handle(SecurityHandler.java:557) [jetty-all-8.1.17.v20150415.jar:8.1.17.v20150415]
	at org.eclipse.jetty.server.session.SessionHandler.doHandle(SessionHandler.java:231) [jetty-all-8.1.17.v20150415.jar:8.1.17.v20150415]
	at org.eclipse.jetty.server.handler.ContextHandler.doHandle(ContextHandler.java:1086) [jetty-all-8.1.17.v20150415.jar:8.1.17.v20150415]
	at org.eclipse.jetty.servlet.ServletHandler.doScope(ServletHandler.java:429) [jetty-all-8.1.17.v20150415.jar:8.1.17.v20150415]
	at org.eclipse.jetty.server.session.SessionHandler.doScope(SessionHandler.java:193) [jetty-all-8.1.17.v20150415.jar:8.1.17.v20150415]
	at org.eclipse.jetty.server.handler.ContextHandler.doScope(ContextHandler.java:1020) [jetty-all-8.1.17.v20150415.jar:8.1.17.v20150415]
	at org.eclipse.jetty.server.handler.ScopedHandler.handle(ScopedHandler.java:135) [jetty-all-8.1.17.v20150415.jar:8.1.17.v20150415]
	at org.eclipse.jetty.server.handler.HandlerWrapper.handle(HandlerWrapper.java:116) [jetty-all-8.1.17.v20150415.jar:8.1.17.v20150415]
	at org.eclipse.jetty.server.Server.handle(Server.java:370) [jetty-all-8.1.17.v20150415.jar:8.1.17.v20150415]
	at org.eclipse.jetty.server.AbstractHttpConnection.handleRequest(AbstractHttpConnection.java:494) [jetty-all-8.1.17.v20150415.jar:8.1.17.v20150415]
	at org.eclipse.jetty.server.AbstractHttpConnection.headerComplete(AbstractHttpConnection.java:971) [jetty-all-8.1.17.v20150415.jar:8.1.17.v20150415]
	at org.eclipse.jetty.server.AbstractHttpConnection$RequestHandler.headerComplete(AbstractHttpConnection.java:1033) [jetty-all-8.1.17.v20150415.jar:8.1.17.v20150415]
	at org.eclipse.jetty.http.HttpParser.parseNext(HttpParser.java:644) [jetty-all-8.1.17.v20150415.jar:8.1.17.v20150415]
	at org.eclipse.jetty.http.HttpParser.parseAvailable(HttpParser.java:235) [jetty-all-8.1.17.v20150415.jar:8.1.17.v20150415]
	at org.eclipse.jetty.server.AsyncHttpConnection.handle(AsyncHttpConnection.java:82) [jetty-all-8.1.17.v20150415.jar:8.1.17.v20150415]
	at org.eclipse.jetty.io.nio.SelectChannelEndPoint.handle(SelectChannelEndPoint.java:696) [jetty-all-8.1.17.v20150415.jar:8.1.17.v20150415]
	at org.eclipse.jetty.io.nio.SelectChannelEndPoint$1.run(SelectChannelEndPoint.java:53) [jetty-all-8.1.17.v20150415.jar:8.1.17.v20150415]
	at org.eclipse.jetty.util.thread.QueuedThreadPool.runJob(QueuedThreadPool.java:608) [jetty-all-8.1.17.v20150415.jar:8.1.17.v20150415]
	at org.eclipse.jetty.util.thread.QueuedThreadPool$3.run(QueuedThreadPool.java:543) [jetty-all-8.1.17.v20150415.jar:8.1.17.v20150415]
	at java.lang.Thread.run(Thread.java:748) [na:1.8.0_172]
2018-08-17 20:46:45 ERROR [Class:a.f.c.c.CacheMasterDataService->Thread:qtp540642172-28] 没有获取到Key为[banktype]的数据字典。 
2018-08-17 20:47:38 ERROR [Class:a.f.c.c.CacheMasterDataService->Thread:qtp540642172-26] 没有获取到Key为[banktype]的数据字典。 
2018-08-17 21:23:59 ERROR [Class:a.f.c.c.CacheMasterDataService->Thread:qtp540642172-23] 没有获取到Key为[banktype]的数据字典。 
2018-08-17 21:27:45 ERROR [Class:a.f.c.c.CacheMasterDataService->Thread:qtp540642172-24] 没有获取到Key为[banktype]的数据字典。 
2018-08-17 21:30:15 ERROR [Class:a.f.c.c.CacheMasterDataService->Thread:qtp540642172-26] 没有获取到Key为[banktype]的数据字典。 
