2013-01-09 15:06:35 ERROR [Class:a.f.c.c.CacheMasterDataService->Thread:qtp507084503-27] 没有获取到Key为[banktype]的数据字典。 
2013-01-09 16:52:46 WARN [Class:o.e.j.u.c.AbstractLifeCycle->Thread:main] FAILED SelectChannelConnector@0.0.0.0:9090: java.net.BindException: Address already in use: bind 
java.net.BindException: Address already in use: bind
	at sun.nio.ch.Net.bind0(Native Method) ~[na:1.8.0_172]
	at sun.nio.ch.Net.bind(Net.java:433) ~[na:1.8.0_172]
	at sun.nio.ch.Net.bind(Net.java:425) ~[na:1.8.0_172]
	at sun.nio.ch.ServerSocketChannelImpl.bind(ServerSocketChannelImpl.java:223) ~[na:1.8.0_172]
	at sun.nio.ch.ServerSocketAdaptor.bind(ServerSocketAdaptor.java:74) ~[na:1.8.0_172]
	at org.eclipse.jetty.server.nio.SelectChannelConnector.open(SelectChannelConnector.java:187) ~[jetty-all-8.1.17.v20150415.jar:8.1.17.v20150415]
	at org.eclipse.jetty.server.AbstractConnector.doStart(AbstractConnector.java:316) ~[jetty-all-8.1.17.v20150415.jar:8.1.17.v20150415]
	at org.eclipse.jetty.server.nio.SelectChannelConnector.doStart(SelectChannelConnector.java:265) ~[jetty-all-8.1.17.v20150415.jar:8.1.17.v20150415]
	at org.eclipse.jetty.util.component.AbstractLifeCycle.start(AbstractLifeCycle.java:64) [jetty-all-8.1.17.v20150415.jar:8.1.17.v20150415]
	at org.eclipse.jetty.server.Server.doStart(Server.java:293) [jetty-all-8.1.17.v20150415.jar:8.1.17.v20150415]
	at org.eclipse.jetty.util.component.AbstractLifeCycle.start(AbstractLifeCycle.java:64) [jetty-all-8.1.17.v20150415.jar:8.1.17.v20150415]
	at aos.framework.core.server.AOSServer.start(AOSServer.java:82) [classes/:na]
	at start.CDZStart.main(CDZStart.java:22) [classes/:na]
2013-01-09 16:52:46 WARN [Class:o.e.j.u.c.AbstractLifeCycle->Thread:main] FAILED org.eclipse.jetty.server.Server@6f099cef: java.net.BindException: Address already in use: bind 
java.net.BindException: Address already in use: bind
	at sun.nio.ch.Net.bind0(Native Method) ~[na:1.8.0_172]
	at sun.nio.ch.Net.bind(Net.java:433) ~[na:1.8.0_172]
	at sun.nio.ch.Net.bind(Net.java:425) ~[na:1.8.0_172]
	at sun.nio.ch.ServerSocketChannelImpl.bind(ServerSocketChannelImpl.java:223) ~[na:1.8.0_172]
	at sun.nio.ch.ServerSocketAdaptor.bind(ServerSocketAdaptor.java:74) ~[na:1.8.0_172]
	at org.eclipse.jetty.server.nio.SelectChannelConnector.open(SelectChannelConnector.java:187) ~[jetty-all-8.1.17.v20150415.jar:8.1.17.v20150415]
	at org.eclipse.jetty.server.AbstractConnector.doStart(AbstractConnector.java:316) ~[jetty-all-8.1.17.v20150415.jar:8.1.17.v20150415]
	at org.eclipse.jetty.server.nio.SelectChannelConnector.doStart(SelectChannelConnector.java:265) ~[jetty-all-8.1.17.v20150415.jar:8.1.17.v20150415]
	at org.eclipse.jetty.util.component.AbstractLifeCycle.start(AbstractLifeCycle.java:64) ~[jetty-all-8.1.17.v20150415.jar:8.1.17.v20150415]
	at org.eclipse.jetty.server.Server.doStart(Server.java:293) ~[jetty-all-8.1.17.v20150415.jar:8.1.17.v20150415]
	at org.eclipse.jetty.util.component.AbstractLifeCycle.start(AbstractLifeCycle.java:64) ~[jetty-all-8.1.17.v20150415.jar:8.1.17.v20150415]
	at aos.framework.core.server.AOSServer.start(AOSServer.java:82) [classes/:na]
	at start.CDZStart.main(CDZStart.java:22) [classes/:na]
2013-01-09 16:52:47 ERROR [Class:a.f.c.s.AOSServer->Thread:main] 项目启动失败 
2013-01-09 17:07:47 ERROR [Class:a.f.c.c.CacheMasterDataService->Thread:qtp507084503-36] 没有获取到Key为[banktype]的数据字典。 
