2018-08-20 08:48:15 WARN [Class:o.e.j.u.c.AbstractLifeCycle->Thread:main] FAILED SelectChannelConnector@0.0.0.0:9090: java.net.BindException: Address already in use: bind 
java.net.BindException: Address already in use: bind
	at sun.nio.ch.Net.bind0(Native Method) ~[na:1.8.0_172]
	at sun.nio.ch.Net.bind(Net.java:433) ~[na:1.8.0_172]
	at sun.nio.ch.Net.bind(Net.java:425) ~[na:1.8.0_172]
	at sun.nio.ch.ServerSocketChannelImpl.bind(ServerSocketChannelImpl.java:223) ~[na:1.8.0_172]
	at sun.nio.ch.ServerSocketAdaptor.bind(ServerSocketAdaptor.java:74) ~[na:1.8.0_172]
	at org.eclipse.jetty.server.nio.SelectChannelConnector.open(SelectChannelConnector.java:187) ~[jetty-all-8.1.17.v20150415.jar:8.1.17.v20150415]
	at org.eclipse.jetty.server.AbstractConnector.doStart(AbstractConnector.java:316) ~[jetty-all-8.1.17.v20150415.jar:8.1.17.v20150415]
	at org.eclipse.jetty.server.nio.SelectChannelConnector.doStart(SelectChannelConnector.java:265) ~[jetty-all-8.1.17.v20150415.jar:8.1.17.v20150415]
	at org.eclipse.jetty.util.component.AbstractLifeCycle.start(AbstractLifeCycle.java:64) [jetty-all-8.1.17.v20150415.jar:8.1.17.v20150415]
	at org.eclipse.jetty.server.Server.doStart(Server.java:293) [jetty-all-8.1.17.v20150415.jar:8.1.17.v20150415]
	at org.eclipse.jetty.util.component.AbstractLifeCycle.start(AbstractLifeCycle.java:64) [jetty-all-8.1.17.v20150415.jar:8.1.17.v20150415]
	at aos.framework.core.server.AOSServer.start(AOSServer.java:82) [classes/:na]
	at start.CDZStart.main(CDZStart.java:22) [classes/:na]
2018-08-20 08:48:15 WARN [Class:o.e.j.u.c.AbstractLifeCycle->Thread:main] FAILED org.eclipse.jetty.server.Server@30135202: java.net.BindException: Address already in use: bind 
java.net.BindException: Address already in use: bind
	at sun.nio.ch.Net.bind0(Native Method) ~[na:1.8.0_172]
	at sun.nio.ch.Net.bind(Net.java:433) ~[na:1.8.0_172]
	at sun.nio.ch.Net.bind(Net.java:425) ~[na:1.8.0_172]
	at sun.nio.ch.ServerSocketChannelImpl.bind(ServerSocketChannelImpl.java:223) ~[na:1.8.0_172]
	at sun.nio.ch.ServerSocketAdaptor.bind(ServerSocketAdaptor.java:74) ~[na:1.8.0_172]
	at org.eclipse.jetty.server.nio.SelectChannelConnector.open(SelectChannelConnector.java:187) ~[jetty-all-8.1.17.v20150415.jar:8.1.17.v20150415]
	at org.eclipse.jetty.server.AbstractConnector.doStart(AbstractConnector.java:316) ~[jetty-all-8.1.17.v20150415.jar:8.1.17.v20150415]
	at org.eclipse.jetty.server.nio.SelectChannelConnector.doStart(SelectChannelConnector.java:265) ~[jetty-all-8.1.17.v20150415.jar:8.1.17.v20150415]
	at org.eclipse.jetty.util.component.AbstractLifeCycle.start(AbstractLifeCycle.java:64) ~[jetty-all-8.1.17.v20150415.jar:8.1.17.v20150415]
	at org.eclipse.jetty.server.Server.doStart(Server.java:293) ~[jetty-all-8.1.17.v20150415.jar:8.1.17.v20150415]
	at org.eclipse.jetty.util.component.AbstractLifeCycle.start(AbstractLifeCycle.java:64) ~[jetty-all-8.1.17.v20150415.jar:8.1.17.v20150415]
	at aos.framework.core.server.AOSServer.start(AOSServer.java:82) [classes/:na]
	at start.CDZStart.main(CDZStart.java:22) [classes/:na]
2018-08-20 08:48:15 ERROR [Class:a.f.c.s.AOSServer->Thread:main] 项目启动失败 
2018-08-20 09:04:02 ERROR [Class:a.f.c.c.CacheMasterDataService->Thread:qtp2129144075-31] 没有获取到Key为[banktype]的数据字典。 
2018-08-20 09:05:00 ERROR [Class:a.f.c.c.CacheMasterDataService->Thread:qtp2129144075-27] 没有获取到Key为[banktype]的数据字典。 
2018-08-20 09:05:12 ERROR [Class:a.f.c.c.CacheMasterDataService->Thread:qtp2129144075-31] 没有获取到Key为[banktype]的数据字典。 
2018-08-20 09:05:50 ERROR [Class:a.f.c.c.CacheMasterDataService->Thread:qtp2129144075-26] 没有获取到Key为[banktype]的数据字典。 
2018-08-20 09:06:38 ERROR [Class:a.f.c.c.CacheMasterDataService->Thread:qtp2129144075-28] 没有获取到Key为[banktype]的数据字典。 
2018-08-20 09:07:42 ERROR [Class:a.f.c.c.CacheMasterDataService->Thread:qtp2129144075-31] 没有获取到Key为[banktype]的数据字典。 
2018-08-20 09:08:50 ERROR [Class:a.f.c.c.CacheMasterDataService->Thread:qtp2129144075-27] 没有获取到Key为[banktype]的数据字典。 
2018-08-20 09:09:01 WARN [Class:o.e.j.s.ServletHandler->Thread:qtp2129144075-29]  
org.springframework.web.util.NestedServletException: Request processing failed; nested exception is aos.framework.core.exception.AOSException: 系统繁忙，请稍后再试。
	at org.springframework.web.servlet.FrameworkServlet.processRequest(FrameworkServlet.java:948) ~[spring-webmvc-3.2.4.RELEASE.jar:3.2.4.RELEASE]
	at org.springframework.web.servlet.FrameworkServlet.doPost(FrameworkServlet.java:838) ~[spring-webmvc-3.2.4.RELEASE.jar:3.2.4.RELEASE]
	at javax.servlet.http.HttpServlet.service(HttpServlet.java:755) ~[javax.servlet-3.0.0.v201112011016.jar:na]
	at org.springframework.web.servlet.FrameworkServlet.service(FrameworkServlet.java:812) ~[spring-webmvc-3.2.4.RELEASE.jar:3.2.4.RELEASE]
	at javax.servlet.http.HttpServlet.service(HttpServlet.java:848) ~[javax.servlet-3.0.0.v201112011016.jar:na]
	at org.eclipse.jetty.servlet.ServletHolder.handle(ServletHolder.java:684) ~[jetty-all-8.1.17.v20150415.jar:8.1.17.v20150415]
	at org.eclipse.jetty.servlet.ServletHandler$CachedChain.doFilter(ServletHandler.java:1496) ~[jetty-all-8.1.17.v20150415.jar:8.1.17.v20150415]
	at aos.framework.web.filter.HttpBackendFilter.doFilter(HttpBackendFilter.java:85) ~[classes/:na]
	at org.eclipse.jetty.servlet.ServletHandler$CachedChain.doFilter(ServletHandler.java:1484) ~[jetty-all-8.1.17.v20150415.jar:8.1.17.v20150415]
	at aos.framework.web.filter.HttpFilter.doFilter(HttpFilter.java:50) ~[classes/:na]
	at org.eclipse.jetty.servlet.ServletHandler$CachedChain.doFilter(ServletHandler.java:1484) ~[jetty-all-8.1.17.v20150415.jar:8.1.17.v20150415]
	at org.springframework.web.filter.CharacterEncodingFilter.doFilterInternal(CharacterEncodingFilter.java:88) ~[spring-web-3.2.4.RELEASE.jar:3.2.4.RELEASE]
	at org.springframework.web.filter.OncePerRequestFilter.doFilter(OncePerRequestFilter.java:107) ~[spring-web-3.2.4.RELEASE.jar:3.2.4.RELEASE]
	at org.eclipse.jetty.servlet.ServletHandler$CachedChain.doFilter(ServletHandler.java:1476) ~[jetty-all-8.1.17.v20150415.jar:8.1.17.v20150415]
	at org.eclipse.jetty.servlet.ServletHandler.doHandle(ServletHandler.java:501) [jetty-all-8.1.17.v20150415.jar:8.1.17.v20150415]
	at org.eclipse.jetty.server.handler.ScopedHandler.handle(ScopedHandler.java:137) [jetty-all-8.1.17.v20150415.jar:8.1.17.v20150415]
	at org.eclipse.jetty.security.SecurityHandler.handle(SecurityHandler.java:557) [jetty-all-8.1.17.v20150415.jar:8.1.17.v20150415]
	at org.eclipse.jetty.server.session.SessionHandler.doHandle(SessionHandler.java:231) [jetty-all-8.1.17.v20150415.jar:8.1.17.v20150415]
	at org.eclipse.jetty.server.handler.ContextHandler.doHandle(ContextHandler.java:1086) [jetty-all-8.1.17.v20150415.jar:8.1.17.v20150415]
	at org.eclipse.jetty.servlet.ServletHandler.doScope(ServletHandler.java:429) [jetty-all-8.1.17.v20150415.jar:8.1.17.v20150415]
	at org.eclipse.jetty.server.session.SessionHandler.doScope(SessionHandler.java:193) [jetty-all-8.1.17.v20150415.jar:8.1.17.v20150415]
	at org.eclipse.jetty.server.handler.ContextHandler.doScope(ContextHandler.java:1020) [jetty-all-8.1.17.v20150415.jar:8.1.17.v20150415]
	at org.eclipse.jetty.server.handler.ScopedHandler.handle(ScopedHandler.java:135) [jetty-all-8.1.17.v20150415.jar:8.1.17.v20150415]
	at org.eclipse.jetty.server.handler.HandlerWrapper.handle(HandlerWrapper.java:116) [jetty-all-8.1.17.v20150415.jar:8.1.17.v20150415]
	at org.eclipse.jetty.server.Server.handle(Server.java:370) [jetty-all-8.1.17.v20150415.jar:8.1.17.v20150415]
	at org.eclipse.jetty.server.AbstractHttpConnection.handleRequest(AbstractHttpConnection.java:494) [jetty-all-8.1.17.v20150415.jar:8.1.17.v20150415]
	at org.eclipse.jetty.server.AbstractHttpConnection.content(AbstractHttpConnection.java:982) [jetty-all-8.1.17.v20150415.jar:8.1.17.v20150415]
	at org.eclipse.jetty.server.AbstractHttpConnection$RequestHandler.content(AbstractHttpConnection.java:1043) [jetty-all-8.1.17.v20150415.jar:8.1.17.v20150415]
	at org.eclipse.jetty.http.HttpParser.parseNext(HttpParser.java:865) [jetty-all-8.1.17.v20150415.jar:8.1.17.v20150415]
	at org.eclipse.jetty.http.HttpParser.parseAvailable(HttpParser.java:240) [jetty-all-8.1.17.v20150415.jar:8.1.17.v20150415]
	at org.eclipse.jetty.server.AsyncHttpConnection.handle(AsyncHttpConnection.java:82) [jetty-all-8.1.17.v20150415.jar:8.1.17.v20150415]
	at org.eclipse.jetty.io.nio.SelectChannelEndPoint.handle(SelectChannelEndPoint.java:696) [jetty-all-8.1.17.v20150415.jar:8.1.17.v20150415]
	at org.eclipse.jetty.io.nio.SelectChannelEndPoint$1.run(SelectChannelEndPoint.java:53) [jetty-all-8.1.17.v20150415.jar:8.1.17.v20150415]
	at org.eclipse.jetty.util.thread.QueuedThreadPool.runJob(QueuedThreadPool.java:608) [jetty-all-8.1.17.v20150415.jar:8.1.17.v20150415]
	at org.eclipse.jetty.util.thread.QueuedThreadPool$3.run(QueuedThreadPool.java:543) [jetty-all-8.1.17.v20150415.jar:8.1.17.v20150415]
	at java.lang.Thread.run(Thread.java:748) [na:1.8.0_172]
Caused by: aos.framework.core.exception.AOSException: 系统繁忙，请稍后再试。
	at aos.framework.web.router.HttpRouterController.execute(HttpRouterController.java:76) ~[classes/:na]
	at sun.reflect.GeneratedMethodAccessor56.invoke(Unknown Source) ~[na:na]
	at sun.reflect.DelegatingMethodAccessorImpl.invoke(DelegatingMethodAccessorImpl.java:43) ~[na:1.8.0_172]
	at java.lang.reflect.Method.invoke(Method.java:498) ~[na:1.8.0_172]
	at org.springframework.web.method.support.InvocableHandlerMethod.invoke(InvocableHandlerMethod.java:219) ~[spring-web-3.2.4.RELEASE.jar:3.2.4.RELEASE]
	at org.springframework.web.method.support.InvocableHandlerMethod.invokeForRequest(InvocableHandlerMethod.java:132) ~[spring-web-3.2.4.RELEASE.jar:3.2.4.RELEASE]
	at org.springframework.web.servlet.mvc.method.annotation.ServletInvocableHandlerMethod.invokeAndHandle(ServletInvocableHandlerMethod.java:104) ~[spring-webmvc-3.2.4.RELEASE.jar:3.2.4.RELEASE]
	at org.springframework.web.servlet.mvc.method.annotation.RequestMappingHandlerAdapter.invokeHandleMethod(RequestMappingHandlerAdapter.java:745) ~[spring-webmvc-3.2.4.RELEASE.jar:3.2.4.RELEASE]
	at org.springframework.web.servlet.mvc.method.annotation.RequestMappingHandlerAdapter.handleInternal(RequestMappingHandlerAdapter.java:686) ~[spring-webmvc-3.2.4.RELEASE.jar:3.2.4.RELEASE]
	at org.springframework.web.servlet.mvc.method.AbstractHandlerMethodAdapter.handle(AbstractHandlerMethodAdapter.java:80) ~[spring-webmvc-3.2.4.RELEASE.jar:3.2.4.RELEASE]
	at org.springframework.web.servlet.DispatcherServlet.doDispatch(DispatcherServlet.java:925) ~[spring-webmvc-3.2.4.RELEASE.jar:3.2.4.RELEASE]
	at org.springframework.web.servlet.DispatcherServlet.doService(DispatcherServlet.java:856) ~[spring-webmvc-3.2.4.RELEASE.jar:3.2.4.RELEASE]
	at org.springframework.web.servlet.FrameworkServlet.processRequest(FrameworkServlet.java:936) ~[spring-webmvc-3.2.4.RELEASE.jar:3.2.4.RELEASE]
	... 35 common frames omitted
2018-08-20 09:09:01 WARN [Class:o.e.j.s.ServletHandler->Thread:qtp2129144075-29] /cdz/http/do.jhtml 
aos.framework.core.exception.AOSException: 系统繁忙，请稍后再试。
	at aos.framework.web.router.HttpRouterController.execute(HttpRouterController.java:76) ~[classes/:na]
	at sun.reflect.GeneratedMethodAccessor56.invoke(Unknown Source) ~[na:na]
	at sun.reflect.DelegatingMethodAccessorImpl.invoke(DelegatingMethodAccessorImpl.java:43) ~[na:1.8.0_172]
	at java.lang.reflect.Method.invoke(Method.java:498) ~[na:1.8.0_172]
	at org.springframework.web.method.support.InvocableHandlerMethod.invoke(InvocableHandlerMethod.java:219) ~[spring-web-3.2.4.RELEASE.jar:3.2.4.RELEASE]
	at org.springframework.web.method.support.InvocableHandlerMethod.invokeForRequest(InvocableHandlerMethod.java:132) ~[spring-web-3.2.4.RELEASE.jar:3.2.4.RELEASE]
	at org.springframework.web.servlet.mvc.method.annotation.ServletInvocableHandlerMethod.invokeAndHandle(ServletInvocableHandlerMethod.java:104) ~[spring-webmvc-3.2.4.RELEASE.jar:3.2.4.RELEASE]
	at org.springframework.web.servlet.mvc.method.annotation.RequestMappingHandlerAdapter.invokeHandleMethod(RequestMappingHandlerAdapter.java:745) ~[spring-webmvc-3.2.4.RELEASE.jar:3.2.4.RELEASE]
	at org.springframework.web.servlet.mvc.method.annotation.RequestMappingHandlerAdapter.handleInternal(RequestMappingHandlerAdapter.java:686) ~[spring-webmvc-3.2.4.RELEASE.jar:3.2.4.RELEASE]
	at org.springframework.web.servlet.mvc.method.AbstractHandlerMethodAdapter.handle(AbstractHandlerMethodAdapter.java:80) ~[spring-webmvc-3.2.4.RELEASE.jar:3.2.4.RELEASE]
	at org.springframework.web.servlet.DispatcherServlet.doDispatch(DispatcherServlet.java:925) ~[spring-webmvc-3.2.4.RELEASE.jar:3.2.4.RELEASE]
	at org.springframework.web.servlet.DispatcherServlet.doService(DispatcherServlet.java:856) ~[spring-webmvc-3.2.4.RELEASE.jar:3.2.4.RELEASE]
	at org.springframework.web.servlet.FrameworkServlet.processRequest(FrameworkServlet.java:936) ~[spring-webmvc-3.2.4.RELEASE.jar:3.2.4.RELEASE]
	at org.springframework.web.servlet.FrameworkServlet.doPost(FrameworkServlet.java:838) ~[spring-webmvc-3.2.4.RELEASE.jar:3.2.4.RELEASE]
	at javax.servlet.http.HttpServlet.service(HttpServlet.java:755) ~[javax.servlet-3.0.0.v201112011016.jar:na]
	at org.springframework.web.servlet.FrameworkServlet.service(FrameworkServlet.java:812) ~[spring-webmvc-3.2.4.RELEASE.jar:3.2.4.RELEASE]
	at javax.servlet.http.HttpServlet.service(HttpServlet.java:848) ~[javax.servlet-3.0.0.v201112011016.jar:na]
	at org.eclipse.jetty.servlet.ServletHolder.handle(ServletHolder.java:684) ~[jetty-all-8.1.17.v20150415.jar:8.1.17.v20150415]
	at org.eclipse.jetty.servlet.ServletHandler$CachedChain.doFilter(ServletHandler.java:1496) ~[jetty-all-8.1.17.v20150415.jar:8.1.17.v20150415]
	at aos.framework.web.filter.HttpBackendFilter.doFilter(HttpBackendFilter.java:85) ~[classes/:na]
	at org.eclipse.jetty.servlet.ServletHandler$CachedChain.doFilter(ServletHandler.java:1484) ~[jetty-all-8.1.17.v20150415.jar:8.1.17.v20150415]
	at aos.framework.web.filter.HttpFilter.doFilter(HttpFilter.java:50) ~[classes/:na]
	at org.eclipse.jetty.servlet.ServletHandler$CachedChain.doFilter(ServletHandler.java:1484) ~[jetty-all-8.1.17.v20150415.jar:8.1.17.v20150415]
	at org.springframework.web.filter.CharacterEncodingFilter.doFilterInternal(CharacterEncodingFilter.java:88) ~[spring-web-3.2.4.RELEASE.jar:3.2.4.RELEASE]
	at org.springframework.web.filter.OncePerRequestFilter.doFilter(OncePerRequestFilter.java:107) ~[spring-web-3.2.4.RELEASE.jar:3.2.4.RELEASE]
	at org.eclipse.jetty.servlet.ServletHandler$CachedChain.doFilter(ServletHandler.java:1476) ~[jetty-all-8.1.17.v20150415.jar:8.1.17.v20150415]
	at org.eclipse.jetty.servlet.ServletHandler.doHandle(ServletHandler.java:501) [jetty-all-8.1.17.v20150415.jar:8.1.17.v20150415]
	at org.eclipse.jetty.server.handler.ScopedHandler.handle(ScopedHandler.java:137) [jetty-all-8.1.17.v20150415.jar:8.1.17.v20150415]
	at org.eclipse.jetty.security.SecurityHandler.handle(SecurityHandler.java:557) [jetty-all-8.1.17.v20150415.jar:8.1.17.v20150415]
	at org.eclipse.jetty.server.session.SessionHandler.doHandle(SessionHandler.java:231) [jetty-all-8.1.17.v20150415.jar:8.1.17.v20150415]
	at org.eclipse.jetty.server.handler.ContextHandler.doHandle(ContextHandler.java:1086) [jetty-all-8.1.17.v20150415.jar:8.1.17.v20150415]
	at org.eclipse.jetty.servlet.ServletHandler.doScope(ServletHandler.java:429) [jetty-all-8.1.17.v20150415.jar:8.1.17.v20150415]
	at org.eclipse.jetty.server.session.SessionHandler.doScope(SessionHandler.java:193) [jetty-all-8.1.17.v20150415.jar:8.1.17.v20150415]
	at org.eclipse.jetty.server.handler.ContextHandler.doScope(ContextHandler.java:1020) [jetty-all-8.1.17.v20150415.jar:8.1.17.v20150415]
	at org.eclipse.jetty.server.handler.ScopedHandler.handle(ScopedHandler.java:135) [jetty-all-8.1.17.v20150415.jar:8.1.17.v20150415]
	at org.eclipse.jetty.server.handler.HandlerWrapper.handle(HandlerWrapper.java:116) [jetty-all-8.1.17.v20150415.jar:8.1.17.v20150415]
	at org.eclipse.jetty.server.Server.handle(Server.java:370) [jetty-all-8.1.17.v20150415.jar:8.1.17.v20150415]
	at org.eclipse.jetty.server.AbstractHttpConnection.handleRequest(AbstractHttpConnection.java:494) [jetty-all-8.1.17.v20150415.jar:8.1.17.v20150415]
	at org.eclipse.jetty.server.AbstractHttpConnection.content(AbstractHttpConnection.java:982) [jetty-all-8.1.17.v20150415.jar:8.1.17.v20150415]
	at org.eclipse.jetty.server.AbstractHttpConnection$RequestHandler.content(AbstractHttpConnection.java:1043) [jetty-all-8.1.17.v20150415.jar:8.1.17.v20150415]
	at org.eclipse.jetty.http.HttpParser.parseNext(HttpParser.java:865) [jetty-all-8.1.17.v20150415.jar:8.1.17.v20150415]
	at org.eclipse.jetty.http.HttpParser.parseAvailable(HttpParser.java:240) [jetty-all-8.1.17.v20150415.jar:8.1.17.v20150415]
	at org.eclipse.jetty.server.AsyncHttpConnection.handle(AsyncHttpConnection.java:82) [jetty-all-8.1.17.v20150415.jar:8.1.17.v20150415]
	at org.eclipse.jetty.io.nio.SelectChannelEndPoint.handle(SelectChannelEndPoint.java:696) [jetty-all-8.1.17.v20150415.jar:8.1.17.v20150415]
	at org.eclipse.jetty.io.nio.SelectChannelEndPoint$1.run(SelectChannelEndPoint.java:53) [jetty-all-8.1.17.v20150415.jar:8.1.17.v20150415]
	at org.eclipse.jetty.util.thread.QueuedThreadPool.runJob(QueuedThreadPool.java:608) [jetty-all-8.1.17.v20150415.jar:8.1.17.v20150415]
	at org.eclipse.jetty.util.thread.QueuedThreadPool$3.run(QueuedThreadPool.java:543) [jetty-all-8.1.17.v20150415.jar:8.1.17.v20150415]
	at java.lang.Thread.run(Thread.java:748) [na:1.8.0_172]
2018-08-20 09:12:42 ERROR [Class:a.f.c.c.CacheMasterDataService->Thread:qtp2129144075-29] 没有获取到Key为[banktype]的数据字典。 
2018-08-20 09:14:10 ERROR [Class:a.f.c.c.CacheMasterDataService->Thread:qtp2129144075-26] 没有获取到Key为[banktype]的数据字典。 
2018-08-20 09:23:35 ERROR [Class:a.f.c.c.CacheMasterDataService->Thread:qtp540642172-28] 没有获取到Key为[banktype]的数据字典。 
2018-08-20 09:24:20 ERROR [Class:a.f.c.c.CacheMasterDataService->Thread:qtp540642172-25] 没有获取到Key为[banktype]的数据字典。 
2018-08-20 09:24:35 ERROR [Class:a.f.c.c.CacheMasterDataService->Thread:qtp540642172-23] 没有获取到Key为[banktype]的数据字典。 
2018-08-20 09:24:43 ERROR [Class:a.f.c.c.CacheMasterDataService->Thread:qtp540642172-24] 没有获取到Key为[banktype]的数据字典。 
2018-08-20 09:25:24 ERROR [Class:a.f.c.c.CacheMasterDataService->Thread:qtp540642172-24] 没有获取到Key为[banktype]的数据字典。 
2018-08-20 09:29:46 ERROR [Class:a.f.c.c.CacheMasterDataService->Thread:qtp540642172-24] 没有获取到Key为[banktype]的数据字典。 
2018-08-20 09:30:02 ERROR [Class:a.f.c.c.CacheMasterDataService->Thread:qtp540642172-26] 没有获取到Key为[banktype]的数据字典。 
2018-08-20 09:30:47 ERROR [Class:a.f.c.c.CacheMasterDataService->Thread:qtp540642172-24] 没有获取到Key为[banktype]的数据字典。 
2018-08-20 09:30:58 ERROR [Class:a.f.c.c.CacheMasterDataService->Thread:qtp540642172-27] 没有获取到Key为[banktype]的数据字典。 
2018-08-20 09:31:38 ERROR [Class:a.f.c.c.CacheMasterDataService->Thread:qtp540642172-35] 没有获取到Key为[banktype]的数据字典。 
2018-08-20 09:32:10 ERROR [Class:a.f.c.c.CacheMasterDataService->Thread:qtp540642172-24] 没有获取到Key为[banktype]的数据字典。 
2018-08-20 09:32:39 ERROR [Class:a.f.c.c.CacheMasterDataService->Thread:qtp540642172-35] 没有获取到Key为[banktype]的数据字典。 
2018-08-20 09:33:00 ERROR [Class:a.f.c.c.CacheMasterDataService->Thread:qtp540642172-37] 没有获取到Key为[banktype]的数据字典。 
2018-08-20 09:34:05 ERROR [Class:a.f.c.c.CacheMasterDataService->Thread:qtp2129144075-26] 没有获取到Key为[banktype]的数据字典。 
2018-08-20 09:34:35 ERROR [Class:a.f.c.c.CacheMasterDataService->Thread:qtp2129144075-28] 没有获取到Key为[banktype]的数据字典。 
2018-08-20 09:35:13 ERROR [Class:a.f.c.c.CacheMasterDataService->Thread:qtp540642172-25] 没有获取到Key为[banktype]的数据字典。 
2018-08-20 09:35:47 ERROR [Class:a.f.c.c.CacheMasterDataService->Thread:qtp540642172-25] 没有获取到Key为[banktype]的数据字典。 
2018-08-20 09:39:23 ERROR [Class:a.f.c.c.CacheMasterDataService->Thread:qtp2129144075-27] 没有获取到Key为[banktype]的数据字典。 
2018-08-20 09:41:03 ERROR [Class:a.f.c.c.CacheMasterDataService->Thread:qtp2129144075-30] 没有获取到Key为[banktype]的数据字典。 
2018-08-20 09:41:14 WARN [Class:o.e.j.s.ServletHandler->Thread:qtp2129144075-28]  
org.springframework.web.util.NestedServletException: Request processing failed; nested exception is aos.framework.core.exception.AOSException: 系统繁忙，请稍后再试。
	at org.springframework.web.servlet.FrameworkServlet.processRequest(FrameworkServlet.java:948) ~[spring-webmvc-3.2.4.RELEASE.jar:3.2.4.RELEASE]
	at org.springframework.web.servlet.FrameworkServlet.doPost(FrameworkServlet.java:838) ~[spring-webmvc-3.2.4.RELEASE.jar:3.2.4.RELEASE]
	at javax.servlet.http.HttpServlet.service(HttpServlet.java:755) ~[javax.servlet-3.0.0.v201112011016.jar:na]
	at org.springframework.web.servlet.FrameworkServlet.service(FrameworkServlet.java:812) ~[spring-webmvc-3.2.4.RELEASE.jar:3.2.4.RELEASE]
	at javax.servlet.http.HttpServlet.service(HttpServlet.java:848) ~[javax.servlet-3.0.0.v201112011016.jar:na]
	at org.eclipse.jetty.servlet.ServletHolder.handle(ServletHolder.java:684) ~[jetty-all-8.1.17.v20150415.jar:8.1.17.v20150415]
	at org.eclipse.jetty.servlet.ServletHandler$CachedChain.doFilter(ServletHandler.java:1496) ~[jetty-all-8.1.17.v20150415.jar:8.1.17.v20150415]
	at aos.framework.web.filter.HttpBackendFilter.doFilter(HttpBackendFilter.java:85) ~[classes/:na]
	at org.eclipse.jetty.servlet.ServletHandler$CachedChain.doFilter(ServletHandler.java:1484) ~[jetty-all-8.1.17.v20150415.jar:8.1.17.v20150415]
	at aos.framework.web.filter.HttpFilter.doFilter(HttpFilter.java:50) ~[classes/:na]
	at org.eclipse.jetty.servlet.ServletHandler$CachedChain.doFilter(ServletHandler.java:1484) ~[jetty-all-8.1.17.v20150415.jar:8.1.17.v20150415]
	at org.springframework.web.filter.CharacterEncodingFilter.doFilterInternal(CharacterEncodingFilter.java:88) ~[spring-web-3.2.4.RELEASE.jar:3.2.4.RELEASE]
	at org.springframework.web.filter.OncePerRequestFilter.doFilter(OncePerRequestFilter.java:107) ~[spring-web-3.2.4.RELEASE.jar:3.2.4.RELEASE]
	at org.eclipse.jetty.servlet.ServletHandler$CachedChain.doFilter(ServletHandler.java:1476) ~[jetty-all-8.1.17.v20150415.jar:8.1.17.v20150415]
	at org.eclipse.jetty.servlet.ServletHandler.doHandle(ServletHandler.java:501) [jetty-all-8.1.17.v20150415.jar:8.1.17.v20150415]
	at org.eclipse.jetty.server.handler.ScopedHandler.handle(ScopedHandler.java:137) [jetty-all-8.1.17.v20150415.jar:8.1.17.v20150415]
	at org.eclipse.jetty.security.SecurityHandler.handle(SecurityHandler.java:557) [jetty-all-8.1.17.v20150415.jar:8.1.17.v20150415]
	at org.eclipse.jetty.server.session.SessionHandler.doHandle(SessionHandler.java:231) [jetty-all-8.1.17.v20150415.jar:8.1.17.v20150415]
	at org.eclipse.jetty.server.handler.ContextHandler.doHandle(ContextHandler.java:1086) [jetty-all-8.1.17.v20150415.jar:8.1.17.v20150415]
	at org.eclipse.jetty.servlet.ServletHandler.doScope(ServletHandler.java:429) [jetty-all-8.1.17.v20150415.jar:8.1.17.v20150415]
	at org.eclipse.jetty.server.session.SessionHandler.doScope(SessionHandler.java:193) [jetty-all-8.1.17.v20150415.jar:8.1.17.v20150415]
	at org.eclipse.jetty.server.handler.ContextHandler.doScope(ContextHandler.java:1020) [jetty-all-8.1.17.v20150415.jar:8.1.17.v20150415]
	at org.eclipse.jetty.server.handler.ScopedHandler.handle(ScopedHandler.java:135) [jetty-all-8.1.17.v20150415.jar:8.1.17.v20150415]
	at org.eclipse.jetty.server.handler.HandlerWrapper.handle(HandlerWrapper.java:116) [jetty-all-8.1.17.v20150415.jar:8.1.17.v20150415]
	at org.eclipse.jetty.server.Server.handle(Server.java:370) [jetty-all-8.1.17.v20150415.jar:8.1.17.v20150415]
	at org.eclipse.jetty.server.AbstractHttpConnection.handleRequest(AbstractHttpConnection.java:494) [jetty-all-8.1.17.v20150415.jar:8.1.17.v20150415]
	at org.eclipse.jetty.server.AbstractHttpConnection.content(AbstractHttpConnection.java:982) [jetty-all-8.1.17.v20150415.jar:8.1.17.v20150415]
	at org.eclipse.jetty.server.AbstractHttpConnection$RequestHandler.content(AbstractHttpConnection.java:1043) [jetty-all-8.1.17.v20150415.jar:8.1.17.v20150415]
	at org.eclipse.jetty.http.HttpParser.parseNext(HttpParser.java:865) [jetty-all-8.1.17.v20150415.jar:8.1.17.v20150415]
	at org.eclipse.jetty.http.HttpParser.parseAvailable(HttpParser.java:240) [jetty-all-8.1.17.v20150415.jar:8.1.17.v20150415]
	at org.eclipse.jetty.server.AsyncHttpConnection.handle(AsyncHttpConnection.java:82) [jetty-all-8.1.17.v20150415.jar:8.1.17.v20150415]
	at org.eclipse.jetty.io.nio.SelectChannelEndPoint.handle(SelectChannelEndPoint.java:696) [jetty-all-8.1.17.v20150415.jar:8.1.17.v20150415]
	at org.eclipse.jetty.io.nio.SelectChannelEndPoint$1.run(SelectChannelEndPoint.java:53) [jetty-all-8.1.17.v20150415.jar:8.1.17.v20150415]
	at org.eclipse.jetty.util.thread.QueuedThreadPool.runJob(QueuedThreadPool.java:608) [jetty-all-8.1.17.v20150415.jar:8.1.17.v20150415]
	at org.eclipse.jetty.util.thread.QueuedThreadPool$3.run(QueuedThreadPool.java:543) [jetty-all-8.1.17.v20150415.jar:8.1.17.v20150415]
	at java.lang.Thread.run(Thread.java:748) [na:1.8.0_172]
Caused by: aos.framework.core.exception.AOSException: 系统繁忙，请稍后再试。
	at aos.framework.web.router.HttpRouterController.execute(HttpRouterController.java:76) ~[classes/:na]
	at sun.reflect.NativeMethodAccessorImpl.invoke0(Native Method) ~[na:1.8.0_172]
	at sun.reflect.NativeMethodAccessorImpl.invoke(NativeMethodAccessorImpl.java:62) ~[na:1.8.0_172]
	at sun.reflect.DelegatingMethodAccessorImpl.invoke(DelegatingMethodAccessorImpl.java:43) ~[na:1.8.0_172]
	at java.lang.reflect.Method.invoke(Method.java:498) ~[na:1.8.0_172]
	at org.springframework.web.method.support.InvocableHandlerMethod.invoke(InvocableHandlerMethod.java:219) ~[spring-web-3.2.4.RELEASE.jar:3.2.4.RELEASE]
	at org.springframework.web.method.support.InvocableHandlerMethod.invokeForRequest(InvocableHandlerMethod.java:132) ~[spring-web-3.2.4.RELEASE.jar:3.2.4.RELEASE]
	at org.springframework.web.servlet.mvc.method.annotation.ServletInvocableHandlerMethod.invokeAndHandle(ServletInvocableHandlerMethod.java:104) ~[spring-webmvc-3.2.4.RELEASE.jar:3.2.4.RELEASE]
	at org.springframework.web.servlet.mvc.method.annotation.RequestMappingHandlerAdapter.invokeHandleMethod(RequestMappingHandlerAdapter.java:745) ~[spring-webmvc-3.2.4.RELEASE.jar:3.2.4.RELEASE]
	at org.springframework.web.servlet.mvc.method.annotation.RequestMappingHandlerAdapter.handleInternal(RequestMappingHandlerAdapter.java:686) ~[spring-webmvc-3.2.4.RELEASE.jar:3.2.4.RELEASE]
	at org.springframework.web.servlet.mvc.method.AbstractHandlerMethodAdapter.handle(AbstractHandlerMethodAdapter.java:80) ~[spring-webmvc-3.2.4.RELEASE.jar:3.2.4.RELEASE]
	at org.springframework.web.servlet.DispatcherServlet.doDispatch(DispatcherServlet.java:925) ~[spring-webmvc-3.2.4.RELEASE.jar:3.2.4.RELEASE]
	at org.springframework.web.servlet.DispatcherServlet.doService(DispatcherServlet.java:856) ~[spring-webmvc-3.2.4.RELEASE.jar:3.2.4.RELEASE]
	at org.springframework.web.servlet.FrameworkServlet.processRequest(FrameworkServlet.java:936) ~[spring-webmvc-3.2.4.RELEASE.jar:3.2.4.RELEASE]
	... 35 common frames omitted
2018-08-20 09:41:14 WARN [Class:o.e.j.s.ServletHandler->Thread:qtp2129144075-28] /cdz/http/do.jhtml 
aos.framework.core.exception.AOSException: 系统繁忙，请稍后再试。
	at aos.framework.web.router.HttpRouterController.execute(HttpRouterController.java:76) ~[classes/:na]
	at sun.reflect.NativeMethodAccessorImpl.invoke0(Native Method) ~[na:1.8.0_172]
	at sun.reflect.NativeMethodAccessorImpl.invoke(NativeMethodAccessorImpl.java:62) ~[na:1.8.0_172]
	at sun.reflect.DelegatingMethodAccessorImpl.invoke(DelegatingMethodAccessorImpl.java:43) ~[na:1.8.0_172]
	at java.lang.reflect.Method.invoke(Method.java:498) ~[na:1.8.0_172]
	at org.springframework.web.method.support.InvocableHandlerMethod.invoke(InvocableHandlerMethod.java:219) ~[spring-web-3.2.4.RELEASE.jar:3.2.4.RELEASE]
	at org.springframework.web.method.support.InvocableHandlerMethod.invokeForRequest(InvocableHandlerMethod.java:132) ~[spring-web-3.2.4.RELEASE.jar:3.2.4.RELEASE]
	at org.springframework.web.servlet.mvc.method.annotation.ServletInvocableHandlerMethod.invokeAndHandle(ServletInvocableHandlerMethod.java:104) ~[spring-webmvc-3.2.4.RELEASE.jar:3.2.4.RELEASE]
	at org.springframework.web.servlet.mvc.method.annotation.RequestMappingHandlerAdapter.invokeHandleMethod(RequestMappingHandlerAdapter.java:745) ~[spring-webmvc-3.2.4.RELEASE.jar:3.2.4.RELEASE]
	at org.springframework.web.servlet.mvc.method.annotation.RequestMappingHandlerAdapter.handleInternal(RequestMappingHandlerAdapter.java:686) ~[spring-webmvc-3.2.4.RELEASE.jar:3.2.4.RELEASE]
	at org.springframework.web.servlet.mvc.method.AbstractHandlerMethodAdapter.handle(AbstractHandlerMethodAdapter.java:80) ~[spring-webmvc-3.2.4.RELEASE.jar:3.2.4.RELEASE]
	at org.springframework.web.servlet.DispatcherServlet.doDispatch(DispatcherServlet.java:925) ~[spring-webmvc-3.2.4.RELEASE.jar:3.2.4.RELEASE]
	at org.springframework.web.servlet.DispatcherServlet.doService(DispatcherServlet.java:856) ~[spring-webmvc-3.2.4.RELEASE.jar:3.2.4.RELEASE]
	at org.springframework.web.servlet.FrameworkServlet.processRequest(FrameworkServlet.java:936) ~[spring-webmvc-3.2.4.RELEASE.jar:3.2.4.RELEASE]
	at org.springframework.web.servlet.FrameworkServlet.doPost(FrameworkServlet.java:838) ~[spring-webmvc-3.2.4.RELEASE.jar:3.2.4.RELEASE]
	at javax.servlet.http.HttpServlet.service(HttpServlet.java:755) ~[javax.servlet-3.0.0.v201112011016.jar:na]
	at org.springframework.web.servlet.FrameworkServlet.service(FrameworkServlet.java:812) ~[spring-webmvc-3.2.4.RELEASE.jar:3.2.4.RELEASE]
	at javax.servlet.http.HttpServlet.service(HttpServlet.java:848) ~[javax.servlet-3.0.0.v201112011016.jar:na]
	at org.eclipse.jetty.servlet.ServletHolder.handle(ServletHolder.java:684) ~[jetty-all-8.1.17.v20150415.jar:8.1.17.v20150415]
	at org.eclipse.jetty.servlet.ServletHandler$CachedChain.doFilter(ServletHandler.java:1496) ~[jetty-all-8.1.17.v20150415.jar:8.1.17.v20150415]
	at aos.framework.web.filter.HttpBackendFilter.doFilter(HttpBackendFilter.java:85) ~[classes/:na]
	at org.eclipse.jetty.servlet.ServletHandler$CachedChain.doFilter(ServletHandler.java:1484) ~[jetty-all-8.1.17.v20150415.jar:8.1.17.v20150415]
	at aos.framework.web.filter.HttpFilter.doFilter(HttpFilter.java:50) ~[classes/:na]
	at org.eclipse.jetty.servlet.ServletHandler$CachedChain.doFilter(ServletHandler.java:1484) ~[jetty-all-8.1.17.v20150415.jar:8.1.17.v20150415]
	at org.springframework.web.filter.CharacterEncodingFilter.doFilterInternal(CharacterEncodingFilter.java:88) ~[spring-web-3.2.4.RELEASE.jar:3.2.4.RELEASE]
	at org.springframework.web.filter.OncePerRequestFilter.doFilter(OncePerRequestFilter.java:107) ~[spring-web-3.2.4.RELEASE.jar:3.2.4.RELEASE]
	at org.eclipse.jetty.servlet.ServletHandler$CachedChain.doFilter(ServletHandler.java:1476) ~[jetty-all-8.1.17.v20150415.jar:8.1.17.v20150415]
	at org.eclipse.jetty.servlet.ServletHandler.doHandle(ServletHandler.java:501) [jetty-all-8.1.17.v20150415.jar:8.1.17.v20150415]
	at org.eclipse.jetty.server.handler.ScopedHandler.handle(ScopedHandler.java:137) [jetty-all-8.1.17.v20150415.jar:8.1.17.v20150415]
	at org.eclipse.jetty.security.SecurityHandler.handle(SecurityHandler.java:557) [jetty-all-8.1.17.v20150415.jar:8.1.17.v20150415]
	at org.eclipse.jetty.server.session.SessionHandler.doHandle(SessionHandler.java:231) [jetty-all-8.1.17.v20150415.jar:8.1.17.v20150415]
	at org.eclipse.jetty.server.handler.ContextHandler.doHandle(ContextHandler.java:1086) [jetty-all-8.1.17.v20150415.jar:8.1.17.v20150415]
	at org.eclipse.jetty.servlet.ServletHandler.doScope(ServletHandler.java:429) [jetty-all-8.1.17.v20150415.jar:8.1.17.v20150415]
	at org.eclipse.jetty.server.session.SessionHandler.doScope(SessionHandler.java:193) [jetty-all-8.1.17.v20150415.jar:8.1.17.v20150415]
	at org.eclipse.jetty.server.handler.ContextHandler.doScope(ContextHandler.java:1020) [jetty-all-8.1.17.v20150415.jar:8.1.17.v20150415]
	at org.eclipse.jetty.server.handler.ScopedHandler.handle(ScopedHandler.java:135) [jetty-all-8.1.17.v20150415.jar:8.1.17.v20150415]
	at org.eclipse.jetty.server.handler.HandlerWrapper.handle(HandlerWrapper.java:116) [jetty-all-8.1.17.v20150415.jar:8.1.17.v20150415]
	at org.eclipse.jetty.server.Server.handle(Server.java:370) [jetty-all-8.1.17.v20150415.jar:8.1.17.v20150415]
	at org.eclipse.jetty.server.AbstractHttpConnection.handleRequest(AbstractHttpConnection.java:494) [jetty-all-8.1.17.v20150415.jar:8.1.17.v20150415]
	at org.eclipse.jetty.server.AbstractHttpConnection.content(AbstractHttpConnection.java:982) [jetty-all-8.1.17.v20150415.jar:8.1.17.v20150415]
	at org.eclipse.jetty.server.AbstractHttpConnection$RequestHandler.content(AbstractHttpConnection.java:1043) [jetty-all-8.1.17.v20150415.jar:8.1.17.v20150415]
	at org.eclipse.jetty.http.HttpParser.parseNext(HttpParser.java:865) [jetty-all-8.1.17.v20150415.jar:8.1.17.v20150415]
	at org.eclipse.jetty.http.HttpParser.parseAvailable(HttpParser.java:240) [jetty-all-8.1.17.v20150415.jar:8.1.17.v20150415]
	at org.eclipse.jetty.server.AsyncHttpConnection.handle(AsyncHttpConnection.java:82) [jetty-all-8.1.17.v20150415.jar:8.1.17.v20150415]
	at org.eclipse.jetty.io.nio.SelectChannelEndPoint.handle(SelectChannelEndPoint.java:696) [jetty-all-8.1.17.v20150415.jar:8.1.17.v20150415]
	at org.eclipse.jetty.io.nio.SelectChannelEndPoint$1.run(SelectChannelEndPoint.java:53) [jetty-all-8.1.17.v20150415.jar:8.1.17.v20150415]
	at org.eclipse.jetty.util.thread.QueuedThreadPool.runJob(QueuedThreadPool.java:608) [jetty-all-8.1.17.v20150415.jar:8.1.17.v20150415]
	at org.eclipse.jetty.util.thread.QueuedThreadPool$3.run(QueuedThreadPool.java:543) [jetty-all-8.1.17.v20150415.jar:8.1.17.v20150415]
	at java.lang.Thread.run(Thread.java:748) [na:1.8.0_172]
2018-08-20 09:42:21 ERROR [Class:a.f.c.c.CacheMasterDataService->Thread:qtp540642172-25] 没有获取到Key为[banktype]的数据字典。 
2018-08-20 09:42:29 WARN [Class:o.e.j.s.ServletHandler->Thread:qtp540642172-28]  
org.springframework.web.util.NestedServletException: Request processing failed; nested exception is aos.framework.core.exception.AOSException: 系统繁忙，请稍后再试。
	at org.springframework.web.servlet.FrameworkServlet.processRequest(FrameworkServlet.java:948) ~[spring-webmvc-3.2.4.RELEASE.jar:3.2.4.RELEASE]
	at org.springframework.web.servlet.FrameworkServlet.doPost(FrameworkServlet.java:838) ~[spring-webmvc-3.2.4.RELEASE.jar:3.2.4.RELEASE]
	at javax.servlet.http.HttpServlet.service(HttpServlet.java:755) ~[javax.servlet-3.0.0.v201112011016.jar:na]
	at org.springframework.web.servlet.FrameworkServlet.service(FrameworkServlet.java:812) ~[spring-webmvc-3.2.4.RELEASE.jar:3.2.4.RELEASE]
	at javax.servlet.http.HttpServlet.service(HttpServlet.java:848) ~[javax.servlet-3.0.0.v201112011016.jar:na]
	at org.eclipse.jetty.servlet.ServletHolder.handle(ServletHolder.java:684) ~[jetty-all-8.1.17.v20150415.jar:8.1.17.v20150415]
	at org.eclipse.jetty.servlet.ServletHandler$CachedChain.doFilter(ServletHandler.java:1496) ~[jetty-all-8.1.17.v20150415.jar:8.1.17.v20150415]
	at aos.framework.web.filter.HttpBackendFilter.doFilter(HttpBackendFilter.java:85) ~[classes/:na]
	at org.eclipse.jetty.servlet.ServletHandler$CachedChain.doFilter(ServletHandler.java:1484) ~[jetty-all-8.1.17.v20150415.jar:8.1.17.v20150415]
	at aos.framework.web.filter.HttpFilter.doFilter(HttpFilter.java:50) ~[classes/:na]
	at org.eclipse.jetty.servlet.ServletHandler$CachedChain.doFilter(ServletHandler.java:1484) ~[jetty-all-8.1.17.v20150415.jar:8.1.17.v20150415]
	at org.springframework.web.filter.CharacterEncodingFilter.doFilterInternal(CharacterEncodingFilter.java:88) ~[spring-web-3.2.4.RELEASE.jar:3.2.4.RELEASE]
	at org.springframework.web.filter.OncePerRequestFilter.doFilter(OncePerRequestFilter.java:107) ~[spring-web-3.2.4.RELEASE.jar:3.2.4.RELEASE]
	at org.eclipse.jetty.servlet.ServletHandler$CachedChain.doFilter(ServletHandler.java:1476) ~[jetty-all-8.1.17.v20150415.jar:8.1.17.v20150415]
	at org.eclipse.jetty.servlet.ServletHandler.doHandle(ServletHandler.java:501) [jetty-all-8.1.17.v20150415.jar:8.1.17.v20150415]
	at org.eclipse.jetty.server.handler.ScopedHandler.handle(ScopedHandler.java:137) [jetty-all-8.1.17.v20150415.jar:8.1.17.v20150415]
	at org.eclipse.jetty.security.SecurityHandler.handle(SecurityHandler.java:557) [jetty-all-8.1.17.v20150415.jar:8.1.17.v20150415]
	at org.eclipse.jetty.server.session.SessionHandler.doHandle(SessionHandler.java:231) [jetty-all-8.1.17.v20150415.jar:8.1.17.v20150415]
	at org.eclipse.jetty.server.handler.ContextHandler.doHandle(ContextHandler.java:1086) [jetty-all-8.1.17.v20150415.jar:8.1.17.v20150415]
	at org.eclipse.jetty.servlet.ServletHandler.doScope(ServletHandler.java:429) [jetty-all-8.1.17.v20150415.jar:8.1.17.v20150415]
	at org.eclipse.jetty.server.session.SessionHandler.doScope(SessionHandler.java:193) [jetty-all-8.1.17.v20150415.jar:8.1.17.v20150415]
	at org.eclipse.jetty.server.handler.ContextHandler.doScope(ContextHandler.java:1020) [jetty-all-8.1.17.v20150415.jar:8.1.17.v20150415]
	at org.eclipse.jetty.server.handler.ScopedHandler.handle(ScopedHandler.java:135) [jetty-all-8.1.17.v20150415.jar:8.1.17.v20150415]
	at org.eclipse.jetty.server.handler.HandlerWrapper.handle(HandlerWrapper.java:116) [jetty-all-8.1.17.v20150415.jar:8.1.17.v20150415]
	at org.eclipse.jetty.server.Server.handle(Server.java:370) [jetty-all-8.1.17.v20150415.jar:8.1.17.v20150415]
	at org.eclipse.jetty.server.AbstractHttpConnection.handleRequest(AbstractHttpConnection.java:494) [jetty-all-8.1.17.v20150415.jar:8.1.17.v20150415]
	at org.eclipse.jetty.server.AbstractHttpConnection.content(AbstractHttpConnection.java:982) [jetty-all-8.1.17.v20150415.jar:8.1.17.v20150415]
	at org.eclipse.jetty.server.AbstractHttpConnection$RequestHandler.content(AbstractHttpConnection.java:1043) [jetty-all-8.1.17.v20150415.jar:8.1.17.v20150415]
	at org.eclipse.jetty.http.HttpParser.parseNext(HttpParser.java:865) [jetty-all-8.1.17.v20150415.jar:8.1.17.v20150415]
	at org.eclipse.jetty.http.HttpParser.parseAvailable(HttpParser.java:240) [jetty-all-8.1.17.v20150415.jar:8.1.17.v20150415]
	at org.eclipse.jetty.server.AsyncHttpConnection.handle(AsyncHttpConnection.java:82) [jetty-all-8.1.17.v20150415.jar:8.1.17.v20150415]
	at org.eclipse.jetty.io.nio.SelectChannelEndPoint.handle(SelectChannelEndPoint.java:696) [jetty-all-8.1.17.v20150415.jar:8.1.17.v20150415]
	at org.eclipse.jetty.io.nio.SelectChannelEndPoint$1.run(SelectChannelEndPoint.java:53) [jetty-all-8.1.17.v20150415.jar:8.1.17.v20150415]
	at org.eclipse.jetty.util.thread.QueuedThreadPool.runJob(QueuedThreadPool.java:608) [jetty-all-8.1.17.v20150415.jar:8.1.17.v20150415]
	at org.eclipse.jetty.util.thread.QueuedThreadPool$3.run(QueuedThreadPool.java:543) [jetty-all-8.1.17.v20150415.jar:8.1.17.v20150415]
	at java.lang.Thread.run(Thread.java:748) [na:1.8.0_172]
Caused by: aos.framework.core.exception.AOSException: 系统繁忙，请稍后再试。
	at aos.framework.web.router.HttpRouterController.execute(HttpRouterController.java:76) ~[classes/:na]
	at sun.reflect.NativeMethodAccessorImpl.invoke0(Native Method) ~[na:1.8.0_172]
	at sun.reflect.NativeMethodAccessorImpl.invoke(NativeMethodAccessorImpl.java:62) ~[na:1.8.0_172]
	at sun.reflect.DelegatingMethodAccessorImpl.invoke(DelegatingMethodAccessorImpl.java:43) ~[na:1.8.0_172]
	at java.lang.reflect.Method.invoke(Method.java:498) ~[na:1.8.0_172]
	at org.springframework.web.method.support.InvocableHandlerMethod.invoke(InvocableHandlerMethod.java:219) ~[spring-web-3.2.4.RELEASE.jar:3.2.4.RELEASE]
	at org.springframework.web.method.support.InvocableHandlerMethod.invokeForRequest(InvocableHandlerMethod.java:132) ~[spring-web-3.2.4.RELEASE.jar:3.2.4.RELEASE]
	at org.springframework.web.servlet.mvc.method.annotation.ServletInvocableHandlerMethod.invokeAndHandle(ServletInvocableHandlerMethod.java:104) ~[spring-webmvc-3.2.4.RELEASE.jar:3.2.4.RELEASE]
	at org.springframework.web.servlet.mvc.method.annotation.RequestMappingHandlerAdapter.invokeHandleMethod(RequestMappingHandlerAdapter.java:745) ~[spring-webmvc-3.2.4.RELEASE.jar:3.2.4.RELEASE]
	at org.springframework.web.servlet.mvc.method.annotation.RequestMappingHandlerAdapter.handleInternal(RequestMappingHandlerAdapter.java:686) ~[spring-webmvc-3.2.4.RELEASE.jar:3.2.4.RELEASE]
	at org.springframework.web.servlet.mvc.method.AbstractHandlerMethodAdapter.handle(AbstractHandlerMethodAdapter.java:80) ~[spring-webmvc-3.2.4.RELEASE.jar:3.2.4.RELEASE]
	at org.springframework.web.servlet.DispatcherServlet.doDispatch(DispatcherServlet.java:925) ~[spring-webmvc-3.2.4.RELEASE.jar:3.2.4.RELEASE]
	at org.springframework.web.servlet.DispatcherServlet.doService(DispatcherServlet.java:856) ~[spring-webmvc-3.2.4.RELEASE.jar:3.2.4.RELEASE]
	at org.springframework.web.servlet.FrameworkServlet.processRequest(FrameworkServlet.java:936) ~[spring-webmvc-3.2.4.RELEASE.jar:3.2.4.RELEASE]
	... 35 common frames omitted
2018-08-20 09:42:29 WARN [Class:o.e.j.s.ServletHandler->Thread:qtp540642172-28] /cdz/http/do.jhtml 
aos.framework.core.exception.AOSException: 系统繁忙，请稍后再试。
	at aos.framework.web.router.HttpRouterController.execute(HttpRouterController.java:76) ~[classes/:na]
	at sun.reflect.NativeMethodAccessorImpl.invoke0(Native Method) ~[na:1.8.0_172]
	at sun.reflect.NativeMethodAccessorImpl.invoke(NativeMethodAccessorImpl.java:62) ~[na:1.8.0_172]
	at sun.reflect.DelegatingMethodAccessorImpl.invoke(DelegatingMethodAccessorImpl.java:43) ~[na:1.8.0_172]
	at java.lang.reflect.Method.invoke(Method.java:498) ~[na:1.8.0_172]
	at org.springframework.web.method.support.InvocableHandlerMethod.invoke(InvocableHandlerMethod.java:219) ~[spring-web-3.2.4.RELEASE.jar:3.2.4.RELEASE]
	at org.springframework.web.method.support.InvocableHandlerMethod.invokeForRequest(InvocableHandlerMethod.java:132) ~[spring-web-3.2.4.RELEASE.jar:3.2.4.RELEASE]
	at org.springframework.web.servlet.mvc.method.annotation.ServletInvocableHandlerMethod.invokeAndHandle(ServletInvocableHandlerMethod.java:104) ~[spring-webmvc-3.2.4.RELEASE.jar:3.2.4.RELEASE]
	at org.springframework.web.servlet.mvc.method.annotation.RequestMappingHandlerAdapter.invokeHandleMethod(RequestMappingHandlerAdapter.java:745) ~[spring-webmvc-3.2.4.RELEASE.jar:3.2.4.RELEASE]
	at org.springframework.web.servlet.mvc.method.annotation.RequestMappingHandlerAdapter.handleInternal(RequestMappingHandlerAdapter.java:686) ~[spring-webmvc-3.2.4.RELEASE.jar:3.2.4.RELEASE]
	at org.springframework.web.servlet.mvc.method.AbstractHandlerMethodAdapter.handle(AbstractHandlerMethodAdapter.java:80) ~[spring-webmvc-3.2.4.RELEASE.jar:3.2.4.RELEASE]
	at org.springframework.web.servlet.DispatcherServlet.doDispatch(DispatcherServlet.java:925) ~[spring-webmvc-3.2.4.RELEASE.jar:3.2.4.RELEASE]
	at org.springframework.web.servlet.DispatcherServlet.doService(DispatcherServlet.java:856) ~[spring-webmvc-3.2.4.RELEASE.jar:3.2.4.RELEASE]
	at org.springframework.web.servlet.FrameworkServlet.processRequest(FrameworkServlet.java:936) ~[spring-webmvc-3.2.4.RELEASE.jar:3.2.4.RELEASE]
	at org.springframework.web.servlet.FrameworkServlet.doPost(FrameworkServlet.java:838) ~[spring-webmvc-3.2.4.RELEASE.jar:3.2.4.RELEASE]
	at javax.servlet.http.HttpServlet.service(HttpServlet.java:755) ~[javax.servlet-3.0.0.v201112011016.jar:na]
	at org.springframework.web.servlet.FrameworkServlet.service(FrameworkServlet.java:812) ~[spring-webmvc-3.2.4.RELEASE.jar:3.2.4.RELEASE]
	at javax.servlet.http.HttpServlet.service(HttpServlet.java:848) ~[javax.servlet-3.0.0.v201112011016.jar:na]
	at org.eclipse.jetty.servlet.ServletHolder.handle(ServletHolder.java:684) ~[jetty-all-8.1.17.v20150415.jar:8.1.17.v20150415]
	at org.eclipse.jetty.servlet.ServletHandler$CachedChain.doFilter(ServletHandler.java:1496) ~[jetty-all-8.1.17.v20150415.jar:8.1.17.v20150415]
	at aos.framework.web.filter.HttpBackendFilter.doFilter(HttpBackendFilter.java:85) ~[classes/:na]
	at org.eclipse.jetty.servlet.ServletHandler$CachedChain.doFilter(ServletHandler.java:1484) ~[jetty-all-8.1.17.v20150415.jar:8.1.17.v20150415]
	at aos.framework.web.filter.HttpFilter.doFilter(HttpFilter.java:50) ~[classes/:na]
	at org.eclipse.jetty.servlet.ServletHandler$CachedChain.doFilter(ServletHandler.java:1484) ~[jetty-all-8.1.17.v20150415.jar:8.1.17.v20150415]
	at org.springframework.web.filter.CharacterEncodingFilter.doFilterInternal(CharacterEncodingFilter.java:88) ~[spring-web-3.2.4.RELEASE.jar:3.2.4.RELEASE]
	at org.springframework.web.filter.OncePerRequestFilter.doFilter(OncePerRequestFilter.java:107) ~[spring-web-3.2.4.RELEASE.jar:3.2.4.RELEASE]
	at org.eclipse.jetty.servlet.ServletHandler$CachedChain.doFilter(ServletHandler.java:1476) ~[jetty-all-8.1.17.v20150415.jar:8.1.17.v20150415]
	at org.eclipse.jetty.servlet.ServletHandler.doHandle(ServletHandler.java:501) [jetty-all-8.1.17.v20150415.jar:8.1.17.v20150415]
	at org.eclipse.jetty.server.handler.ScopedHandler.handle(ScopedHandler.java:137) [jetty-all-8.1.17.v20150415.jar:8.1.17.v20150415]
	at org.eclipse.jetty.security.SecurityHandler.handle(SecurityHandler.java:557) [jetty-all-8.1.17.v20150415.jar:8.1.17.v20150415]
	at org.eclipse.jetty.server.session.SessionHandler.doHandle(SessionHandler.java:231) [jetty-all-8.1.17.v20150415.jar:8.1.17.v20150415]
	at org.eclipse.jetty.server.handler.ContextHandler.doHandle(ContextHandler.java:1086) [jetty-all-8.1.17.v20150415.jar:8.1.17.v20150415]
	at org.eclipse.jetty.servlet.ServletHandler.doScope(ServletHandler.java:429) [jetty-all-8.1.17.v20150415.jar:8.1.17.v20150415]
	at org.eclipse.jetty.server.session.SessionHandler.doScope(SessionHandler.java:193) [jetty-all-8.1.17.v20150415.jar:8.1.17.v20150415]
	at org.eclipse.jetty.server.handler.ContextHandler.doScope(ContextHandler.java:1020) [jetty-all-8.1.17.v20150415.jar:8.1.17.v20150415]
	at org.eclipse.jetty.server.handler.ScopedHandler.handle(ScopedHandler.java:135) [jetty-all-8.1.17.v20150415.jar:8.1.17.v20150415]
	at org.eclipse.jetty.server.handler.HandlerWrapper.handle(HandlerWrapper.java:116) [jetty-all-8.1.17.v20150415.jar:8.1.17.v20150415]
	at org.eclipse.jetty.server.Server.handle(Server.java:370) [jetty-all-8.1.17.v20150415.jar:8.1.17.v20150415]
	at org.eclipse.jetty.server.AbstractHttpConnection.handleRequest(AbstractHttpConnection.java:494) [jetty-all-8.1.17.v20150415.jar:8.1.17.v20150415]
	at org.eclipse.jetty.server.AbstractHttpConnection.content(AbstractHttpConnection.java:982) [jetty-all-8.1.17.v20150415.jar:8.1.17.v20150415]
	at org.eclipse.jetty.server.AbstractHttpConnection$RequestHandler.content(AbstractHttpConnection.java:1043) [jetty-all-8.1.17.v20150415.jar:8.1.17.v20150415]
	at org.eclipse.jetty.http.HttpParser.parseNext(HttpParser.java:865) [jetty-all-8.1.17.v20150415.jar:8.1.17.v20150415]
	at org.eclipse.jetty.http.HttpParser.parseAvailable(HttpParser.java:240) [jetty-all-8.1.17.v20150415.jar:8.1.17.v20150415]
	at org.eclipse.jetty.server.AsyncHttpConnection.handle(AsyncHttpConnection.java:82) [jetty-all-8.1.17.v20150415.jar:8.1.17.v20150415]
	at org.eclipse.jetty.io.nio.SelectChannelEndPoint.handle(SelectChannelEndPoint.java:696) [jetty-all-8.1.17.v20150415.jar:8.1.17.v20150415]
	at org.eclipse.jetty.io.nio.SelectChannelEndPoint$1.run(SelectChannelEndPoint.java:53) [jetty-all-8.1.17.v20150415.jar:8.1.17.v20150415]
	at org.eclipse.jetty.util.thread.QueuedThreadPool.runJob(QueuedThreadPool.java:608) [jetty-all-8.1.17.v20150415.jar:8.1.17.v20150415]
	at org.eclipse.jetty.util.thread.QueuedThreadPool$3.run(QueuedThreadPool.java:543) [jetty-all-8.1.17.v20150415.jar:8.1.17.v20150415]
	at java.lang.Thread.run(Thread.java:748) [na:1.8.0_172]
2018-08-20 09:44:10 ERROR [Class:a.f.c.c.CacheMasterDataService->Thread:qtp2129144075-31] 没有获取到Key为[banktype]的数据字典。 
2018-08-20 09:45:44 ERROR [Class:a.f.c.c.CacheMasterDataService->Thread:qtp540642172-25] 没有获取到Key为[banktype]的数据字典。 
2018-08-20 09:47:27 ERROR [Class:a.f.c.c.CacheMasterDataService->Thread:qtp540642172-25] 没有获取到Key为[banktype]的数据字典。 
2018-08-20 09:48:17 ERROR [Class:a.f.c.c.CacheMasterDataService->Thread:qtp540642172-26] 没有获取到Key为[banktype]的数据字典。 
2018-08-20 09:52:49 ERROR [Class:a.f.c.c.CacheMasterDataService->Thread:qtp540642172-28] 没有获取到Key为[banktype]的数据字典。 
2018-08-20 09:53:17 ERROR [Class:a.f.c.c.CacheMasterDataService->Thread:qtp540642172-26] 没有获取到Key为[banktype]的数据字典。 
2018-08-20 09:58:44 ERROR [Class:a.f.c.c.CacheMasterDataService->Thread:qtp540642172-28] 没有获取到Key为[banktype]的数据字典。 
2018-08-20 10:01:19 ERROR [Class:a.f.c.c.CacheMasterDataService->Thread:qtp540642172-28] 没有获取到Key为[banktype]的数据字典。 
2018-08-20 10:35:11 ERROR [Class:a.f.c.c.CacheMasterDataService->Thread:qtp540642172-26] 没有获取到Key为[banktype]的数据字典。 
2018-08-20 10:38:00 ERROR [Class:a.f.c.c.CacheMasterDataService->Thread:qtp2129144075-30] 没有获取到Key为[banktype]的数据字典。 
2018-08-20 10:41:21 ERROR [Class:a.f.c.c.CacheMasterDataService->Thread:qtp540642172-27] 没有获取到Key为[banktype]的数据字典。 
2018-08-20 11:07:44 ERROR [Class:a.f.c.c.CacheMasterDataService->Thread:qtp540642172-28] 没有获取到Key为[banktype]的数据字典。 
2018-08-20 11:23:25 ERROR [Class:a.f.c.c.CacheMasterDataService->Thread:qtp540642172-26] 没有获取到Key为[banktype]的数据字典。 
2018-08-20 11:25:39 ERROR [Class:a.f.c.c.CacheMasterDataService->Thread:qtp540642172-23] 没有获取到Key为[banktype]的数据字典。 
2018-08-20 11:26:15 ERROR [Class:a.f.c.c.CacheMasterDataService->Thread:qtp540642172-23] 没有获取到Key为[banktype]的数据字典。 
2018-08-20 11:28:37 ERROR [Class:a.f.c.c.CacheMasterDataService->Thread:qtp540642172-27] 没有获取到Key为[banktype]的数据字典。 
2018-08-20 11:29:11 WARN [Class:o.e.j.u.c.AbstractLifeCycle->Thread:main] FAILED SelectChannelConnector@0.0.0.0:9090: java.net.BindException: Address already in use: bind 
java.net.BindException: Address already in use: bind
	at sun.nio.ch.Net.bind0(Native Method) ~[na:1.8.0_172]
	at sun.nio.ch.Net.bind(Net.java:433) ~[na:1.8.0_172]
	at sun.nio.ch.Net.bind(Net.java:425) ~[na:1.8.0_172]
	at sun.nio.ch.ServerSocketChannelImpl.bind(ServerSocketChannelImpl.java:223) ~[na:1.8.0_172]
	at sun.nio.ch.ServerSocketAdaptor.bind(ServerSocketAdaptor.java:74) ~[na:1.8.0_172]
	at org.eclipse.jetty.server.nio.SelectChannelConnector.open(SelectChannelConnector.java:187) ~[jetty-all-8.1.17.v20150415.jar:8.1.17.v20150415]
	at org.eclipse.jetty.server.AbstractConnector.doStart(AbstractConnector.java:316) ~[jetty-all-8.1.17.v20150415.jar:8.1.17.v20150415]
	at org.eclipse.jetty.server.nio.SelectChannelConnector.doStart(SelectChannelConnector.java:265) ~[jetty-all-8.1.17.v20150415.jar:8.1.17.v20150415]
	at org.eclipse.jetty.util.component.AbstractLifeCycle.start(AbstractLifeCycle.java:64) [jetty-all-8.1.17.v20150415.jar:8.1.17.v20150415]
	at org.eclipse.jetty.server.Server.doStart(Server.java:293) [jetty-all-8.1.17.v20150415.jar:8.1.17.v20150415]
	at org.eclipse.jetty.util.component.AbstractLifeCycle.start(AbstractLifeCycle.java:64) [jetty-all-8.1.17.v20150415.jar:8.1.17.v20150415]
	at aos.framework.core.server.AOSServer.start(AOSServer.java:82) [classes/:na]
	at start.CDZStart.main(CDZStart.java:22) [classes/:na]
2018-08-20 11:29:11 WARN [Class:o.e.j.u.c.AbstractLifeCycle->Thread:main] FAILED org.eclipse.jetty.server.Server@30135202: java.net.BindException: Address already in use: bind 
java.net.BindException: Address already in use: bind
	at sun.nio.ch.Net.bind0(Native Method) ~[na:1.8.0_172]
	at sun.nio.ch.Net.bind(Net.java:433) ~[na:1.8.0_172]
	at sun.nio.ch.Net.bind(Net.java:425) ~[na:1.8.0_172]
	at sun.nio.ch.ServerSocketChannelImpl.bind(ServerSocketChannelImpl.java:223) ~[na:1.8.0_172]
	at sun.nio.ch.ServerSocketAdaptor.bind(ServerSocketAdaptor.java:74) ~[na:1.8.0_172]
	at org.eclipse.jetty.server.nio.SelectChannelConnector.open(SelectChannelConnector.java:187) ~[jetty-all-8.1.17.v20150415.jar:8.1.17.v20150415]
	at org.eclipse.jetty.server.AbstractConnector.doStart(AbstractConnector.java:316) ~[jetty-all-8.1.17.v20150415.jar:8.1.17.v20150415]
	at org.eclipse.jetty.server.nio.SelectChannelConnector.doStart(SelectChannelConnector.java:265) ~[jetty-all-8.1.17.v20150415.jar:8.1.17.v20150415]
	at org.eclipse.jetty.util.component.AbstractLifeCycle.start(AbstractLifeCycle.java:64) ~[jetty-all-8.1.17.v20150415.jar:8.1.17.v20150415]
	at org.eclipse.jetty.server.Server.doStart(Server.java:293) ~[jetty-all-8.1.17.v20150415.jar:8.1.17.v20150415]
	at org.eclipse.jetty.util.component.AbstractLifeCycle.start(AbstractLifeCycle.java:64) ~[jetty-all-8.1.17.v20150415.jar:8.1.17.v20150415]
	at aos.framework.core.server.AOSServer.start(AOSServer.java:82) [classes/:na]
	at start.CDZStart.main(CDZStart.java:22) [classes/:na]
2018-08-20 11:29:11 ERROR [Class:a.f.c.s.AOSServer->Thread:main] 项目启动失败 
2018-08-20 11:29:35 ERROR [Class:a.f.c.c.CacheMasterDataService->Thread:qtp540642172-24] 没有获取到Key为[banktype]的数据字典。 
2018-08-20 11:30:25 ERROR [Class:a.f.c.c.CacheMasterDataService->Thread:qtp540642172-24] 没有获取到Key为[banktype]的数据字典。 
2018-08-20 11:33:28 ERROR [Class:a.f.c.c.CacheMasterDataService->Thread:qtp540642172-23] 没有获取到Key为[banktype]的数据字典。 
2018-08-20 11:34:03 ERROR [Class:a.f.c.c.CacheMasterDataService->Thread:qtp540642172-26] 没有获取到Key为[banktype]的数据字典。 
2018-08-20 11:34:53 ERROR [Class:a.f.c.c.CacheMasterDataService->Thread:qtp540642172-23] 没有获取到Key为[banktype]的数据字典。 
2018-08-20 11:35:14 ERROR [Class:a.f.c.c.CacheMasterDataService->Thread:qtp540642172-24] 没有获取到Key为[banktype]的数据字典。 
2018-08-20 11:35:52 ERROR [Class:a.f.c.c.CacheMasterDataService->Thread:qtp540642172-26] 没有获取到Key为[banktype]的数据字典。 
2018-08-20 11:47:37 ERROR [Class:a.f.c.c.CacheMasterDataService->Thread:qtp540642172-26] 没有获取到Key为[banktype]的数据字典。 
2018-08-20 11:48:23 ERROR [Class:a.f.c.c.CacheMasterDataService->Thread:qtp540642172-24] 没有获取到Key为[banktype]的数据字典。 
2018-08-20 11:54:09 ERROR [Class:a.f.c.c.CacheMasterDataService->Thread:qtp540642172-26] 没有获取到Key为[banktype]的数据字典。 
2018-08-20 11:54:53 ERROR [Class:a.f.c.c.CacheMasterDataService->Thread:qtp540642172-33] 没有获取到Key为[banktype]的数据字典。 
2018-08-20 11:55:27 ERROR [Class:a.f.c.c.CacheMasterDataService->Thread:qtp540642172-24] 没有获取到Key为[banktype]的数据字典。 
2018-08-20 11:56:59 ERROR [Class:a.f.c.c.CacheMasterDataService->Thread:qtp540642172-25] 没有获取到Key为[banktype]的数据字典。 
2018-08-20 17:02:20 ERROR [Class:a.f.c.c.CacheMasterDataService->Thread:qtp540642172-25] 没有获取到Key为[banktype]的数据字典。 
2018-08-20 17:34:44 ERROR [Class:a.f.c.c.CacheMasterDataService->Thread:qtp540642172-25] 没有获取到Key为[banktype]的数据字典。 
2018-08-20 17:37:52 ERROR [Class:a.f.c.c.CacheMasterDataService->Thread:qtp540642172-23] 没有获取到Key为[banktype]的数据字典。 
2018-08-20 18:12:03 ERROR [Class:a.f.c.c.CacheMasterDataService->Thread:qtp540642172-27] 没有获取到Key为[banktype]的数据字典。 
2018-08-20 18:13:17 ERROR [Class:a.f.c.c.CacheMasterDataService->Thread:qtp540642172-33] 没有获取到Key为[banktype]的数据字典。 
2018-08-20 18:13:48 ERROR [Class:a.f.c.c.CacheMasterDataService->Thread:qtp540642172-24] 没有获取到Key为[banktype]的数据字典。 
2018-08-20 18:14:27 ERROR [Class:a.f.c.c.CacheMasterDataService->Thread:qtp540642172-33] 没有获取到Key为[banktype]的数据字典。 
2018-08-20 18:15:30 ERROR [Class:a.f.c.c.CacheMasterDataService->Thread:qtp540642172-26] 没有获取到Key为[banktype]的数据字典。 
2018-08-20 18:16:36 ERROR [Class:a.f.c.c.CacheMasterDataService->Thread:qtp540642172-26] 没有获取到Key为[banktype]的数据字典。 
2018-08-20 18:16:56 ERROR [Class:a.f.c.c.CacheMasterDataService->Thread:qtp540642172-23] 没有获取到Key为[banktype]的数据字典。 
2018-08-20 18:17:26 ERROR [Class:a.f.c.c.CacheMasterDataService->Thread:qtp540642172-27] 没有获取到Key为[banktype]的数据字典。 
2018-08-20 18:23:37 ERROR [Class:a.f.c.c.CacheMasterDataService->Thread:qtp540642172-24] 没有获取到Key为[banktype]的数据字典。 
2018-08-20 18:28:14 ERROR [Class:a.f.c.c.CacheMasterDataService->Thread:qtp540642172-26] 没有获取到Key为[banktype]的数据字典。 
2018-08-20 18:34:31 ERROR [Class:a.f.c.c.CacheMasterDataService->Thread:qtp540642172-27] 没有获取到Key为[banktype]的数据字典。 
2018-08-20 18:35:22 ERROR [Class:a.f.c.c.CacheMasterDataService->Thread:qtp540642172-26] 没有获取到Key为[banktype]的数据字典。 
2018-08-20 18:37:36 ERROR [Class:a.f.c.c.CacheMasterDataService->Thread:qtp540642172-23] 没有获取到Key为[banktype]的数据字典。 
2018-08-20 18:39:09 ERROR [Class:a.f.c.c.CacheMasterDataService->Thread:qtp540642172-27] 没有获取到Key为[banktype]的数据字典。 
2018-08-20 18:40:48 ERROR [Class:a.f.c.c.CacheMasterDataService->Thread:qtp540642172-34] 没有获取到Key为[banktype]的数据字典。 
2018-08-20 18:44:25 ERROR [Class:a.f.c.c.CacheMasterDataService->Thread:qtp540642172-23] 没有获取到Key为[banktype]的数据字典。 
2018-08-20 18:48:18 ERROR [Class:a.f.c.c.CacheMasterDataService->Thread:qtp540642172-27] 没有获取到Key为[banktype]的数据字典。 
2018-08-20 18:50:08 ERROR [Class:a.f.c.c.CacheMasterDataService->Thread:qtp540642172-23] 没有获取到Key为[banktype]的数据字典。 
2018-08-20 18:52:32 ERROR [Class:a.f.c.c.CacheMasterDataService->Thread:qtp540642172-23] 没有获取到Key为[banktype]的数据字典。 
2018-08-20 19:21:49 ERROR [Class:a.f.c.c.CacheMasterDataService->Thread:qtp2129144075-30] 没有获取到Key为[banktype]的数据字典。 
2018-08-20 19:23:46 ERROR [Class:a.f.c.c.CacheMasterDataService->Thread:qtp2129144075-25] 没有获取到Key为[banktype]的数据字典。 
2018-08-20 19:24:50 ERROR [Class:a.f.c.c.CacheMasterDataService->Thread:qtp2129144075-31] 没有获取到Key为[banktype]的数据字典。 
2018-08-20 20:05:12 ERROR [Class:a.f.c.c.CacheMasterDataService->Thread:qtp2129144075-31] 没有获取到Key为[banktype]的数据字典。 
2018-08-20 20:07:29 ERROR [Class:a.f.c.c.CacheMasterDataService->Thread:qtp2129144075-31] 没有获取到Key为[banktype]的数据字典。 
2018-08-20 20:18:14 ERROR [Class:a.f.c.c.CacheMasterDataService->Thread:qtp540642172-27] 没有获取到Key为[banktype]的数据字典。 
2018-08-20 20:20:56 ERROR [Class:a.f.c.c.CacheMasterDataService->Thread:qtp540642172-23] 没有获取到Key为[banktype]的数据字典。 
2018-08-20 20:45:53 ERROR [Class:a.f.c.c.CacheMasterDataService->Thread:qtp540642172-26] 没有获取到Key为[banktype]的数据字典。 
2018-08-20 20:48:32 ERROR [Class:a.f.c.c.CacheMasterDataService->Thread:qtp540642172-25] 没有获取到Key为[banktype]的数据字典。 
2018-08-20 20:51:57 ERROR [Class:a.f.c.c.CacheMasterDataService->Thread:qtp540642172-27] 没有获取到Key为[banktype]的数据字典。 
2018-08-20 20:58:30 ERROR [Class:a.f.c.c.CacheMasterDataService->Thread:qtp540642172-23] 没有获取到Key为[banktype]的数据字典。 
2018-08-20 21:00:27 ERROR [Class:a.f.c.c.CacheMasterDataService->Thread:qtp540642172-27] 没有获取到Key为[banktype]的数据字典。 
2018-08-20 21:08:06 ERROR [Class:a.f.c.c.CacheMasterDataService->Thread:qtp540642172-26] 没有获取到Key为[banktype]的数据字典。 
2018-08-20 21:11:09 ERROR [Class:a.f.c.c.CacheMasterDataService->Thread:qtp540642172-23] 没有获取到Key为[banktype]的数据字典。 
2018-08-20 21:11:31 ERROR [Class:a.f.c.c.CacheMasterDataService->Thread:qtp540642172-26] 没有获取到Key为[banktype]的数据字典。 
2018-08-20 21:12:48 ERROR [Class:a.f.c.c.CacheMasterDataService->Thread:qtp540642172-26] 没有获取到Key为[banktype]的数据字典。 
2018-08-20 21:14:04 ERROR [Class:a.f.c.c.CacheMasterDataService->Thread:qtp540642172-25] 没有获取到Key为[banktype]的数据字典。 
2018-08-20 21:16:45 ERROR [Class:a.f.c.c.CacheMasterDataService->Thread:qtp540642172-28] 没有获取到Key为[banktype]的数据字典。 
2018-08-20 21:19:35 ERROR [Class:a.f.c.c.CacheMasterDataService->Thread:qtp540642172-23] 没有获取到Key为[banktype]的数据字典。 
2018-08-20 21:20:53 ERROR [Class:a.f.c.c.CacheMasterDataService->Thread:qtp540642172-23] 没有获取到Key为[banktype]的数据字典。 
2018-08-20 21:21:35 ERROR [Class:a.f.c.c.CacheMasterDataService->Thread:qtp540642172-27] 没有获取到Key为[banktype]的数据字典。 
2018-08-20 21:22:07 ERROR [Class:a.f.c.c.CacheMasterDataService->Thread:qtp540642172-26] 没有获取到Key为[banktype]的数据字典。 
2018-08-20 21:25:06 ERROR [Class:a.f.c.c.CacheMasterDataService->Thread:qtp540642172-25] 没有获取到Key为[banktype]的数据字典。 
2018-08-20 21:27:40 ERROR [Class:a.f.c.c.CacheMasterDataService->Thread:qtp540642172-27] 没有获取到Key为[banktype]的数据字典。 
2018-08-20 21:28:20 ERROR [Class:a.f.c.c.CacheMasterDataService->Thread:qtp540642172-25] 没有获取到Key为[banktype]的数据字典。 
2018-08-20 21:29:05 ERROR [Class:a.f.c.c.CacheMasterDataService->Thread:qtp540642172-24] 没有获取到Key为[banktype]的数据字典。 
2018-08-20 21:30:16 ERROR [Class:a.f.c.c.CacheMasterDataService->Thread:qtp540642172-23] 没有获取到Key为[banktype]的数据字典。 
2018-08-20 21:31:40 ERROR [Class:a.f.c.c.CacheMasterDataService->Thread:qtp540642172-26] 没有获取到Key为[banktype]的数据字典。 
2018-08-20 21:34:52 ERROR [Class:a.f.c.c.CacheMasterDataService->Thread:qtp540642172-25] 没有获取到Key为[banktype]的数据字典。 
2018-08-20 21:36:49 ERROR [Class:a.f.c.c.CacheMasterDataService->Thread:qtp540642172-28] 没有获取到Key为[banktype]的数据字典。 
2018-08-20 21:37:17 ERROR [Class:a.f.c.c.CacheMasterDataService->Thread:qtp540642172-23] 没有获取到Key为[banktype]的数据字典。 
2018-08-20 21:42:56 ERROR [Class:a.f.c.c.CacheMasterDataService->Thread:qtp540642172-26] 没有获取到Key为[banktype]的数据字典。 
2018-08-20 21:44:13 ERROR [Class:a.f.c.c.CacheMasterDataService->Thread:qtp540642172-24] 没有获取到Key为[banktype]的数据字典。 
2018-08-20 21:44:35 ERROR [Class:a.f.c.c.CacheMasterDataService->Thread:qtp540642172-24] 没有获取到Key为[banktype]的数据字典。 
2018-08-20 21:45:14 ERROR [Class:a.f.c.c.CacheMasterDataService->Thread:qtp540642172-26] 没有获取到Key为[banktype]的数据字典。 
2018-08-20 21:45:41 ERROR [Class:a.f.c.c.CacheMasterDataService->Thread:qtp540642172-27] 没有获取到Key为[banktype]的数据字典。 
2018-08-20 21:46:39 ERROR [Class:a.f.c.c.CacheMasterDataService->Thread:qtp540642172-34] 没有获取到Key为[banktype]的数据字典。 
2018-08-20 21:47:09 ERROR [Class:a.f.c.c.CacheMasterDataService->Thread:qtp540642172-24] 没有获取到Key为[banktype]的数据字典。 
2018-08-20 21:48:05 ERROR [Class:a.f.c.c.CacheMasterDataService->Thread:qtp540642172-34] 没有获取到Key为[banktype]的数据字典。 
2018-08-20 21:50:55 ERROR [Class:a.f.c.c.CacheMasterDataService->Thread:qtp540642172-37] 没有获取到Key为[banktype]的数据字典。 
2018-08-20 21:52:28 ERROR [Class:a.f.c.c.CacheMasterDataService->Thread:qtp540642172-26] 没有获取到Key为[banktype]的数据字典。 
2018-08-20 21:56:35 ERROR [Class:a.f.c.c.CacheMasterDataService->Thread:qtp540642172-34] 没有获取到Key为[banktype]的数据字典。 
2018-08-20 21:57:04 ERROR [Class:a.f.c.c.CacheMasterDataService->Thread:qtp540642172-34] 没有获取到Key为[banktype]的数据字典。 
2018-08-20 21:57:38 ERROR [Class:a.f.c.c.CacheMasterDataService->Thread:qtp540642172-27] 没有获取到Key为[banktype]的数据字典。 
2018-08-20 21:58:46 ERROR [Class:a.f.c.c.CacheMasterDataService->Thread:qtp540642172-24] 没有获取到Key为[banktype]的数据字典。 
2018-08-20 21:59:24 ERROR [Class:a.f.c.c.CacheMasterDataService->Thread:qtp540642172-24] 没有获取到Key为[banktype]的数据字典。 
2018-08-20 22:00:53 ERROR [Class:a.f.c.c.CacheMasterDataService->Thread:qtp540642172-34] 没有获取到Key为[banktype]的数据字典。 
2018-08-20 22:03:13 ERROR [Class:a.f.c.c.CacheMasterDataService->Thread:qtp540642172-38] 没有获取到Key为[banktype]的数据字典。 
2018-08-20 22:03:51 ERROR [Class:a.f.c.c.CacheMasterDataService->Thread:qtp540642172-24] 没有获取到Key为[banktype]的数据字典。 
2018-08-20 22:05:00 ERROR [Class:a.f.c.c.CacheMasterDataService->Thread:qtp540642172-38] 没有获取到Key为[banktype]的数据字典。 
2018-08-20 22:06:47 ERROR [Class:a.f.c.c.CacheMasterDataService->Thread:qtp540642172-34] 没有获取到Key为[banktype]的数据字典。 
2018-08-20 22:09:29 ERROR [Class:a.f.c.c.CacheMasterDataService->Thread:qtp540642172-38] 没有获取到Key为[banktype]的数据字典。 
2018-08-20 22:13:03 ERROR [Class:a.f.c.c.CacheMasterDataService->Thread:qtp540642172-34] 没有获取到Key为[banktype]的数据字典。 
2018-08-20 22:14:38 ERROR [Class:a.f.c.c.CacheMasterDataService->Thread:qtp540642172-37] 没有获取到Key为[banktype]的数据字典。 
2018-08-20 22:19:30 ERROR [Class:a.f.c.c.CacheMasterDataService->Thread:qtp540642172-38] 没有获取到Key为[banktype]的数据字典。 
2018-08-20 22:20:34 ERROR [Class:a.f.c.c.CacheMasterDataService->Thread:qtp540642172-24] 没有获取到Key为[banktype]的数据字典。 
2018-08-20 22:22:53 ERROR [Class:a.f.c.c.CacheMasterDataService->Thread:qtp540642172-27] 没有获取到Key为[banktype]的数据字典。 
2018-08-20 22:23:50 ERROR [Class:a.f.c.c.CacheMasterDataService->Thread:qtp540642172-37] 没有获取到Key为[banktype]的数据字典。 
2018-08-20 22:26:51 ERROR [Class:a.f.c.c.CacheMasterDataService->Thread:qtp540642172-38] 没有获取到Key为[banktype]的数据字典。 
2018-08-20 22:27:54 ERROR [Class:a.f.c.c.CacheMasterDataService->Thread:qtp540642172-27] 没有获取到Key为[banktype]的数据字典。 
