2018-07-26 09:36:55 ERROR [Class:a.f.c.r.JedisUtil->Thread:main] 获取Redis客户端连接失败。we9fh34v9we4hfg35hbqwif234lhtzxmcsdh654321 
2018-07-26 09:36:55 WARN [Class:a.f.c.r.JedisUtil->Thread:main] 没有获取到Redis客户端连接。we9fh34v9we4hfg35hbqwif234lhtzxmcsdh654321 
2018-07-26 09:37:01 ERROR [Class:a.f.c.r.JedisUtil->Thread:pool-1-thread-1] 获取Redis客户端连接失败。we9fh34v9we4hfg35hbqwif234lhtzxmcsdh654321 
2018-07-26 09:37:01 WARN [Class:a.f.c.r.JedisUtil->Thread:pool-1-thread-1] 没有获取到Redis客户端连接。we9fh34v9we4hfg35hbqwif234lhtzxmcsdh654321 
2018-07-26 14:42:13 ERROR [Class:a.f.c.c.CacheMasterDataService->Thread:qtp507084503-25] 没有获取到Key为[banktype]的数据字典。 
2018-07-26 20:02:44 WARN [Class:o.e.j.w.WebAppContext->Thread:main] Failed startup of context o.e.j.w.WebAppContext{/cdz,file:/C:/zhihuianfang/code/CDZ7.09/webapp/} 
org.springframework.beans.factory.BeanCreationException: Error creating bean with name 'org.springframework.scheduling.support.ScheduledMethodRunnable#0': Cannot resolve reference to bean 'taskJob' while setting constructor argument; nested exception is org.springframework.beans.factory.BeanCreationException: Error creating bean with name 'taskJob': Injection of autowired dependencies failed; nested exception is org.springframework.beans.factory.BeanCreationException: Could not autowire field: protected aos.framework.core.dao.SqlDao utils.TaskJob.sqlDao; nested exception is org.springframework.beans.factory.BeanCreationException: Error creating bean with name 'sqlDao' defined in class path resource [spring-mybatis.xml]: Cannot resolve reference to bean 'sqlSessionFactory' while setting bean property 'sqlSessionFactory'; nested exception is org.springframework.beans.factory.BeanCreationException: Error creating bean with name 'sqlSessionFactory' defined in class path resource [spring-mybatis.xml]: Invocation of init method failed; nested exception is org.springframework.core.NestedIOException: Failed to parse mapping resource: 'file [C:\zhihuianfang\code\CDZ7.09\webapp\WEB-INF\classes\dao\DeviceDao.xml]'; nested exception is java.lang.RuntimeException: Error parsing Mapper XML. Cause: org.apache.ibatis.builder.BuilderException: Error resolving class. Cause: org.apache.ibatis.type.TypeException: Could not resolve type alias 'DevicePO'.  Cause: java.lang.ClassNotFoundException: Cannot find class: DevicePO
	at org.springframework.beans.factory.support.BeanDefinitionValueResolver.resolveReference(BeanDefinitionValueResolver.java:329) ~[spring-beans-3.2.4.RELEASE.jar:3.2.4.RELEASE]
	at org.springframework.beans.factory.support.BeanDefinitionValueResolver.resolveValueIfNecessary(BeanDefinitionValueResolver.java:107) ~[spring-beans-3.2.4.RELEASE.jar:3.2.4.RELEASE]
	at org.springframework.beans.factory.support.ConstructorResolver.resolveConstructorArguments(ConstructorResolver.java:615) ~[spring-beans-3.2.4.RELEASE.jar:3.2.4.RELEASE]
	at org.springframework.beans.factory.support.ConstructorResolver.autowireConstructor(ConstructorResolver.java:148) ~[spring-beans-3.2.4.RELEASE.jar:3.2.4.RELEASE]
	at org.springframework.beans.factory.support.AbstractAutowireCapableBeanFactory.autowireConstructor(AbstractAutowireCapableBeanFactory.java:1045) ~[spring-beans-3.2.4.RELEASE.jar:3.2.4.RELEASE]
	at org.springframework.beans.factory.support.AbstractAutowireCapableBeanFactory.createBeanInstance(AbstractAutowireCapableBeanFactory.java:949) ~[spring-beans-3.2.4.RELEASE.jar:3.2.4.RELEASE]
	at org.springframework.beans.factory.support.AbstractAutowireCapableBeanFactory.doCreateBean(AbstractAutowireCapableBeanFactory.java:487) ~[spring-beans-3.2.4.RELEASE.jar:3.2.4.RELEASE]
	at org.springframework.beans.factory.support.AbstractAutowireCapableBeanFactory.createBean(AbstractAutowireCapableBeanFactory.java:458) ~[spring-beans-3.2.4.RELEASE.jar:3.2.4.RELEASE]
	at org.springframework.beans.factory.support.AbstractBeanFactory$1.getObject(AbstractBeanFactory.java:295) ~[spring-beans-3.2.4.RELEASE.jar:3.2.4.RELEASE]
	at org.springframework.beans.factory.support.DefaultSingletonBeanRegistry.getSingleton(DefaultSingletonBeanRegistry.java:223) ~[spring-beans-3.2.4.RELEASE.jar:3.2.4.RELEASE]
	at org.springframework.beans.factory.support.AbstractBeanFactory.doGetBean(AbstractBeanFactory.java:292) ~[spring-beans-3.2.4.RELEASE.jar:3.2.4.RELEASE]
	at org.springframework.beans.factory.support.AbstractBeanFactory.getBean(AbstractBeanFactory.java:194) ~[spring-beans-3.2.4.RELEASE.jar:3.2.4.RELEASE]
	at org.springframework.beans.factory.support.DefaultListableBeanFactory.preInstantiateSingletons(DefaultListableBeanFactory.java:628) ~[spring-beans-3.2.4.RELEASE.jar:3.2.4.RELEASE]
	at org.springframework.context.support.AbstractApplicationContext.finishBeanFactoryInitialization(AbstractApplicationContext.java:932) ~[spring-context-3.2.4.RELEASE.jar:3.2.4.RELEASE]
	at org.springframework.context.support.AbstractApplicationContext.refresh(AbstractApplicationContext.java:479) ~[spring-context-3.2.4.RELEASE.jar:3.2.4.RELEASE]
	at org.springframework.web.context.ContextLoader.configureAndRefreshWebApplicationContext(ContextLoader.java:389) ~[spring-web-3.2.4.RELEASE.jar:3.2.4.RELEASE]
	at org.springframework.web.context.ContextLoader.initWebApplicationContext(ContextLoader.java:294) ~[spring-web-3.2.4.RELEASE.jar:3.2.4.RELEASE]
	at org.springframework.web.context.ContextLoaderListener.contextInitialized(ContextLoaderListener.java:112) ~[spring-web-3.2.4.RELEASE.jar:3.2.4.RELEASE]
	at org.eclipse.jetty.server.handler.ContextHandler.callContextInitialized(ContextHandler.java:782) ~[jetty-all-8.1.17.v20150415.jar:8.1.17.v20150415]
	at org.eclipse.jetty.servlet.ServletContextHandler.callContextInitialized(ServletContextHandler.java:424) ~[jetty-all-8.1.17.v20150415.jar:8.1.17.v20150415]
	at org.eclipse.jetty.server.handler.ContextHandler.startContext(ContextHandler.java:774) ~[jetty-all-8.1.17.v20150415.jar:8.1.17.v20150415]
	at org.eclipse.jetty.servlet.ServletContextHandler.startContext(ServletContextHandler.java:249) ~[jetty-all-8.1.17.v20150415.jar:8.1.17.v20150415]
	at org.eclipse.jetty.webapp.WebAppContext.startContext(WebAppContext.java:1242) ~[jetty-all-8.1.17.v20150415.jar:8.1.17.v20150415]
	at org.eclipse.jetty.server.handler.ContextHandler.doStart(ContextHandler.java:717) ~[jetty-all-8.1.17.v20150415.jar:8.1.17.v20150415]
	at org.eclipse.jetty.webapp.WebAppContext.doStart(WebAppContext.java:494) ~[jetty-all-8.1.17.v20150415.jar:8.1.17.v20150415]
	at org.eclipse.jetty.util.component.AbstractLifeCycle.start(AbstractLifeCycle.java:64) [jetty-all-8.1.17.v20150415.jar:8.1.17.v20150415]
	at org.eclipse.jetty.server.handler.HandlerWrapper.doStart(HandlerWrapper.java:95) [jetty-all-8.1.17.v20150415.jar:8.1.17.v20150415]
	at org.eclipse.jetty.server.Server.doStart(Server.java:282) [jetty-all-8.1.17.v20150415.jar:8.1.17.v20150415]
	at org.eclipse.jetty.util.component.AbstractLifeCycle.start(AbstractLifeCycle.java:64) [jetty-all-8.1.17.v20150415.jar:8.1.17.v20150415]
	at aos.framework.core.server.AOSServer.start(AOSServer.java:82) [classes/:na]
	at start.CDZStart.main(CDZStart.java:22) [classes/:na]
Caused by: org.springframework.beans.factory.BeanCreationException: Error creating bean with name 'taskJob': Injection of autowired dependencies failed; nested exception is org.springframework.beans.factory.BeanCreationException: Could not autowire field: protected aos.framework.core.dao.SqlDao utils.TaskJob.sqlDao; nested exception is org.springframework.beans.factory.BeanCreationException: Error creating bean with name 'sqlDao' defined in class path resource [spring-mybatis.xml]: Cannot resolve reference to bean 'sqlSessionFactory' while setting bean property 'sqlSessionFactory'; nested exception is org.springframework.beans.factory.BeanCreationException: Error creating bean with name 'sqlSessionFactory' defined in class path resource [spring-mybatis.xml]: Invocation of init method failed; nested exception is org.springframework.core.NestedIOException: Failed to parse mapping resource: 'file [C:\zhihuianfang\code\CDZ7.09\webapp\WEB-INF\classes\dao\DeviceDao.xml]'; nested exception is java.lang.RuntimeException: Error parsing Mapper XML. Cause: org.apache.ibatis.builder.BuilderException: Error resolving class. Cause: org.apache.ibatis.type.TypeException: Could not resolve type alias 'DevicePO'.  Cause: java.lang.ClassNotFoundException: Cannot find class: DevicePO
	at org.springframework.beans.factory.annotation.AutowiredAnnotationBeanPostProcessor.postProcessPropertyValues(AutowiredAnnotationBeanPostProcessor.java:288) ~[spring-beans-3.2.4.RELEASE.jar:3.2.4.RELEASE]
	at org.springframework.beans.factory.support.AbstractAutowireCapableBeanFactory.populateBean(AbstractAutowireCapableBeanFactory.java:1116) ~[spring-beans-3.2.4.RELEASE.jar:3.2.4.RELEASE]
	at org.springframework.beans.factory.support.AbstractAutowireCapableBeanFactory.doCreateBean(AbstractAutowireCapableBeanFactory.java:519) ~[spring-beans-3.2.4.RELEASE.jar:3.2.4.RELEASE]
	at org.springframework.beans.factory.support.AbstractAutowireCapableBeanFactory.createBean(AbstractAutowireCapableBeanFactory.java:458) ~[spring-beans-3.2.4.RELEASE.jar:3.2.4.RELEASE]
	at org.springframework.beans.factory.support.AbstractBeanFactory$1.getObject(AbstractBeanFactory.java:295) ~[spring-beans-3.2.4.RELEASE.jar:3.2.4.RELEASE]
	at org.springframework.beans.factory.support.DefaultSingletonBeanRegistry.getSingleton(DefaultSingletonBeanRegistry.java:223) ~[spring-beans-3.2.4.RELEASE.jar:3.2.4.RELEASE]
	at org.springframework.beans.factory.support.AbstractBeanFactory.doGetBean(AbstractBeanFactory.java:292) ~[spring-beans-3.2.4.RELEASE.jar:3.2.4.RELEASE]
	at org.springframework.beans.factory.support.AbstractBeanFactory.getBean(AbstractBeanFactory.java:194) ~[spring-beans-3.2.4.RELEASE.jar:3.2.4.RELEASE]
	at org.springframework.beans.factory.support.BeanDefinitionValueResolver.resolveReference(BeanDefinitionValueResolver.java:323) ~[spring-beans-3.2.4.RELEASE.jar:3.2.4.RELEASE]
	... 30 common frames omitted
Caused by: org.springframework.beans.factory.BeanCreationException: Could not autowire field: protected aos.framework.core.dao.SqlDao utils.TaskJob.sqlDao; nested exception is org.springframework.beans.factory.BeanCreationException: Error creating bean with name 'sqlDao' defined in class path resource [spring-mybatis.xml]: Cannot resolve reference to bean 'sqlSessionFactory' while setting bean property 'sqlSessionFactory'; nested exception is org.springframework.beans.factory.BeanCreationException: Error creating bean with name 'sqlSessionFactory' defined in class path resource [spring-mybatis.xml]: Invocation of init method failed; nested exception is org.springframework.core.NestedIOException: Failed to parse mapping resource: 'file [C:\zhihuianfang\code\CDZ7.09\webapp\WEB-INF\classes\dao\DeviceDao.xml]'; nested exception is java.lang.RuntimeException: Error parsing Mapper XML. Cause: org.apache.ibatis.builder.BuilderException: Error resolving class. Cause: org.apache.ibatis.type.TypeException: Could not resolve type alias 'DevicePO'.  Cause: java.lang.ClassNotFoundException: Cannot find class: DevicePO
	at org.springframework.beans.factory.annotation.AutowiredAnnotationBeanPostProcessor$AutowiredFieldElement.inject(AutowiredAnnotationBeanPostProcessor.java:514) ~[spring-beans-3.2.4.RELEASE.jar:3.2.4.RELEASE]
	at org.springframework.beans.factory.annotation.InjectionMetadata.inject(InjectionMetadata.java:87) ~[spring-beans-3.2.4.RELEASE.jar:3.2.4.RELEASE]
	at org.springframework.beans.factory.annotation.AutowiredAnnotationBeanPostProcessor.postProcessPropertyValues(AutowiredAnnotationBeanPostProcessor.java:285) ~[spring-beans-3.2.4.RELEASE.jar:3.2.4.RELEASE]
	... 38 common frames omitted
Caused by: org.springframework.beans.factory.BeanCreationException: Error creating bean with name 'sqlDao' defined in class path resource [spring-mybatis.xml]: Cannot resolve reference to bean 'sqlSessionFactory' while setting bean property 'sqlSessionFactory'; nested exception is org.springframework.beans.factory.BeanCreationException: Error creating bean with name 'sqlSessionFactory' defined in class path resource [spring-mybatis.xml]: Invocation of init method failed; nested exception is org.springframework.core.NestedIOException: Failed to parse mapping resource: 'file [C:\zhihuianfang\code\CDZ7.09\webapp\WEB-INF\classes\dao\DeviceDao.xml]'; nested exception is java.lang.RuntimeException: Error parsing Mapper XML. Cause: org.apache.ibatis.builder.BuilderException: Error resolving class. Cause: org.apache.ibatis.type.TypeException: Could not resolve type alias 'DevicePO'.  Cause: java.lang.ClassNotFoundException: Cannot find class: DevicePO
	at org.springframework.beans.factory.support.BeanDefinitionValueResolver.resolveReference(BeanDefinitionValueResolver.java:329) ~[spring-beans-3.2.4.RELEASE.jar:3.2.4.RELEASE]
	at org.springframework.beans.factory.support.BeanDefinitionValueResolver.resolveValueIfNecessary(BeanDefinitionValueResolver.java:107) ~[spring-beans-3.2.4.RELEASE.jar:3.2.4.RELEASE]
	at org.springframework.beans.factory.support.AbstractAutowireCapableBeanFactory.applyPropertyValues(AbstractAutowireCapableBeanFactory.java:1387) ~[spring-beans-3.2.4.RELEASE.jar:3.2.4.RELEASE]
	at org.springframework.beans.factory.support.AbstractAutowireCapableBeanFactory.populateBean(AbstractAutowireCapableBeanFactory.java:1128) ~[spring-beans-3.2.4.RELEASE.jar:3.2.4.RELEASE]
	at org.springframework.beans.factory.support.AbstractAutowireCapableBeanFactory.doCreateBean(AbstractAutowireCapableBeanFactory.java:519) ~[spring-beans-3.2.4.RELEASE.jar:3.2.4.RELEASE]
	at org.springframework.beans.factory.support.AbstractAutowireCapableBeanFactory.createBean(AbstractAutowireCapableBeanFactory.java:458) ~[spring-beans-3.2.4.RELEASE.jar:3.2.4.RELEASE]
	at org.springframework.beans.factory.support.AbstractBeanFactory$1.getObject(AbstractBeanFactory.java:295) ~[spring-beans-3.2.4.RELEASE.jar:3.2.4.RELEASE]
	at org.springframework.beans.factory.support.DefaultSingletonBeanRegistry.getSingleton(DefaultSingletonBeanRegistry.java:223) ~[spring-beans-3.2.4.RELEASE.jar:3.2.4.RELEASE]
	at org.springframework.beans.factory.support.AbstractBeanFactory.doGetBean(AbstractBeanFactory.java:292) ~[spring-beans-3.2.4.RELEASE.jar:3.2.4.RELEASE]
	at org.springframework.beans.factory.support.AbstractBeanFactory.getBean(AbstractBeanFactory.java:194) ~[spring-beans-3.2.4.RELEASE.jar:3.2.4.RELEASE]
	at org.springframework.beans.factory.support.DefaultListableBeanFactory.findAutowireCandidates(DefaultListableBeanFactory.java:912) ~[spring-beans-3.2.4.RELEASE.jar:3.2.4.RELEASE]
	at org.springframework.beans.factory.support.DefaultListableBeanFactory.doResolveDependency(DefaultListableBeanFactory.java:855) ~[spring-beans-3.2.4.RELEASE.jar:3.2.4.RELEASE]
	at org.springframework.beans.factory.support.DefaultListableBeanFactory.resolveDependency(DefaultListableBeanFactory.java:770) ~[spring-beans-3.2.4.RELEASE.jar:3.2.4.RELEASE]
	at org.springframework.beans.factory.annotation.AutowiredAnnotationBeanPostProcessor$AutowiredFieldElement.inject(AutowiredAnnotationBeanPostProcessor.java:486) ~[spring-beans-3.2.4.RELEASE.jar:3.2.4.RELEASE]
	... 40 common frames omitted
Caused by: org.springframework.beans.factory.BeanCreationException: Error creating bean with name 'sqlSessionFactory' defined in class path resource [spring-mybatis.xml]: Invocation of init method failed; nested exception is org.springframework.core.NestedIOException: Failed to parse mapping resource: 'file [C:\zhihuianfang\code\CDZ7.09\webapp\WEB-INF\classes\dao\DeviceDao.xml]'; nested exception is java.lang.RuntimeException: Error parsing Mapper XML. Cause: org.apache.ibatis.builder.BuilderException: Error resolving class. Cause: org.apache.ibatis.type.TypeException: Could not resolve type alias 'DevicePO'.  Cause: java.lang.ClassNotFoundException: Cannot find class: DevicePO
	at org.springframework.beans.factory.support.AbstractAutowireCapableBeanFactory.initializeBean(AbstractAutowireCapableBeanFactory.java:1482) ~[spring-beans-3.2.4.RELEASE.jar:3.2.4.RELEASE]
	at org.springframework.beans.factory.support.AbstractAutowireCapableBeanFactory.doCreateBean(AbstractAutowireCapableBeanFactory.java:521) ~[spring-beans-3.2.4.RELEASE.jar:3.2.4.RELEASE]
	at org.springframework.beans.factory.support.AbstractAutowireCapableBeanFactory.createBean(AbstractAutowireCapableBeanFactory.java:458) ~[spring-beans-3.2.4.RELEASE.jar:3.2.4.RELEASE]
	at org.springframework.beans.factory.support.AbstractBeanFactory$1.getObject(AbstractBeanFactory.java:295) ~[spring-beans-3.2.4.RELEASE.jar:3.2.4.RELEASE]
	at org.springframework.beans.factory.support.DefaultSingletonBeanRegistry.getSingleton(DefaultSingletonBeanRegistry.java:223) ~[spring-beans-3.2.4.RELEASE.jar:3.2.4.RELEASE]
	at org.springframework.beans.factory.support.AbstractBeanFactory.doGetBean(AbstractBeanFactory.java:292) ~[spring-beans-3.2.4.RELEASE.jar:3.2.4.RELEASE]
	at org.springframework.beans.factory.support.AbstractBeanFactory.getBean(AbstractBeanFactory.java:194) ~[spring-beans-3.2.4.RELEASE.jar:3.2.4.RELEASE]
	at org.springframework.beans.factory.support.BeanDefinitionValueResolver.resolveReference(BeanDefinitionValueResolver.java:323) ~[spring-beans-3.2.4.RELEASE.jar:3.2.4.RELEASE]
	... 53 common frames omitted
Caused by: org.springframework.core.NestedIOException: Failed to parse mapping resource: 'file [C:\zhihuianfang\code\CDZ7.09\webapp\WEB-INF\classes\dao\DeviceDao.xml]'; nested exception is java.lang.RuntimeException: Error parsing Mapper XML. Cause: org.apache.ibatis.builder.BuilderException: Error resolving class. Cause: org.apache.ibatis.type.TypeException: Could not resolve type alias 'DevicePO'.  Cause: java.lang.ClassNotFoundException: Cannot find class: DevicePO
	at org.mybatis.spring.SqlSessionFactoryBean.buildSqlSessionFactory(SqlSessionFactoryBean.java:462) ~[mybatis-spring-1.2.0.jar:na]
	at org.mybatis.spring.SqlSessionFactoryBean.afterPropertiesSet(SqlSessionFactoryBean.java:336) ~[mybatis-spring-1.2.0.jar:na]
	at org.springframework.beans.factory.support.AbstractAutowireCapableBeanFactory.invokeInitMethods(AbstractAutowireCapableBeanFactory.java:1541) ~[spring-beans-3.2.4.RELEASE.jar:3.2.4.RELEASE]
	at org.springframework.beans.factory.support.AbstractAutowireCapableBeanFactory.initializeBean(AbstractAutowireCapableBeanFactory.java:1479) ~[spring-beans-3.2.4.RELEASE.jar:3.2.4.RELEASE]
	... 60 common frames omitted
Caused by: java.lang.RuntimeException: Error parsing Mapper XML. Cause: org.apache.ibatis.builder.BuilderException: Error resolving class. Cause: org.apache.ibatis.type.TypeException: Could not resolve type alias 'DevicePO'.  Cause: java.lang.ClassNotFoundException: Cannot find class: DevicePO
	at org.apache.ibatis.builder.xml.XMLMapperBuilder.configurationElement(XMLMapperBuilder.java:113) ~[mybatis-3.2.2.jar:na]
	at org.apache.ibatis.builder.xml.XMLMapperBuilder.parse(XMLMapperBuilder.java:88) ~[mybatis-3.2.2.jar:na]
	at org.mybatis.spring.SqlSessionFactoryBean.buildSqlSessionFactory(SqlSessionFactoryBean.java:460) ~[mybatis-spring-1.2.0.jar:na]
	... 63 common frames omitted
Caused by: org.apache.ibatis.builder.BuilderException: Error resolving class. Cause: org.apache.ibatis.type.TypeException: Could not resolve type alias 'DevicePO'.  Cause: java.lang.ClassNotFoundException: Cannot find class: DevicePO
	at org.apache.ibatis.builder.BaseBuilder.resolveClass(BaseBuilder.java:100) ~[mybatis-3.2.2.jar:na]
	at org.apache.ibatis.builder.xml.XMLStatementBuilder.parseStatementNode(XMLStatementBuilder.java:63) ~[mybatis-3.2.2.jar:na]
	at org.apache.ibatis.builder.xml.XMLMapperBuilder.buildStatementFromContext(XMLMapperBuilder.java:128) ~[mybatis-3.2.2.jar:na]
	at org.apache.ibatis.builder.xml.XMLMapperBuilder.buildStatementFromContext(XMLMapperBuilder.java:121) ~[mybatis-3.2.2.jar:na]
	at org.apache.ibatis.builder.xml.XMLMapperBuilder.configurationElement(XMLMapperBuilder.java:111) ~[mybatis-3.2.2.jar:na]
	... 65 common frames omitted
Caused by: org.apache.ibatis.type.TypeException: Could not resolve type alias 'DevicePO'.  Cause: java.lang.ClassNotFoundException: Cannot find class: DevicePO
	at org.apache.ibatis.type.TypeAliasRegistry.resolveAlias(TypeAliasRegistry.java:114) ~[mybatis-3.2.2.jar:na]
	at org.apache.ibatis.builder.BaseBuilder.resolveAlias(BaseBuilder.java:127) ~[mybatis-3.2.2.jar:na]
	at org.apache.ibatis.builder.BaseBuilder.resolveClass(BaseBuilder.java:98) ~[mybatis-3.2.2.jar:na]
	... 69 common frames omitted
Caused by: java.lang.ClassNotFoundException: Cannot find class: DevicePO
	at org.apache.ibatis.io.ClassLoaderWrapper.classForName(ClassLoaderWrapper.java:188) ~[mybatis-3.2.2.jar:na]
	at org.apache.ibatis.io.ClassLoaderWrapper.classForName(ClassLoaderWrapper.java:87) ~[mybatis-3.2.2.jar:na]
	at org.apache.ibatis.io.Resources.classForName(Resources.java:254) ~[mybatis-3.2.2.jar:na]
	at org.apache.ibatis.type.TypeAliasRegistry.resolveAlias(TypeAliasRegistry.java:110) ~[mybatis-3.2.2.jar:na]
	... 71 common frames omitted
2018-07-26 20:02:46 ERROR [Class:a.f.c.s.AOSServer->Thread:main] 项目启动失败 
2018-07-26 20:13:24 ERROR [Class:a.f.c.c.CacheMasterDataService->Thread:qtp507084503-26] 没有获取到Key为[banktype]的数据字典。 
2018-07-26 20:30:42 ERROR [Class:a.f.c.c.CacheMasterDataService->Thread:qtp507084503-23] 没有获取到Key为[banktype]的数据字典。 
2018-07-26 20:34:35 ERROR [Class:a.f.c.c.CacheMasterDataService->Thread:qtp507084503-22] 没有获取到Key为[banktype]的数据字典。 
2018-07-26 20:38:07 ERROR [Class:a.f.c.c.CacheMasterDataService->Thread:qtp961160488-26] 没有获取到Key为[banktype]的数据字典。 
2018-07-26 20:38:08 ERROR [Class:a.f.c.c.CacheMasterDataService->Thread:qtp961160488-28] 没有获取到Key为[banktype]的数据字典。 
2018-07-26 20:42:08 ERROR [Class:a.f.c.c.CacheMasterDataService->Thread:qtp961160488-25] 没有获取到Key为[banktype]的数据字典。 
2018-07-26 20:45:59 ERROR [Class:a.f.c.c.CacheMasterDataService->Thread:qtp961160488-26] 没有获取到Key为[banktype]的数据字典。 
2018-07-26 20:52:31 ERROR [Class:a.f.c.c.CacheMasterDataService->Thread:qtp961160488-26] 没有获取到Key为[banktype]的数据字典。 
2018-07-26 21:01:08 ERROR [Class:a.f.c.c.CacheMasterDataService->Thread:qtp961160488-42] 没有获取到Key为[banktype]的数据字典。 
2018-07-26 21:15:02 WARN [Class:o.e.j.w.WebAppContext->Thread:main] Failed startup of context o.e.j.w.WebAppContext{/cdz,file:/C:/zhihuianfang/code/CDZ7.09/webapp/} 
org.springframework.beans.factory.BeanCreationException: Error creating bean with name 'org.springframework.scheduling.support.ScheduledMethodRunnable#0': Cannot resolve reference to bean 'taskJob' while setting constructor argument; nested exception is org.springframework.beans.factory.BeanCreationException: Error creating bean with name 'taskJob': Injection of autowired dependencies failed; nested exception is org.springframework.beans.factory.BeanCreationException: Could not autowire field: protected aos.framework.core.dao.SqlDao utils.TaskJob.sqlDao; nested exception is org.springframework.beans.factory.BeanCreationException: Error creating bean with name 'sqlDao' defined in class path resource [spring-mybatis.xml]: Cannot resolve reference to bean 'sqlSessionFactory' while setting bean property 'sqlSessionFactory'; nested exception is org.springframework.beans.factory.BeanCreationException: Error creating bean with name 'sqlSessionFactory' defined in class path resource [spring-mybatis.xml]: Invocation of init method failed; nested exception is org.springframework.core.NestedIOException: Failed to parse mapping resource: 'file [C:\zhihuianfang\code\CDZ7.09\webapp\WEB-INF\classes\dao\DeviceDao.xml]'; nested exception is org.apache.ibatis.builder.BuilderException: Error creating document instance.  Cause: org.xml.sax.SAXParseException; lineNumber: 727; columnNumber: 25; 必须声明元素类型 "delet"。
	at org.springframework.beans.factory.support.BeanDefinitionValueResolver.resolveReference(BeanDefinitionValueResolver.java:329) ~[spring-beans-3.2.4.RELEASE.jar:3.2.4.RELEASE]
	at org.springframework.beans.factory.support.BeanDefinitionValueResolver.resolveValueIfNecessary(BeanDefinitionValueResolver.java:107) ~[spring-beans-3.2.4.RELEASE.jar:3.2.4.RELEASE]
	at org.springframework.beans.factory.support.ConstructorResolver.resolveConstructorArguments(ConstructorResolver.java:615) ~[spring-beans-3.2.4.RELEASE.jar:3.2.4.RELEASE]
	at org.springframework.beans.factory.support.ConstructorResolver.autowireConstructor(ConstructorResolver.java:148) ~[spring-beans-3.2.4.RELEASE.jar:3.2.4.RELEASE]
	at org.springframework.beans.factory.support.AbstractAutowireCapableBeanFactory.autowireConstructor(AbstractAutowireCapableBeanFactory.java:1045) ~[spring-beans-3.2.4.RELEASE.jar:3.2.4.RELEASE]
	at org.springframework.beans.factory.support.AbstractAutowireCapableBeanFactory.createBeanInstance(AbstractAutowireCapableBeanFactory.java:949) ~[spring-beans-3.2.4.RELEASE.jar:3.2.4.RELEASE]
	at org.springframework.beans.factory.support.AbstractAutowireCapableBeanFactory.doCreateBean(AbstractAutowireCapableBeanFactory.java:487) ~[spring-beans-3.2.4.RELEASE.jar:3.2.4.RELEASE]
	at org.springframework.beans.factory.support.AbstractAutowireCapableBeanFactory.createBean(AbstractAutowireCapableBeanFactory.java:458) ~[spring-beans-3.2.4.RELEASE.jar:3.2.4.RELEASE]
	at org.springframework.beans.factory.support.AbstractBeanFactory$1.getObject(AbstractBeanFactory.java:295) ~[spring-beans-3.2.4.RELEASE.jar:3.2.4.RELEASE]
	at org.springframework.beans.factory.support.DefaultSingletonBeanRegistry.getSingleton(DefaultSingletonBeanRegistry.java:223) ~[spring-beans-3.2.4.RELEASE.jar:3.2.4.RELEASE]
	at org.springframework.beans.factory.support.AbstractBeanFactory.doGetBean(AbstractBeanFactory.java:292) ~[spring-beans-3.2.4.RELEASE.jar:3.2.4.RELEASE]
	at org.springframework.beans.factory.support.AbstractBeanFactory.getBean(AbstractBeanFactory.java:194) ~[spring-beans-3.2.4.RELEASE.jar:3.2.4.RELEASE]
	at org.springframework.beans.factory.support.DefaultListableBeanFactory.preInstantiateSingletons(DefaultListableBeanFactory.java:628) ~[spring-beans-3.2.4.RELEASE.jar:3.2.4.RELEASE]
	at org.springframework.context.support.AbstractApplicationContext.finishBeanFactoryInitialization(AbstractApplicationContext.java:932) ~[spring-context-3.2.4.RELEASE.jar:3.2.4.RELEASE]
	at org.springframework.context.support.AbstractApplicationContext.refresh(AbstractApplicationContext.java:479) ~[spring-context-3.2.4.RELEASE.jar:3.2.4.RELEASE]
	at org.springframework.web.context.ContextLoader.configureAndRefreshWebApplicationContext(ContextLoader.java:389) ~[spring-web-3.2.4.RELEASE.jar:3.2.4.RELEASE]
	at org.springframework.web.context.ContextLoader.initWebApplicationContext(ContextLoader.java:294) ~[spring-web-3.2.4.RELEASE.jar:3.2.4.RELEASE]
	at org.springframework.web.context.ContextLoaderListener.contextInitialized(ContextLoaderListener.java:112) ~[spring-web-3.2.4.RELEASE.jar:3.2.4.RELEASE]
	at org.eclipse.jetty.server.handler.ContextHandler.callContextInitialized(ContextHandler.java:782) ~[jetty-all-8.1.17.v20150415.jar:8.1.17.v20150415]
	at org.eclipse.jetty.servlet.ServletContextHandler.callContextInitialized(ServletContextHandler.java:424) ~[jetty-all-8.1.17.v20150415.jar:8.1.17.v20150415]
	at org.eclipse.jetty.server.handler.ContextHandler.startContext(ContextHandler.java:774) ~[jetty-all-8.1.17.v20150415.jar:8.1.17.v20150415]
	at org.eclipse.jetty.servlet.ServletContextHandler.startContext(ServletContextHandler.java:249) ~[jetty-all-8.1.17.v20150415.jar:8.1.17.v20150415]
	at org.eclipse.jetty.webapp.WebAppContext.startContext(WebAppContext.java:1242) ~[jetty-all-8.1.17.v20150415.jar:8.1.17.v20150415]
	at org.eclipse.jetty.server.handler.ContextHandler.doStart(ContextHandler.java:717) ~[jetty-all-8.1.17.v20150415.jar:8.1.17.v20150415]
	at org.eclipse.jetty.webapp.WebAppContext.doStart(WebAppContext.java:494) ~[jetty-all-8.1.17.v20150415.jar:8.1.17.v20150415]
	at org.eclipse.jetty.util.component.AbstractLifeCycle.start(AbstractLifeCycle.java:64) [jetty-all-8.1.17.v20150415.jar:8.1.17.v20150415]
	at org.eclipse.jetty.server.handler.HandlerWrapper.doStart(HandlerWrapper.java:95) [jetty-all-8.1.17.v20150415.jar:8.1.17.v20150415]
	at org.eclipse.jetty.server.Server.doStart(Server.java:282) [jetty-all-8.1.17.v20150415.jar:8.1.17.v20150415]
	at org.eclipse.jetty.util.component.AbstractLifeCycle.start(AbstractLifeCycle.java:64) [jetty-all-8.1.17.v20150415.jar:8.1.17.v20150415]
	at aos.framework.core.server.AOSServer.start(AOSServer.java:82) [classes/:na]
	at start.CDZStart.main(CDZStart.java:22) [classes/:na]
Caused by: org.springframework.beans.factory.BeanCreationException: Error creating bean with name 'taskJob': Injection of autowired dependencies failed; nested exception is org.springframework.beans.factory.BeanCreationException: Could not autowire field: protected aos.framework.core.dao.SqlDao utils.TaskJob.sqlDao; nested exception is org.springframework.beans.factory.BeanCreationException: Error creating bean with name 'sqlDao' defined in class path resource [spring-mybatis.xml]: Cannot resolve reference to bean 'sqlSessionFactory' while setting bean property 'sqlSessionFactory'; nested exception is org.springframework.beans.factory.BeanCreationException: Error creating bean with name 'sqlSessionFactory' defined in class path resource [spring-mybatis.xml]: Invocation of init method failed; nested exception is org.springframework.core.NestedIOException: Failed to parse mapping resource: 'file [C:\zhihuianfang\code\CDZ7.09\webapp\WEB-INF\classes\dao\DeviceDao.xml]'; nested exception is org.apache.ibatis.builder.BuilderException: Error creating document instance.  Cause: org.xml.sax.SAXParseException; lineNumber: 727; columnNumber: 25; 必须声明元素类型 "delet"。
	at org.springframework.beans.factory.annotation.AutowiredAnnotationBeanPostProcessor.postProcessPropertyValues(AutowiredAnnotationBeanPostProcessor.java:288) ~[spring-beans-3.2.4.RELEASE.jar:3.2.4.RELEASE]
	at org.springframework.beans.factory.support.AbstractAutowireCapableBeanFactory.populateBean(AbstractAutowireCapableBeanFactory.java:1116) ~[spring-beans-3.2.4.RELEASE.jar:3.2.4.RELEASE]
	at org.springframework.beans.factory.support.AbstractAutowireCapableBeanFactory.doCreateBean(AbstractAutowireCapableBeanFactory.java:519) ~[spring-beans-3.2.4.RELEASE.jar:3.2.4.RELEASE]
	at org.springframework.beans.factory.support.AbstractAutowireCapableBeanFactory.createBean(AbstractAutowireCapableBeanFactory.java:458) ~[spring-beans-3.2.4.RELEASE.jar:3.2.4.RELEASE]
	at org.springframework.beans.factory.support.AbstractBeanFactory$1.getObject(AbstractBeanFactory.java:295) ~[spring-beans-3.2.4.RELEASE.jar:3.2.4.RELEASE]
	at org.springframework.beans.factory.support.DefaultSingletonBeanRegistry.getSingleton(DefaultSingletonBeanRegistry.java:223) ~[spring-beans-3.2.4.RELEASE.jar:3.2.4.RELEASE]
	at org.springframework.beans.factory.support.AbstractBeanFactory.doGetBean(AbstractBeanFactory.java:292) ~[spring-beans-3.2.4.RELEASE.jar:3.2.4.RELEASE]
	at org.springframework.beans.factory.support.AbstractBeanFactory.getBean(AbstractBeanFactory.java:194) ~[spring-beans-3.2.4.RELEASE.jar:3.2.4.RELEASE]
	at org.springframework.beans.factory.support.BeanDefinitionValueResolver.resolveReference(BeanDefinitionValueResolver.java:323) ~[spring-beans-3.2.4.RELEASE.jar:3.2.4.RELEASE]
	... 30 common frames omitted
Caused by: org.springframework.beans.factory.BeanCreationException: Could not autowire field: protected aos.framework.core.dao.SqlDao utils.TaskJob.sqlDao; nested exception is org.springframework.beans.factory.BeanCreationException: Error creating bean with name 'sqlDao' defined in class path resource [spring-mybatis.xml]: Cannot resolve reference to bean 'sqlSessionFactory' while setting bean property 'sqlSessionFactory'; nested exception is org.springframework.beans.factory.BeanCreationException: Error creating bean with name 'sqlSessionFactory' defined in class path resource [spring-mybatis.xml]: Invocation of init method failed; nested exception is org.springframework.core.NestedIOException: Failed to parse mapping resource: 'file [C:\zhihuianfang\code\CDZ7.09\webapp\WEB-INF\classes\dao\DeviceDao.xml]'; nested exception is org.apache.ibatis.builder.BuilderException: Error creating document instance.  Cause: org.xml.sax.SAXParseException; lineNumber: 727; columnNumber: 25; 必须声明元素类型 "delet"。
	at org.springframework.beans.factory.annotation.AutowiredAnnotationBeanPostProcessor$AutowiredFieldElement.inject(AutowiredAnnotationBeanPostProcessor.java:514) ~[spring-beans-3.2.4.RELEASE.jar:3.2.4.RELEASE]
	at org.springframework.beans.factory.annotation.InjectionMetadata.inject(InjectionMetadata.java:87) ~[spring-beans-3.2.4.RELEASE.jar:3.2.4.RELEASE]
	at org.springframework.beans.factory.annotation.AutowiredAnnotationBeanPostProcessor.postProcessPropertyValues(AutowiredAnnotationBeanPostProcessor.java:285) ~[spring-beans-3.2.4.RELEASE.jar:3.2.4.RELEASE]
	... 38 common frames omitted
Caused by: org.springframework.beans.factory.BeanCreationException: Error creating bean with name 'sqlDao' defined in class path resource [spring-mybatis.xml]: Cannot resolve reference to bean 'sqlSessionFactory' while setting bean property 'sqlSessionFactory'; nested exception is org.springframework.beans.factory.BeanCreationException: Error creating bean with name 'sqlSessionFactory' defined in class path resource [spring-mybatis.xml]: Invocation of init method failed; nested exception is org.springframework.core.NestedIOException: Failed to parse mapping resource: 'file [C:\zhihuianfang\code\CDZ7.09\webapp\WEB-INF\classes\dao\DeviceDao.xml]'; nested exception is org.apache.ibatis.builder.BuilderException: Error creating document instance.  Cause: org.xml.sax.SAXParseException; lineNumber: 727; columnNumber: 25; 必须声明元素类型 "delet"。
	at org.springframework.beans.factory.support.BeanDefinitionValueResolver.resolveReference(BeanDefinitionValueResolver.java:329) ~[spring-beans-3.2.4.RELEASE.jar:3.2.4.RELEASE]
	at org.springframework.beans.factory.support.BeanDefinitionValueResolver.resolveValueIfNecessary(BeanDefinitionValueResolver.java:107) ~[spring-beans-3.2.4.RELEASE.jar:3.2.4.RELEASE]
	at org.springframework.beans.factory.support.AbstractAutowireCapableBeanFactory.applyPropertyValues(AbstractAutowireCapableBeanFactory.java:1387) ~[spring-beans-3.2.4.RELEASE.jar:3.2.4.RELEASE]
	at org.springframework.beans.factory.support.AbstractAutowireCapableBeanFactory.populateBean(AbstractAutowireCapableBeanFactory.java:1128) ~[spring-beans-3.2.4.RELEASE.jar:3.2.4.RELEASE]
	at org.springframework.beans.factory.support.AbstractAutowireCapableBeanFactory.doCreateBean(AbstractAutowireCapableBeanFactory.java:519) ~[spring-beans-3.2.4.RELEASE.jar:3.2.4.RELEASE]
	at org.springframework.beans.factory.support.AbstractAutowireCapableBeanFactory.createBean(AbstractAutowireCapableBeanFactory.java:458) ~[spring-beans-3.2.4.RELEASE.jar:3.2.4.RELEASE]
	at org.springframework.beans.factory.support.AbstractBeanFactory$1.getObject(AbstractBeanFactory.java:295) ~[spring-beans-3.2.4.RELEASE.jar:3.2.4.RELEASE]
	at org.springframework.beans.factory.support.DefaultSingletonBeanRegistry.getSingleton(DefaultSingletonBeanRegistry.java:223) ~[spring-beans-3.2.4.RELEASE.jar:3.2.4.RELEASE]
	at org.springframework.beans.factory.support.AbstractBeanFactory.doGetBean(AbstractBeanFactory.java:292) ~[spring-beans-3.2.4.RELEASE.jar:3.2.4.RELEASE]
	at org.springframework.beans.factory.support.AbstractBeanFactory.getBean(AbstractBeanFactory.java:194) ~[spring-beans-3.2.4.RELEASE.jar:3.2.4.RELEASE]
	at org.springframework.beans.factory.support.DefaultListableBeanFactory.findAutowireCandidates(DefaultListableBeanFactory.java:912) ~[spring-beans-3.2.4.RELEASE.jar:3.2.4.RELEASE]
	at org.springframework.beans.factory.support.DefaultListableBeanFactory.doResolveDependency(DefaultListableBeanFactory.java:855) ~[spring-beans-3.2.4.RELEASE.jar:3.2.4.RELEASE]
	at org.springframework.beans.factory.support.DefaultListableBeanFactory.resolveDependency(DefaultListableBeanFactory.java:770) ~[spring-beans-3.2.4.RELEASE.jar:3.2.4.RELEASE]
	at org.springframework.beans.factory.annotation.AutowiredAnnotationBeanPostProcessor$AutowiredFieldElement.inject(AutowiredAnnotationBeanPostProcessor.java:486) ~[spring-beans-3.2.4.RELEASE.jar:3.2.4.RELEASE]
	... 40 common frames omitted
Caused by: org.springframework.beans.factory.BeanCreationException: Error creating bean with name 'sqlSessionFactory' defined in class path resource [spring-mybatis.xml]: Invocation of init method failed; nested exception is org.springframework.core.NestedIOException: Failed to parse mapping resource: 'file [C:\zhihuianfang\code\CDZ7.09\webapp\WEB-INF\classes\dao\DeviceDao.xml]'; nested exception is org.apache.ibatis.builder.BuilderException: Error creating document instance.  Cause: org.xml.sax.SAXParseException; lineNumber: 727; columnNumber: 25; 必须声明元素类型 "delet"。
	at org.springframework.beans.factory.support.AbstractAutowireCapableBeanFactory.initializeBean(AbstractAutowireCapableBeanFactory.java:1482) ~[spring-beans-3.2.4.RELEASE.jar:3.2.4.RELEASE]
	at org.springframework.beans.factory.support.AbstractAutowireCapableBeanFactory.doCreateBean(AbstractAutowireCapableBeanFactory.java:521) ~[spring-beans-3.2.4.RELEASE.jar:3.2.4.RELEASE]
	at org.springframework.beans.factory.support.AbstractAutowireCapableBeanFactory.createBean(AbstractAutowireCapableBeanFactory.java:458) ~[spring-beans-3.2.4.RELEASE.jar:3.2.4.RELEASE]
	at org.springframework.beans.factory.support.AbstractBeanFactory$1.getObject(AbstractBeanFactory.java:295) ~[spring-beans-3.2.4.RELEASE.jar:3.2.4.RELEASE]
	at org.springframework.beans.factory.support.DefaultSingletonBeanRegistry.getSingleton(DefaultSingletonBeanRegistry.java:223) ~[spring-beans-3.2.4.RELEASE.jar:3.2.4.RELEASE]
	at org.springframework.beans.factory.support.AbstractBeanFactory.doGetBean(AbstractBeanFactory.java:292) ~[spring-beans-3.2.4.RELEASE.jar:3.2.4.RELEASE]
	at org.springframework.beans.factory.support.AbstractBeanFactory.getBean(AbstractBeanFactory.java:194) ~[spring-beans-3.2.4.RELEASE.jar:3.2.4.RELEASE]
	at org.springframework.beans.factory.support.BeanDefinitionValueResolver.resolveReference(BeanDefinitionValueResolver.java:323) ~[spring-beans-3.2.4.RELEASE.jar:3.2.4.RELEASE]
	... 53 common frames omitted
Caused by: org.springframework.core.NestedIOException: Failed to parse mapping resource: 'file [C:\zhihuianfang\code\CDZ7.09\webapp\WEB-INF\classes\dao\DeviceDao.xml]'; nested exception is org.apache.ibatis.builder.BuilderException: Error creating document instance.  Cause: org.xml.sax.SAXParseException; lineNumber: 727; columnNumber: 25; 必须声明元素类型 "delet"。
	at org.mybatis.spring.SqlSessionFactoryBean.buildSqlSessionFactory(SqlSessionFactoryBean.java:462) ~[mybatis-spring-1.2.0.jar:na]
	at org.mybatis.spring.SqlSessionFactoryBean.afterPropertiesSet(SqlSessionFactoryBean.java:336) ~[mybatis-spring-1.2.0.jar:na]
	at org.springframework.beans.factory.support.AbstractAutowireCapableBeanFactory.invokeInitMethods(AbstractAutowireCapableBeanFactory.java:1541) ~[spring-beans-3.2.4.RELEASE.jar:3.2.4.RELEASE]
	at org.springframework.beans.factory.support.AbstractAutowireCapableBeanFactory.initializeBean(AbstractAutowireCapableBeanFactory.java:1479) ~[spring-beans-3.2.4.RELEASE.jar:3.2.4.RELEASE]
	... 60 common frames omitted
Caused by: org.apache.ibatis.builder.BuilderException: Error creating document instance.  Cause: org.xml.sax.SAXParseException; lineNumber: 727; columnNumber: 25; 必须声明元素类型 "delet"。
	at org.apache.ibatis.parsing.XPathParser.createDocument(XPathParser.java:253) ~[mybatis-3.2.2.jar:na]
	at org.apache.ibatis.parsing.XPathParser.<init>(XPathParser.java:122) ~[mybatis-3.2.2.jar:na]
	at org.apache.ibatis.builder.xml.XMLMapperBuilder.<init>(XMLMapperBuilder.java:74) ~[mybatis-3.2.2.jar:na]
	at org.mybatis.spring.SqlSessionFactoryBean.buildSqlSessionFactory(SqlSessionFactoryBean.java:458) ~[mybatis-spring-1.2.0.jar:na]
	... 63 common frames omitted
Caused by: org.xml.sax.SAXParseException: 必须声明元素类型 "delet"。
	at com.sun.org.apache.xerces.internal.util.ErrorHandlerWrapper.createSAXParseException(ErrorHandlerWrapper.java:203) ~[na:1.8.0_172]
	at com.sun.org.apache.xerces.internal.util.ErrorHandlerWrapper.error(ErrorHandlerWrapper.java:134) ~[na:1.8.0_172]
	at com.sun.org.apache.xerces.internal.impl.XMLErrorReporter.reportError(XMLErrorReporter.java:396) ~[na:1.8.0_172]
	at com.sun.org.apache.xerces.internal.impl.XMLErrorReporter.reportError(XMLErrorReporter.java:327) ~[na:1.8.0_172]
	at com.sun.org.apache.xerces.internal.impl.XMLErrorReporter.reportError(XMLErrorReporter.java:284) ~[na:1.8.0_172]
	at com.sun.org.apache.xerces.internal.impl.dtd.XMLDTDValidator.handleStartElement(XMLDTDValidator.java:1906) ~[na:1.8.0_172]
	at com.sun.org.apache.xerces.internal.impl.dtd.XMLDTDValidator.startElement(XMLDTDValidator.java:742) ~[na:1.8.0_172]
	at com.sun.org.apache.xerces.internal.impl.XMLDocumentFragmentScannerImpl.scanStartElement(XMLDocumentFragmentScannerImpl.java:1359) ~[na:1.8.0_172]
	at com.sun.org.apache.xerces.internal.impl.XMLDocumentFragmentScannerImpl$FragmentContentDriver.next(XMLDocumentFragmentScannerImpl.java:2784) ~[na:1.8.0_172]
	at com.sun.org.apache.xerces.internal.impl.XMLDocumentScannerImpl.next(XMLDocumentScannerImpl.java:602) ~[na:1.8.0_172]
	at com.sun.org.apache.xerces.internal.impl.XMLDocumentFragmentScannerImpl.scanDocument(XMLDocumentFragmentScannerImpl.java:505) ~[na:1.8.0_172]
	at com.sun.org.apache.xerces.internal.parsers.XML11Configuration.parse(XML11Configuration.java:842) ~[na:1.8.0_172]
	at com.sun.org.apache.xerces.internal.parsers.XML11Configuration.parse(XML11Configuration.java:771) ~[na:1.8.0_172]
	at com.sun.org.apache.xerces.internal.parsers.XMLParser.parse(XMLParser.java:141) ~[na:1.8.0_172]
	at com.sun.org.apache.xerces.internal.parsers.DOMParser.parse(DOMParser.java:243) ~[na:1.8.0_172]
	at com.sun.org.apache.xerces.internal.jaxp.DocumentBuilderImpl.parse(DocumentBuilderImpl.java:339) ~[na:1.8.0_172]
	at org.apache.ibatis.parsing.XPathParser.createDocument(XPathParser.java:251) ~[mybatis-3.2.2.jar:na]
	... 66 common frames omitted
2018-07-26 21:15:03 ERROR [Class:a.f.c.s.AOSServer->Thread:main] 项目启动失败 
2018-07-26 21:17:22 WARN [Class:o.e.j.w.WebAppContext->Thread:main] Failed startup of context o.e.j.w.WebAppContext{/cdz,file:/C:/zhihuianfang/code/CDZ7.09/webapp/} 
org.springframework.beans.factory.BeanCreationException: Error creating bean with name 'org.springframework.scheduling.support.ScheduledMethodRunnable#0': Cannot resolve reference to bean 'taskJob' while setting constructor argument; nested exception is org.springframework.beans.factory.BeanCreationException: Error creating bean with name 'taskJob': Injection of autowired dependencies failed; nested exception is org.springframework.beans.factory.BeanCreationException: Could not autowire field: protected aos.framework.core.dao.SqlDao utils.TaskJob.sqlDao; nested exception is org.springframework.beans.factory.BeanCreationException: Error creating bean with name 'sqlDao' defined in class path resource [spring-mybatis.xml]: Cannot resolve reference to bean 'sqlSessionFactory' while setting bean property 'sqlSessionFactory'; nested exception is org.springframework.beans.factory.BeanCreationException: Error creating bean with name 'sqlSessionFactory' defined in class path resource [spring-mybatis.xml]: Invocation of init method failed; nested exception is org.springframework.core.NestedIOException: Failed to parse mapping resource: 'file [C:\zhihuianfang\code\CDZ7.09\webapp\WEB-INF\classes\dao\DeviceDao.xml]'; nested exception is org.apache.ibatis.builder.BuilderException: Error creating document instance.  Cause: org.xml.sax.SAXParseException; lineNumber: 727; columnNumber: 25; 必须声明元素类型 "delet"。
	at org.springframework.beans.factory.support.BeanDefinitionValueResolver.resolveReference(BeanDefinitionValueResolver.java:329) ~[spring-beans-3.2.4.RELEASE.jar:3.2.4.RELEASE]
	at org.springframework.beans.factory.support.BeanDefinitionValueResolver.resolveValueIfNecessary(BeanDefinitionValueResolver.java:107) ~[spring-beans-3.2.4.RELEASE.jar:3.2.4.RELEASE]
	at org.springframework.beans.factory.support.ConstructorResolver.resolveConstructorArguments(ConstructorResolver.java:615) ~[spring-beans-3.2.4.RELEASE.jar:3.2.4.RELEASE]
	at org.springframework.beans.factory.support.ConstructorResolver.autowireConstructor(ConstructorResolver.java:148) ~[spring-beans-3.2.4.RELEASE.jar:3.2.4.RELEASE]
	at org.springframework.beans.factory.support.AbstractAutowireCapableBeanFactory.autowireConstructor(AbstractAutowireCapableBeanFactory.java:1045) ~[spring-beans-3.2.4.RELEASE.jar:3.2.4.RELEASE]
	at org.springframework.beans.factory.support.AbstractAutowireCapableBeanFactory.createBeanInstance(AbstractAutowireCapableBeanFactory.java:949) ~[spring-beans-3.2.4.RELEASE.jar:3.2.4.RELEASE]
	at org.springframework.beans.factory.support.AbstractAutowireCapableBeanFactory.doCreateBean(AbstractAutowireCapableBeanFactory.java:487) ~[spring-beans-3.2.4.RELEASE.jar:3.2.4.RELEASE]
	at org.springframework.beans.factory.support.AbstractAutowireCapableBeanFactory.createBean(AbstractAutowireCapableBeanFactory.java:458) ~[spring-beans-3.2.4.RELEASE.jar:3.2.4.RELEASE]
	at org.springframework.beans.factory.support.AbstractBeanFactory$1.getObject(AbstractBeanFactory.java:295) ~[spring-beans-3.2.4.RELEASE.jar:3.2.4.RELEASE]
	at org.springframework.beans.factory.support.DefaultSingletonBeanRegistry.getSingleton(DefaultSingletonBeanRegistry.java:223) ~[spring-beans-3.2.4.RELEASE.jar:3.2.4.RELEASE]
	at org.springframework.beans.factory.support.AbstractBeanFactory.doGetBean(AbstractBeanFactory.java:292) ~[spring-beans-3.2.4.RELEASE.jar:3.2.4.RELEASE]
	at org.springframework.beans.factory.support.AbstractBeanFactory.getBean(AbstractBeanFactory.java:194) ~[spring-beans-3.2.4.RELEASE.jar:3.2.4.RELEASE]
	at org.springframework.beans.factory.support.DefaultListableBeanFactory.preInstantiateSingletons(DefaultListableBeanFactory.java:628) ~[spring-beans-3.2.4.RELEASE.jar:3.2.4.RELEASE]
	at org.springframework.context.support.AbstractApplicationContext.finishBeanFactoryInitialization(AbstractApplicationContext.java:932) ~[spring-context-3.2.4.RELEASE.jar:3.2.4.RELEASE]
	at org.springframework.context.support.AbstractApplicationContext.refresh(AbstractApplicationContext.java:479) ~[spring-context-3.2.4.RELEASE.jar:3.2.4.RELEASE]
	at org.springframework.web.context.ContextLoader.configureAndRefreshWebApplicationContext(ContextLoader.java:389) ~[spring-web-3.2.4.RELEASE.jar:3.2.4.RELEASE]
	at org.springframework.web.context.ContextLoader.initWebApplicationContext(ContextLoader.java:294) ~[spring-web-3.2.4.RELEASE.jar:3.2.4.RELEASE]
	at org.springframework.web.context.ContextLoaderListener.contextInitialized(ContextLoaderListener.java:112) ~[spring-web-3.2.4.RELEASE.jar:3.2.4.RELEASE]
	at org.eclipse.jetty.server.handler.ContextHandler.callContextInitialized(ContextHandler.java:782) ~[jetty-all-8.1.17.v20150415.jar:8.1.17.v20150415]
	at org.eclipse.jetty.servlet.ServletContextHandler.callContextInitialized(ServletContextHandler.java:424) ~[jetty-all-8.1.17.v20150415.jar:8.1.17.v20150415]
	at org.eclipse.jetty.server.handler.ContextHandler.startContext(ContextHandler.java:774) ~[jetty-all-8.1.17.v20150415.jar:8.1.17.v20150415]
	at org.eclipse.jetty.servlet.ServletContextHandler.startContext(ServletContextHandler.java:249) ~[jetty-all-8.1.17.v20150415.jar:8.1.17.v20150415]
	at org.eclipse.jetty.webapp.WebAppContext.startContext(WebAppContext.java:1242) ~[jetty-all-8.1.17.v20150415.jar:8.1.17.v20150415]
	at org.eclipse.jetty.server.handler.ContextHandler.doStart(ContextHandler.java:717) ~[jetty-all-8.1.17.v20150415.jar:8.1.17.v20150415]
	at org.eclipse.jetty.webapp.WebAppContext.doStart(WebAppContext.java:494) ~[jetty-all-8.1.17.v20150415.jar:8.1.17.v20150415]
	at org.eclipse.jetty.util.component.AbstractLifeCycle.start(AbstractLifeCycle.java:64) [jetty-all-8.1.17.v20150415.jar:8.1.17.v20150415]
	at org.eclipse.jetty.server.handler.HandlerWrapper.doStart(HandlerWrapper.java:95) [jetty-all-8.1.17.v20150415.jar:8.1.17.v20150415]
	at org.eclipse.jetty.server.Server.doStart(Server.java:282) [jetty-all-8.1.17.v20150415.jar:8.1.17.v20150415]
	at org.eclipse.jetty.util.component.AbstractLifeCycle.start(AbstractLifeCycle.java:64) [jetty-all-8.1.17.v20150415.jar:8.1.17.v20150415]
	at aos.framework.core.server.AOSServer.start(AOSServer.java:82) [classes/:na]
	at start.CDZStart.main(CDZStart.java:22) [classes/:na]
Caused by: org.springframework.beans.factory.BeanCreationException: Error creating bean with name 'taskJob': Injection of autowired dependencies failed; nested exception is org.springframework.beans.factory.BeanCreationException: Could not autowire field: protected aos.framework.core.dao.SqlDao utils.TaskJob.sqlDao; nested exception is org.springframework.beans.factory.BeanCreationException: Error creating bean with name 'sqlDao' defined in class path resource [spring-mybatis.xml]: Cannot resolve reference to bean 'sqlSessionFactory' while setting bean property 'sqlSessionFactory'; nested exception is org.springframework.beans.factory.BeanCreationException: Error creating bean with name 'sqlSessionFactory' defined in class path resource [spring-mybatis.xml]: Invocation of init method failed; nested exception is org.springframework.core.NestedIOException: Failed to parse mapping resource: 'file [C:\zhihuianfang\code\CDZ7.09\webapp\WEB-INF\classes\dao\DeviceDao.xml]'; nested exception is org.apache.ibatis.builder.BuilderException: Error creating document instance.  Cause: org.xml.sax.SAXParseException; lineNumber: 727; columnNumber: 25; 必须声明元素类型 "delet"。
	at org.springframework.beans.factory.annotation.AutowiredAnnotationBeanPostProcessor.postProcessPropertyValues(AutowiredAnnotationBeanPostProcessor.java:288) ~[spring-beans-3.2.4.RELEASE.jar:3.2.4.RELEASE]
	at org.springframework.beans.factory.support.AbstractAutowireCapableBeanFactory.populateBean(AbstractAutowireCapableBeanFactory.java:1116) ~[spring-beans-3.2.4.RELEASE.jar:3.2.4.RELEASE]
	at org.springframework.beans.factory.support.AbstractAutowireCapableBeanFactory.doCreateBean(AbstractAutowireCapableBeanFactory.java:519) ~[spring-beans-3.2.4.RELEASE.jar:3.2.4.RELEASE]
	at org.springframework.beans.factory.support.AbstractAutowireCapableBeanFactory.createBean(AbstractAutowireCapableBeanFactory.java:458) ~[spring-beans-3.2.4.RELEASE.jar:3.2.4.RELEASE]
	at org.springframework.beans.factory.support.AbstractBeanFactory$1.getObject(AbstractBeanFactory.java:295) ~[spring-beans-3.2.4.RELEASE.jar:3.2.4.RELEASE]
	at org.springframework.beans.factory.support.DefaultSingletonBeanRegistry.getSingleton(DefaultSingletonBeanRegistry.java:223) ~[spring-beans-3.2.4.RELEASE.jar:3.2.4.RELEASE]
	at org.springframework.beans.factory.support.AbstractBeanFactory.doGetBean(AbstractBeanFactory.java:292) ~[spring-beans-3.2.4.RELEASE.jar:3.2.4.RELEASE]
	at org.springframework.beans.factory.support.AbstractBeanFactory.getBean(AbstractBeanFactory.java:194) ~[spring-beans-3.2.4.RELEASE.jar:3.2.4.RELEASE]
	at org.springframework.beans.factory.support.BeanDefinitionValueResolver.resolveReference(BeanDefinitionValueResolver.java:323) ~[spring-beans-3.2.4.RELEASE.jar:3.2.4.RELEASE]
	... 30 common frames omitted
Caused by: org.springframework.beans.factory.BeanCreationException: Could not autowire field: protected aos.framework.core.dao.SqlDao utils.TaskJob.sqlDao; nested exception is org.springframework.beans.factory.BeanCreationException: Error creating bean with name 'sqlDao' defined in class path resource [spring-mybatis.xml]: Cannot resolve reference to bean 'sqlSessionFactory' while setting bean property 'sqlSessionFactory'; nested exception is org.springframework.beans.factory.BeanCreationException: Error creating bean with name 'sqlSessionFactory' defined in class path resource [spring-mybatis.xml]: Invocation of init method failed; nested exception is org.springframework.core.NestedIOException: Failed to parse mapping resource: 'file [C:\zhihuianfang\code\CDZ7.09\webapp\WEB-INF\classes\dao\DeviceDao.xml]'; nested exception is org.apache.ibatis.builder.BuilderException: Error creating document instance.  Cause: org.xml.sax.SAXParseException; lineNumber: 727; columnNumber: 25; 必须声明元素类型 "delet"。
	at org.springframework.beans.factory.annotation.AutowiredAnnotationBeanPostProcessor$AutowiredFieldElement.inject(AutowiredAnnotationBeanPostProcessor.java:514) ~[spring-beans-3.2.4.RELEASE.jar:3.2.4.RELEASE]
	at org.springframework.beans.factory.annotation.InjectionMetadata.inject(InjectionMetadata.java:87) ~[spring-beans-3.2.4.RELEASE.jar:3.2.4.RELEASE]
	at org.springframework.beans.factory.annotation.AutowiredAnnotationBeanPostProcessor.postProcessPropertyValues(AutowiredAnnotationBeanPostProcessor.java:285) ~[spring-beans-3.2.4.RELEASE.jar:3.2.4.RELEASE]
	... 38 common frames omitted
Caused by: org.springframework.beans.factory.BeanCreationException: Error creating bean with name 'sqlDao' defined in class path resource [spring-mybatis.xml]: Cannot resolve reference to bean 'sqlSessionFactory' while setting bean property 'sqlSessionFactory'; nested exception is org.springframework.beans.factory.BeanCreationException: Error creating bean with name 'sqlSessionFactory' defined in class path resource [spring-mybatis.xml]: Invocation of init method failed; nested exception is org.springframework.core.NestedIOException: Failed to parse mapping resource: 'file [C:\zhihuianfang\code\CDZ7.09\webapp\WEB-INF\classes\dao\DeviceDao.xml]'; nested exception is org.apache.ibatis.builder.BuilderException: Error creating document instance.  Cause: org.xml.sax.SAXParseException; lineNumber: 727; columnNumber: 25; 必须声明元素类型 "delet"。
	at org.springframework.beans.factory.support.BeanDefinitionValueResolver.resolveReference(BeanDefinitionValueResolver.java:329) ~[spring-beans-3.2.4.RELEASE.jar:3.2.4.RELEASE]
	at org.springframework.beans.factory.support.BeanDefinitionValueResolver.resolveValueIfNecessary(BeanDefinitionValueResolver.java:107) ~[spring-beans-3.2.4.RELEASE.jar:3.2.4.RELEASE]
	at org.springframework.beans.factory.support.AbstractAutowireCapableBeanFactory.applyPropertyValues(AbstractAutowireCapableBeanFactory.java:1387) ~[spring-beans-3.2.4.RELEASE.jar:3.2.4.RELEASE]
	at org.springframework.beans.factory.support.AbstractAutowireCapableBeanFactory.populateBean(AbstractAutowireCapableBeanFactory.java:1128) ~[spring-beans-3.2.4.RELEASE.jar:3.2.4.RELEASE]
	at org.springframework.beans.factory.support.AbstractAutowireCapableBeanFactory.doCreateBean(AbstractAutowireCapableBeanFactory.java:519) ~[spring-beans-3.2.4.RELEASE.jar:3.2.4.RELEASE]
	at org.springframework.beans.factory.support.AbstractAutowireCapableBeanFactory.createBean(AbstractAutowireCapableBeanFactory.java:458) ~[spring-beans-3.2.4.RELEASE.jar:3.2.4.RELEASE]
	at org.springframework.beans.factory.support.AbstractBeanFactory$1.getObject(AbstractBeanFactory.java:295) ~[spring-beans-3.2.4.RELEASE.jar:3.2.4.RELEASE]
	at org.springframework.beans.factory.support.DefaultSingletonBeanRegistry.getSingleton(DefaultSingletonBeanRegistry.java:223) ~[spring-beans-3.2.4.RELEASE.jar:3.2.4.RELEASE]
	at org.springframework.beans.factory.support.AbstractBeanFactory.doGetBean(AbstractBeanFactory.java:292) ~[spring-beans-3.2.4.RELEASE.jar:3.2.4.RELEASE]
	at org.springframework.beans.factory.support.AbstractBeanFactory.getBean(AbstractBeanFactory.java:194) ~[spring-beans-3.2.4.RELEASE.jar:3.2.4.RELEASE]
	at org.springframework.beans.factory.support.DefaultListableBeanFactory.findAutowireCandidates(DefaultListableBeanFactory.java:912) ~[spring-beans-3.2.4.RELEASE.jar:3.2.4.RELEASE]
	at org.springframework.beans.factory.support.DefaultListableBeanFactory.doResolveDependency(DefaultListableBeanFactory.java:855) ~[spring-beans-3.2.4.RELEASE.jar:3.2.4.RELEASE]
	at org.springframework.beans.factory.support.DefaultListableBeanFactory.resolveDependency(DefaultListableBeanFactory.java:770) ~[spring-beans-3.2.4.RELEASE.jar:3.2.4.RELEASE]
	at org.springframework.beans.factory.annotation.AutowiredAnnotationBeanPostProcessor$AutowiredFieldElement.inject(AutowiredAnnotationBeanPostProcessor.java:486) ~[spring-beans-3.2.4.RELEASE.jar:3.2.4.RELEASE]
	... 40 common frames omitted
Caused by: org.springframework.beans.factory.BeanCreationException: Error creating bean with name 'sqlSessionFactory' defined in class path resource [spring-mybatis.xml]: Invocation of init method failed; nested exception is org.springframework.core.NestedIOException: Failed to parse mapping resource: 'file [C:\zhihuianfang\code\CDZ7.09\webapp\WEB-INF\classes\dao\DeviceDao.xml]'; nested exception is org.apache.ibatis.builder.BuilderException: Error creating document instance.  Cause: org.xml.sax.SAXParseException; lineNumber: 727; columnNumber: 25; 必须声明元素类型 "delet"。
	at org.springframework.beans.factory.support.AbstractAutowireCapableBeanFactory.initializeBean(AbstractAutowireCapableBeanFactory.java:1482) ~[spring-beans-3.2.4.RELEASE.jar:3.2.4.RELEASE]
	at org.springframework.beans.factory.support.AbstractAutowireCapableBeanFactory.doCreateBean(AbstractAutowireCapableBeanFactory.java:521) ~[spring-beans-3.2.4.RELEASE.jar:3.2.4.RELEASE]
	at org.springframework.beans.factory.support.AbstractAutowireCapableBeanFactory.createBean(AbstractAutowireCapableBeanFactory.java:458) ~[spring-beans-3.2.4.RELEASE.jar:3.2.4.RELEASE]
	at org.springframework.beans.factory.support.AbstractBeanFactory$1.getObject(AbstractBeanFactory.java:295) ~[spring-beans-3.2.4.RELEASE.jar:3.2.4.RELEASE]
	at org.springframework.beans.factory.support.DefaultSingletonBeanRegistry.getSingleton(DefaultSingletonBeanRegistry.java:223) ~[spring-beans-3.2.4.RELEASE.jar:3.2.4.RELEASE]
	at org.springframework.beans.factory.support.AbstractBeanFactory.doGetBean(AbstractBeanFactory.java:292) ~[spring-beans-3.2.4.RELEASE.jar:3.2.4.RELEASE]
	at org.springframework.beans.factory.support.AbstractBeanFactory.getBean(AbstractBeanFactory.java:194) ~[spring-beans-3.2.4.RELEASE.jar:3.2.4.RELEASE]
	at org.springframework.beans.factory.support.BeanDefinitionValueResolver.resolveReference(BeanDefinitionValueResolver.java:323) ~[spring-beans-3.2.4.RELEASE.jar:3.2.4.RELEASE]
	... 53 common frames omitted
Caused by: org.springframework.core.NestedIOException: Failed to parse mapping resource: 'file [C:\zhihuianfang\code\CDZ7.09\webapp\WEB-INF\classes\dao\DeviceDao.xml]'; nested exception is org.apache.ibatis.builder.BuilderException: Error creating document instance.  Cause: org.xml.sax.SAXParseException; lineNumber: 727; columnNumber: 25; 必须声明元素类型 "delet"。
	at org.mybatis.spring.SqlSessionFactoryBean.buildSqlSessionFactory(SqlSessionFactoryBean.java:462) ~[mybatis-spring-1.2.0.jar:na]
	at org.mybatis.spring.SqlSessionFactoryBean.afterPropertiesSet(SqlSessionFactoryBean.java:336) ~[mybatis-spring-1.2.0.jar:na]
	at org.springframework.beans.factory.support.AbstractAutowireCapableBeanFactory.invokeInitMethods(AbstractAutowireCapableBeanFactory.java:1541) ~[spring-beans-3.2.4.RELEASE.jar:3.2.4.RELEASE]
	at org.springframework.beans.factory.support.AbstractAutowireCapableBeanFactory.initializeBean(AbstractAutowireCapableBeanFactory.java:1479) ~[spring-beans-3.2.4.RELEASE.jar:3.2.4.RELEASE]
	... 60 common frames omitted
Caused by: org.apache.ibatis.builder.BuilderException: Error creating document instance.  Cause: org.xml.sax.SAXParseException; lineNumber: 727; columnNumber: 25; 必须声明元素类型 "delet"。
	at org.apache.ibatis.parsing.XPathParser.createDocument(XPathParser.java:253) ~[mybatis-3.2.2.jar:na]
	at org.apache.ibatis.parsing.XPathParser.<init>(XPathParser.java:122) ~[mybatis-3.2.2.jar:na]
	at org.apache.ibatis.builder.xml.XMLMapperBuilder.<init>(XMLMapperBuilder.java:74) ~[mybatis-3.2.2.jar:na]
	at org.mybatis.spring.SqlSessionFactoryBean.buildSqlSessionFactory(SqlSessionFactoryBean.java:458) ~[mybatis-spring-1.2.0.jar:na]
	... 63 common frames omitted
Caused by: org.xml.sax.SAXParseException: 必须声明元素类型 "delet"。
	at com.sun.org.apache.xerces.internal.util.ErrorHandlerWrapper.createSAXParseException(ErrorHandlerWrapper.java:203) ~[na:1.8.0_172]
	at com.sun.org.apache.xerces.internal.util.ErrorHandlerWrapper.error(ErrorHandlerWrapper.java:134) ~[na:1.8.0_172]
	at com.sun.org.apache.xerces.internal.impl.XMLErrorReporter.reportError(XMLErrorReporter.java:396) ~[na:1.8.0_172]
	at com.sun.org.apache.xerces.internal.impl.XMLErrorReporter.reportError(XMLErrorReporter.java:327) ~[na:1.8.0_172]
	at com.sun.org.apache.xerces.internal.impl.XMLErrorReporter.reportError(XMLErrorReporter.java:284) ~[na:1.8.0_172]
	at com.sun.org.apache.xerces.internal.impl.dtd.XMLDTDValidator.handleStartElement(XMLDTDValidator.java:1906) ~[na:1.8.0_172]
	at com.sun.org.apache.xerces.internal.impl.dtd.XMLDTDValidator.startElement(XMLDTDValidator.java:742) ~[na:1.8.0_172]
	at com.sun.org.apache.xerces.internal.impl.XMLDocumentFragmentScannerImpl.scanStartElement(XMLDocumentFragmentScannerImpl.java:1359) ~[na:1.8.0_172]
	at com.sun.org.apache.xerces.internal.impl.XMLDocumentFragmentScannerImpl$FragmentContentDriver.next(XMLDocumentFragmentScannerImpl.java:2784) ~[na:1.8.0_172]
	at com.sun.org.apache.xerces.internal.impl.XMLDocumentScannerImpl.next(XMLDocumentScannerImpl.java:602) ~[na:1.8.0_172]
	at com.sun.org.apache.xerces.internal.impl.XMLDocumentFragmentScannerImpl.scanDocument(XMLDocumentFragmentScannerImpl.java:505) ~[na:1.8.0_172]
	at com.sun.org.apache.xerces.internal.parsers.XML11Configuration.parse(XML11Configuration.java:842) ~[na:1.8.0_172]
	at com.sun.org.apache.xerces.internal.parsers.XML11Configuration.parse(XML11Configuration.java:771) ~[na:1.8.0_172]
	at com.sun.org.apache.xerces.internal.parsers.XMLParser.parse(XMLParser.java:141) ~[na:1.8.0_172]
	at com.sun.org.apache.xerces.internal.parsers.DOMParser.parse(DOMParser.java:243) ~[na:1.8.0_172]
	at com.sun.org.apache.xerces.internal.jaxp.DocumentBuilderImpl.parse(DocumentBuilderImpl.java:339) ~[na:1.8.0_172]
	at org.apache.ibatis.parsing.XPathParser.createDocument(XPathParser.java:251) ~[mybatis-3.2.2.jar:na]
	... 66 common frames omitted
2018-07-26 21:17:23 ERROR [Class:a.f.c.s.AOSServer->Thread:main] 项目启动失败 
2018-07-26 21:33:49 ERROR [Class:a.f.c.c.CacheMasterDataService->Thread:qtp507084503-25] 没有获取到Key为[banktype]的数据字典。 
2018-07-26 21:40:27 ERROR [Class:a.f.c.c.CacheMasterDataService->Thread:qtp507084503-23] 没有获取到Key为[banktype]的数据字典。 
2018-07-26 21:43:59 ERROR [Class:a.f.c.c.CacheMasterDataService->Thread:qtp507084503-26] 没有获取到Key为[banktype]的数据字典。 
2018-07-26 21:46:37 ERROR [Class:a.f.c.c.CacheMasterDataService->Thread:qtp507084503-22] 没有获取到Key为[banktype]的数据字典。 
2018-07-26 21:47:03 WARN [Class:o.e.j.s.ServletHandler->Thread:qtp507084503-26]  
org.springframework.web.util.NestedServletException: Request processing failed; nested exception is aos.framework.core.exception.AOSException: 系统繁忙，请稍后再试。
	at org.springframework.web.servlet.FrameworkServlet.processRequest(FrameworkServlet.java:948) ~[spring-webmvc-3.2.4.RELEASE.jar:3.2.4.RELEASE]
	at org.springframework.web.servlet.FrameworkServlet.doGet(FrameworkServlet.java:827) ~[spring-webmvc-3.2.4.RELEASE.jar:3.2.4.RELEASE]
	at javax.servlet.http.HttpServlet.service(HttpServlet.java:735) ~[javax.servlet-3.0.0.v201112011016.jar:na]
	at org.springframework.web.servlet.FrameworkServlet.service(FrameworkServlet.java:812) ~[spring-webmvc-3.2.4.RELEASE.jar:3.2.4.RELEASE]
	at javax.servlet.http.HttpServlet.service(HttpServlet.java:848) ~[javax.servlet-3.0.0.v201112011016.jar:na]
	at org.eclipse.jetty.servlet.ServletHolder.handle(ServletHolder.java:684) ~[jetty-all-8.1.17.v20150415.jar:8.1.17.v20150415]
	at org.eclipse.jetty.servlet.ServletHandler$CachedChain.doFilter(ServletHandler.java:1496) ~[jetty-all-8.1.17.v20150415.jar:8.1.17.v20150415]
	at aos.framework.web.filter.HttpBackendFilter.doFilter(HttpBackendFilter.java:85) ~[classes/:na]
	at org.eclipse.jetty.servlet.ServletHandler$CachedChain.doFilter(ServletHandler.java:1484) ~[jetty-all-8.1.17.v20150415.jar:8.1.17.v20150415]
	at aos.framework.web.filter.HttpFilter.doFilter(HttpFilter.java:50) ~[classes/:na]
	at org.eclipse.jetty.servlet.ServletHandler$CachedChain.doFilter(ServletHandler.java:1484) ~[jetty-all-8.1.17.v20150415.jar:8.1.17.v20150415]
	at org.springframework.web.filter.CharacterEncodingFilter.doFilterInternal(CharacterEncodingFilter.java:88) ~[spring-web-3.2.4.RELEASE.jar:3.2.4.RELEASE]
	at org.springframework.web.filter.OncePerRequestFilter.doFilter(OncePerRequestFilter.java:107) ~[spring-web-3.2.4.RELEASE.jar:3.2.4.RELEASE]
	at org.eclipse.jetty.servlet.ServletHandler$CachedChain.doFilter(ServletHandler.java:1476) ~[jetty-all-8.1.17.v20150415.jar:8.1.17.v20150415]
	at org.eclipse.jetty.servlet.ServletHandler.doHandle(ServletHandler.java:501) [jetty-all-8.1.17.v20150415.jar:8.1.17.v20150415]
	at org.eclipse.jetty.server.handler.ScopedHandler.handle(ScopedHandler.java:137) [jetty-all-8.1.17.v20150415.jar:8.1.17.v20150415]
	at org.eclipse.jetty.security.SecurityHandler.handle(SecurityHandler.java:557) [jetty-all-8.1.17.v20150415.jar:8.1.17.v20150415]
	at org.eclipse.jetty.server.session.SessionHandler.doHandle(SessionHandler.java:231) [jetty-all-8.1.17.v20150415.jar:8.1.17.v20150415]
	at org.eclipse.jetty.server.handler.ContextHandler.doHandle(ContextHandler.java:1086) [jetty-all-8.1.17.v20150415.jar:8.1.17.v20150415]
	at org.eclipse.jetty.servlet.ServletHandler.doScope(ServletHandler.java:429) [jetty-all-8.1.17.v20150415.jar:8.1.17.v20150415]
	at org.eclipse.jetty.server.session.SessionHandler.doScope(SessionHandler.java:193) [jetty-all-8.1.17.v20150415.jar:8.1.17.v20150415]
	at org.eclipse.jetty.server.handler.ContextHandler.doScope(ContextHandler.java:1020) [jetty-all-8.1.17.v20150415.jar:8.1.17.v20150415]
	at org.eclipse.jetty.server.handler.ScopedHandler.handle(ScopedHandler.java:135) [jetty-all-8.1.17.v20150415.jar:8.1.17.v20150415]
	at org.eclipse.jetty.server.handler.HandlerWrapper.handle(HandlerWrapper.java:116) [jetty-all-8.1.17.v20150415.jar:8.1.17.v20150415]
	at org.eclipse.jetty.server.Server.handle(Server.java:370) [jetty-all-8.1.17.v20150415.jar:8.1.17.v20150415]
	at org.eclipse.jetty.server.AbstractHttpConnection.handleRequest(AbstractHttpConnection.java:494) [jetty-all-8.1.17.v20150415.jar:8.1.17.v20150415]
	at org.eclipse.jetty.server.AbstractHttpConnection.headerComplete(AbstractHttpConnection.java:971) [jetty-all-8.1.17.v20150415.jar:8.1.17.v20150415]
	at org.eclipse.jetty.server.AbstractHttpConnection$RequestHandler.headerComplete(AbstractHttpConnection.java:1033) [jetty-all-8.1.17.v20150415.jar:8.1.17.v20150415]
	at org.eclipse.jetty.http.HttpParser.parseNext(HttpParser.java:644) [jetty-all-8.1.17.v20150415.jar:8.1.17.v20150415]
	at org.eclipse.jetty.http.HttpParser.parseAvailable(HttpParser.java:235) [jetty-all-8.1.17.v20150415.jar:8.1.17.v20150415]
	at org.eclipse.jetty.server.AsyncHttpConnection.handle(AsyncHttpConnection.java:82) [jetty-all-8.1.17.v20150415.jar:8.1.17.v20150415]
	at org.eclipse.jetty.io.nio.SelectChannelEndPoint.handle(SelectChannelEndPoint.java:696) [jetty-all-8.1.17.v20150415.jar:8.1.17.v20150415]
	at org.eclipse.jetty.io.nio.SelectChannelEndPoint$1.run(SelectChannelEndPoint.java:53) [jetty-all-8.1.17.v20150415.jar:8.1.17.v20150415]
	at org.eclipse.jetty.util.thread.QueuedThreadPool.runJob(QueuedThreadPool.java:608) [jetty-all-8.1.17.v20150415.jar:8.1.17.v20150415]
	at org.eclipse.jetty.util.thread.QueuedThreadPool$3.run(QueuedThreadPool.java:543) [jetty-all-8.1.17.v20150415.jar:8.1.17.v20150415]
	at java.lang.Thread.run(Thread.java:748) [na:1.8.0_172]
Caused by: aos.framework.core.exception.AOSException: 系统繁忙，请稍后再试。
	at aos.framework.web.router.HttpRouterController.execute(HttpRouterController.java:76) ~[classes/:na]
	at sun.reflect.GeneratedMethodAccessor54.invoke(Unknown Source) ~[na:na]
	at sun.reflect.DelegatingMethodAccessorImpl.invoke(DelegatingMethodAccessorImpl.java:43) ~[na:1.8.0_172]
	at java.lang.reflect.Method.invoke(Method.java:498) ~[na:1.8.0_172]
	at org.springframework.web.method.support.InvocableHandlerMethod.invoke(InvocableHandlerMethod.java:219) ~[spring-web-3.2.4.RELEASE.jar:3.2.4.RELEASE]
	at org.springframework.web.method.support.InvocableHandlerMethod.invokeForRequest(InvocableHandlerMethod.java:132) ~[spring-web-3.2.4.RELEASE.jar:3.2.4.RELEASE]
	at org.springframework.web.servlet.mvc.method.annotation.ServletInvocableHandlerMethod.invokeAndHandle(ServletInvocableHandlerMethod.java:104) ~[spring-webmvc-3.2.4.RELEASE.jar:3.2.4.RELEASE]
	at org.springframework.web.servlet.mvc.method.annotation.RequestMappingHandlerAdapter.invokeHandleMethod(RequestMappingHandlerAdapter.java:745) ~[spring-webmvc-3.2.4.RELEASE.jar:3.2.4.RELEASE]
	at org.springframework.web.servlet.mvc.method.annotation.RequestMappingHandlerAdapter.handleInternal(RequestMappingHandlerAdapter.java:686) ~[spring-webmvc-3.2.4.RELEASE.jar:3.2.4.RELEASE]
	at org.springframework.web.servlet.mvc.method.AbstractHandlerMethodAdapter.handle(AbstractHandlerMethodAdapter.java:80) ~[spring-webmvc-3.2.4.RELEASE.jar:3.2.4.RELEASE]
	at org.springframework.web.servlet.DispatcherServlet.doDispatch(DispatcherServlet.java:925) ~[spring-webmvc-3.2.4.RELEASE.jar:3.2.4.RELEASE]
	at org.springframework.web.servlet.DispatcherServlet.doService(DispatcherServlet.java:856) ~[spring-webmvc-3.2.4.RELEASE.jar:3.2.4.RELEASE]
	at org.springframework.web.servlet.FrameworkServlet.processRequest(FrameworkServlet.java:936) ~[spring-webmvc-3.2.4.RELEASE.jar:3.2.4.RELEASE]
	... 35 common frames omitted
2018-07-26 21:47:03 WARN [Class:o.e.j.s.ServletHandler->Thread:qtp507084503-26] /cdz/http/do.jhtml 
aos.framework.core.exception.AOSException: 系统繁忙，请稍后再试。
	at aos.framework.web.router.HttpRouterController.execute(HttpRouterController.java:76) ~[classes/:na]
	at sun.reflect.GeneratedMethodAccessor54.invoke(Unknown Source) ~[na:na]
	at sun.reflect.DelegatingMethodAccessorImpl.invoke(DelegatingMethodAccessorImpl.java:43) ~[na:1.8.0_172]
	at java.lang.reflect.Method.invoke(Method.java:498) ~[na:1.8.0_172]
	at org.springframework.web.method.support.InvocableHandlerMethod.invoke(InvocableHandlerMethod.java:219) ~[spring-web-3.2.4.RELEASE.jar:3.2.4.RELEASE]
	at org.springframework.web.method.support.InvocableHandlerMethod.invokeForRequest(InvocableHandlerMethod.java:132) ~[spring-web-3.2.4.RELEASE.jar:3.2.4.RELEASE]
	at org.springframework.web.servlet.mvc.method.annotation.ServletInvocableHandlerMethod.invokeAndHandle(ServletInvocableHandlerMethod.java:104) ~[spring-webmvc-3.2.4.RELEASE.jar:3.2.4.RELEASE]
	at org.springframework.web.servlet.mvc.method.annotation.RequestMappingHandlerAdapter.invokeHandleMethod(RequestMappingHandlerAdapter.java:745) ~[spring-webmvc-3.2.4.RELEASE.jar:3.2.4.RELEASE]
	at org.springframework.web.servlet.mvc.method.annotation.RequestMappingHandlerAdapter.handleInternal(RequestMappingHandlerAdapter.java:686) ~[spring-webmvc-3.2.4.RELEASE.jar:3.2.4.RELEASE]
	at org.springframework.web.servlet.mvc.method.AbstractHandlerMethodAdapter.handle(AbstractHandlerMethodAdapter.java:80) ~[spring-webmvc-3.2.4.RELEASE.jar:3.2.4.RELEASE]
	at org.springframework.web.servlet.DispatcherServlet.doDispatch(DispatcherServlet.java:925) ~[spring-webmvc-3.2.4.RELEASE.jar:3.2.4.RELEASE]
	at org.springframework.web.servlet.DispatcherServlet.doService(DispatcherServlet.java:856) ~[spring-webmvc-3.2.4.RELEASE.jar:3.2.4.RELEASE]
	at org.springframework.web.servlet.FrameworkServlet.processRequest(FrameworkServlet.java:936) ~[spring-webmvc-3.2.4.RELEASE.jar:3.2.4.RELEASE]
	at org.springframework.web.servlet.FrameworkServlet.doGet(FrameworkServlet.java:827) ~[spring-webmvc-3.2.4.RELEASE.jar:3.2.4.RELEASE]
	at javax.servlet.http.HttpServlet.service(HttpServlet.java:735) ~[javax.servlet-3.0.0.v201112011016.jar:na]
	at org.springframework.web.servlet.FrameworkServlet.service(FrameworkServlet.java:812) ~[spring-webmvc-3.2.4.RELEASE.jar:3.2.4.RELEASE]
	at javax.servlet.http.HttpServlet.service(HttpServlet.java:848) ~[javax.servlet-3.0.0.v201112011016.jar:na]
	at org.eclipse.jetty.servlet.ServletHolder.handle(ServletHolder.java:684) ~[jetty-all-8.1.17.v20150415.jar:8.1.17.v20150415]
	at org.eclipse.jetty.servlet.ServletHandler$CachedChain.doFilter(ServletHandler.java:1496) ~[jetty-all-8.1.17.v20150415.jar:8.1.17.v20150415]
	at aos.framework.web.filter.HttpBackendFilter.doFilter(HttpBackendFilter.java:85) ~[classes/:na]
	at org.eclipse.jetty.servlet.ServletHandler$CachedChain.doFilter(ServletHandler.java:1484) ~[jetty-all-8.1.17.v20150415.jar:8.1.17.v20150415]
	at aos.framework.web.filter.HttpFilter.doFilter(HttpFilter.java:50) ~[classes/:na]
	at org.eclipse.jetty.servlet.ServletHandler$CachedChain.doFilter(ServletHandler.java:1484) ~[jetty-all-8.1.17.v20150415.jar:8.1.17.v20150415]
	at org.springframework.web.filter.CharacterEncodingFilter.doFilterInternal(CharacterEncodingFilter.java:88) ~[spring-web-3.2.4.RELEASE.jar:3.2.4.RELEASE]
	at org.springframework.web.filter.OncePerRequestFilter.doFilter(OncePerRequestFilter.java:107) ~[spring-web-3.2.4.RELEASE.jar:3.2.4.RELEASE]
	at org.eclipse.jetty.servlet.ServletHandler$CachedChain.doFilter(ServletHandler.java:1476) ~[jetty-all-8.1.17.v20150415.jar:8.1.17.v20150415]
	at org.eclipse.jetty.servlet.ServletHandler.doHandle(ServletHandler.java:501) [jetty-all-8.1.17.v20150415.jar:8.1.17.v20150415]
	at org.eclipse.jetty.server.handler.ScopedHandler.handle(ScopedHandler.java:137) [jetty-all-8.1.17.v20150415.jar:8.1.17.v20150415]
	at org.eclipse.jetty.security.SecurityHandler.handle(SecurityHandler.java:557) [jetty-all-8.1.17.v20150415.jar:8.1.17.v20150415]
	at org.eclipse.jetty.server.session.SessionHandler.doHandle(SessionHandler.java:231) [jetty-all-8.1.17.v20150415.jar:8.1.17.v20150415]
	at org.eclipse.jetty.server.handler.ContextHandler.doHandle(ContextHandler.java:1086) [jetty-all-8.1.17.v20150415.jar:8.1.17.v20150415]
	at org.eclipse.jetty.servlet.ServletHandler.doScope(ServletHandler.java:429) [jetty-all-8.1.17.v20150415.jar:8.1.17.v20150415]
	at org.eclipse.jetty.server.session.SessionHandler.doScope(SessionHandler.java:193) [jetty-all-8.1.17.v20150415.jar:8.1.17.v20150415]
	at org.eclipse.jetty.server.handler.ContextHandler.doScope(ContextHandler.java:1020) [jetty-all-8.1.17.v20150415.jar:8.1.17.v20150415]
	at org.eclipse.jetty.server.handler.ScopedHandler.handle(ScopedHandler.java:135) [jetty-all-8.1.17.v20150415.jar:8.1.17.v20150415]
	at org.eclipse.jetty.server.handler.HandlerWrapper.handle(HandlerWrapper.java:116) [jetty-all-8.1.17.v20150415.jar:8.1.17.v20150415]
	at org.eclipse.jetty.server.Server.handle(Server.java:370) [jetty-all-8.1.17.v20150415.jar:8.1.17.v20150415]
	at org.eclipse.jetty.server.AbstractHttpConnection.handleRequest(AbstractHttpConnection.java:494) [jetty-all-8.1.17.v20150415.jar:8.1.17.v20150415]
	at org.eclipse.jetty.server.AbstractHttpConnection.headerComplete(AbstractHttpConnection.java:971) [jetty-all-8.1.17.v20150415.jar:8.1.17.v20150415]
	at org.eclipse.jetty.server.AbstractHttpConnection$RequestHandler.headerComplete(AbstractHttpConnection.java:1033) [jetty-all-8.1.17.v20150415.jar:8.1.17.v20150415]
	at org.eclipse.jetty.http.HttpParser.parseNext(HttpParser.java:644) [jetty-all-8.1.17.v20150415.jar:8.1.17.v20150415]
	at org.eclipse.jetty.http.HttpParser.parseAvailable(HttpParser.java:235) [jetty-all-8.1.17.v20150415.jar:8.1.17.v20150415]
	at org.eclipse.jetty.server.AsyncHttpConnection.handle(AsyncHttpConnection.java:82) [jetty-all-8.1.17.v20150415.jar:8.1.17.v20150415]
	at org.eclipse.jetty.io.nio.SelectChannelEndPoint.handle(SelectChannelEndPoint.java:696) [jetty-all-8.1.17.v20150415.jar:8.1.17.v20150415]
	at org.eclipse.jetty.io.nio.SelectChannelEndPoint$1.run(SelectChannelEndPoint.java:53) [jetty-all-8.1.17.v20150415.jar:8.1.17.v20150415]
	at org.eclipse.jetty.util.thread.QueuedThreadPool.runJob(QueuedThreadPool.java:608) [jetty-all-8.1.17.v20150415.jar:8.1.17.v20150415]
	at org.eclipse.jetty.util.thread.QueuedThreadPool$3.run(QueuedThreadPool.java:543) [jetty-all-8.1.17.v20150415.jar:8.1.17.v20150415]
	at java.lang.Thread.run(Thread.java:748) [na:1.8.0_172]
2018-07-26 23:13:58 ERROR [Class:a.f.c.c.CacheMasterDataService->Thread:qtp1310540333-28] 没有获取到Key为[banktype]的数据字典。 
