2018-08-03 16:01:32 WARN [Class:o.e.j.s.ServletHandler->Thread:qtp540642172-28]  
org.springframework.web.util.NestedServletException: Request processing failed; nested exception is aos.framework.core.exception.AOSException: 没有找到[appApiService.push]对应的方法，请确认路由信息是否正确。
	at org.springframework.web.servlet.FrameworkServlet.processRequest(FrameworkServlet.java:948) ~[spring-webmvc-3.2.4.RELEASE.jar:3.2.4.RELEASE]
	at org.springframework.web.servlet.FrameworkServlet.doGet(FrameworkServlet.java:827) ~[spring-webmvc-3.2.4.RELEASE.jar:3.2.4.RELEASE]
	at javax.servlet.http.HttpServlet.service(HttpServlet.java:735) ~[javax.servlet-3.0.0.v201112011016.jar:na]
	at org.springframework.web.servlet.FrameworkServlet.service(FrameworkServlet.java:812) ~[spring-webmvc-3.2.4.RELEASE.jar:3.2.4.RELEASE]
	at javax.servlet.http.HttpServlet.service(HttpServlet.java:848) ~[javax.servlet-3.0.0.v201112011016.jar:na]
	at org.eclipse.jetty.servlet.ServletHolder.handle(ServletHolder.java:684) ~[jetty-all-8.1.17.v20150415.jar:8.1.17.v20150415]
	at org.eclipse.jetty.servlet.ServletHandler$CachedChain.doFilter(ServletHandler.java:1496) ~[jetty-all-8.1.17.v20150415.jar:8.1.17.v20150415]
	at aos.framework.web.filter.HttpApiFilter.doFilter(HttpApiFilter.java:60) ~[classes/:na]
	at org.eclipse.jetty.servlet.ServletHandler$CachedChain.doFilter(ServletHandler.java:1484) ~[jetty-all-8.1.17.v20150415.jar:8.1.17.v20150415]
	at aos.framework.web.filter.HttpFilter.doFilter(HttpFilter.java:50) ~[classes/:na]
	at org.eclipse.jetty.servlet.ServletHandler$CachedChain.doFilter(ServletHandler.java:1484) ~[jetty-all-8.1.17.v20150415.jar:8.1.17.v20150415]
	at org.springframework.web.filter.CharacterEncodingFilter.doFilterInternal(CharacterEncodingFilter.java:88) ~[spring-web-3.2.4.RELEASE.jar:3.2.4.RELEASE]
	at org.springframework.web.filter.OncePerRequestFilter.doFilter(OncePerRequestFilter.java:107) ~[spring-web-3.2.4.RELEASE.jar:3.2.4.RELEASE]
	at org.eclipse.jetty.servlet.ServletHandler$CachedChain.doFilter(ServletHandler.java:1476) ~[jetty-all-8.1.17.v20150415.jar:8.1.17.v20150415]
	at org.eclipse.jetty.servlet.ServletHandler.doHandle(ServletHandler.java:501) [jetty-all-8.1.17.v20150415.jar:8.1.17.v20150415]
	at org.eclipse.jetty.server.handler.ScopedHandler.handle(ScopedHandler.java:137) [jetty-all-8.1.17.v20150415.jar:8.1.17.v20150415]
	at org.eclipse.jetty.security.SecurityHandler.handle(SecurityHandler.java:557) [jetty-all-8.1.17.v20150415.jar:8.1.17.v20150415]
	at org.eclipse.jetty.server.session.SessionHandler.doHandle(SessionHandler.java:231) [jetty-all-8.1.17.v20150415.jar:8.1.17.v20150415]
	at org.eclipse.jetty.server.handler.ContextHandler.doHandle(ContextHandler.java:1086) [jetty-all-8.1.17.v20150415.jar:8.1.17.v20150415]
	at org.eclipse.jetty.servlet.ServletHandler.doScope(ServletHandler.java:429) [jetty-all-8.1.17.v20150415.jar:8.1.17.v20150415]
	at org.eclipse.jetty.server.session.SessionHandler.doScope(SessionHandler.java:193) [jetty-all-8.1.17.v20150415.jar:8.1.17.v20150415]
	at org.eclipse.jetty.server.handler.ContextHandler.doScope(ContextHandler.java:1020) [jetty-all-8.1.17.v20150415.jar:8.1.17.v20150415]
	at org.eclipse.jetty.server.handler.ScopedHandler.handle(ScopedHandler.java:135) [jetty-all-8.1.17.v20150415.jar:8.1.17.v20150415]
	at org.eclipse.jetty.server.handler.HandlerWrapper.handle(HandlerWrapper.java:116) [jetty-all-8.1.17.v20150415.jar:8.1.17.v20150415]
	at org.eclipse.jetty.server.Server.handle(Server.java:370) [jetty-all-8.1.17.v20150415.jar:8.1.17.v20150415]
	at org.eclipse.jetty.server.AbstractHttpConnection.handleRequest(AbstractHttpConnection.java:494) [jetty-all-8.1.17.v20150415.jar:8.1.17.v20150415]
	at org.eclipse.jetty.server.AbstractHttpConnection.headerComplete(AbstractHttpConnection.java:971) [jetty-all-8.1.17.v20150415.jar:8.1.17.v20150415]
	at org.eclipse.jetty.server.AbstractHttpConnection$RequestHandler.headerComplete(AbstractHttpConnection.java:1033) [jetty-all-8.1.17.v20150415.jar:8.1.17.v20150415]
	at org.eclipse.jetty.http.HttpParser.parseNext(HttpParser.java:644) [jetty-all-8.1.17.v20150415.jar:8.1.17.v20150415]
	at org.eclipse.jetty.http.HttpParser.parseAvailable(HttpParser.java:235) [jetty-all-8.1.17.v20150415.jar:8.1.17.v20150415]
	at org.eclipse.jetty.server.AsyncHttpConnection.handle(AsyncHttpConnection.java:82) [jetty-all-8.1.17.v20150415.jar:8.1.17.v20150415]
	at org.eclipse.jetty.io.nio.SelectChannelEndPoint.handle(SelectChannelEndPoint.java:696) [jetty-all-8.1.17.v20150415.jar:8.1.17.v20150415]
	at org.eclipse.jetty.io.nio.SelectChannelEndPoint$1.run(SelectChannelEndPoint.java:53) [jetty-all-8.1.17.v20150415.jar:8.1.17.v20150415]
	at org.eclipse.jetty.util.thread.QueuedThreadPool.runJob(QueuedThreadPool.java:608) [jetty-all-8.1.17.v20150415.jar:8.1.17.v20150415]
	at org.eclipse.jetty.util.thread.QueuedThreadPool$3.run(QueuedThreadPool.java:543) [jetty-all-8.1.17.v20150415.jar:8.1.17.v20150415]
	at java.lang.Thread.run(Thread.java:748) [na:1.8.0_172]
Caused by: aos.framework.core.exception.AOSException: 没有找到[appApiService.push]对应的方法，请确认路由信息是否正确。
	at aos.framework.web.router.HttpApiRouterController.execute(HttpApiRouterController.java:78) ~[classes/:na]
	at sun.reflect.NativeMethodAccessorImpl.invoke0(Native Method) ~[na:1.8.0_172]
	at sun.reflect.NativeMethodAccessorImpl.invoke(NativeMethodAccessorImpl.java:62) ~[na:1.8.0_172]
	at sun.reflect.DelegatingMethodAccessorImpl.invoke(DelegatingMethodAccessorImpl.java:43) ~[na:1.8.0_172]
	at java.lang.reflect.Method.invoke(Method.java:498) ~[na:1.8.0_172]
	at org.springframework.web.method.support.InvocableHandlerMethod.invoke(InvocableHandlerMethod.java:219) ~[spring-web-3.2.4.RELEASE.jar:3.2.4.RELEASE]
	at org.springframework.web.method.support.InvocableHandlerMethod.invokeForRequest(InvocableHandlerMethod.java:132) ~[spring-web-3.2.4.RELEASE.jar:3.2.4.RELEASE]
	at org.springframework.web.servlet.mvc.method.annotation.ServletInvocableHandlerMethod.invokeAndHandle(ServletInvocableHandlerMethod.java:104) ~[spring-webmvc-3.2.4.RELEASE.jar:3.2.4.RELEASE]
	at org.springframework.web.servlet.mvc.method.annotation.RequestMappingHandlerAdapter.invokeHandleMethod(RequestMappingHandlerAdapter.java:745) ~[spring-webmvc-3.2.4.RELEASE.jar:3.2.4.RELEASE]
	at org.springframework.web.servlet.mvc.method.annotation.RequestMappingHandlerAdapter.handleInternal(RequestMappingHandlerAdapter.java:686) ~[spring-webmvc-3.2.4.RELEASE.jar:3.2.4.RELEASE]
	at org.springframework.web.servlet.mvc.method.AbstractHandlerMethodAdapter.handle(AbstractHandlerMethodAdapter.java:80) ~[spring-webmvc-3.2.4.RELEASE.jar:3.2.4.RELEASE]
	at org.springframework.web.servlet.DispatcherServlet.doDispatch(DispatcherServlet.java:925) ~[spring-webmvc-3.2.4.RELEASE.jar:3.2.4.RELEASE]
	at org.springframework.web.servlet.DispatcherServlet.doService(DispatcherServlet.java:856) ~[spring-webmvc-3.2.4.RELEASE.jar:3.2.4.RELEASE]
	at org.springframework.web.servlet.FrameworkServlet.processRequest(FrameworkServlet.java:936) ~[spring-webmvc-3.2.4.RELEASE.jar:3.2.4.RELEASE]
	... 35 common frames omitted
2018-08-03 16:01:32 WARN [Class:o.e.j.s.ServletHandler->Thread:qtp540642172-28] /cdz/api/do.jhtml 
aos.framework.core.exception.AOSException: 没有找到[appApiService.push]对应的方法，请确认路由信息是否正确。
	at aos.framework.web.router.HttpApiRouterController.execute(HttpApiRouterController.java:78) ~[classes/:na]
	at sun.reflect.NativeMethodAccessorImpl.invoke0(Native Method) ~[na:1.8.0_172]
	at sun.reflect.NativeMethodAccessorImpl.invoke(NativeMethodAccessorImpl.java:62) ~[na:1.8.0_172]
	at sun.reflect.DelegatingMethodAccessorImpl.invoke(DelegatingMethodAccessorImpl.java:43) ~[na:1.8.0_172]
	at java.lang.reflect.Method.invoke(Method.java:498) ~[na:1.8.0_172]
	at org.springframework.web.method.support.InvocableHandlerMethod.invoke(InvocableHandlerMethod.java:219) ~[spring-web-3.2.4.RELEASE.jar:3.2.4.RELEASE]
	at org.springframework.web.method.support.InvocableHandlerMethod.invokeForRequest(InvocableHandlerMethod.java:132) ~[spring-web-3.2.4.RELEASE.jar:3.2.4.RELEASE]
	at org.springframework.web.servlet.mvc.method.annotation.ServletInvocableHandlerMethod.invokeAndHandle(ServletInvocableHandlerMethod.java:104) ~[spring-webmvc-3.2.4.RELEASE.jar:3.2.4.RELEASE]
	at org.springframework.web.servlet.mvc.method.annotation.RequestMappingHandlerAdapter.invokeHandleMethod(RequestMappingHandlerAdapter.java:745) ~[spring-webmvc-3.2.4.RELEASE.jar:3.2.4.RELEASE]
	at org.springframework.web.servlet.mvc.method.annotation.RequestMappingHandlerAdapter.handleInternal(RequestMappingHandlerAdapter.java:686) ~[spring-webmvc-3.2.4.RELEASE.jar:3.2.4.RELEASE]
	at org.springframework.web.servlet.mvc.method.AbstractHandlerMethodAdapter.handle(AbstractHandlerMethodAdapter.java:80) ~[spring-webmvc-3.2.4.RELEASE.jar:3.2.4.RELEASE]
	at org.springframework.web.servlet.DispatcherServlet.doDispatch(DispatcherServlet.java:925) ~[spring-webmvc-3.2.4.RELEASE.jar:3.2.4.RELEASE]
	at org.springframework.web.servlet.DispatcherServlet.doService(DispatcherServlet.java:856) ~[spring-webmvc-3.2.4.RELEASE.jar:3.2.4.RELEASE]
	at org.springframework.web.servlet.FrameworkServlet.processRequest(FrameworkServlet.java:936) ~[spring-webmvc-3.2.4.RELEASE.jar:3.2.4.RELEASE]
	at org.springframework.web.servlet.FrameworkServlet.doGet(FrameworkServlet.java:827) ~[spring-webmvc-3.2.4.RELEASE.jar:3.2.4.RELEASE]
	at javax.servlet.http.HttpServlet.service(HttpServlet.java:735) ~[javax.servlet-3.0.0.v201112011016.jar:na]
	at org.springframework.web.servlet.FrameworkServlet.service(FrameworkServlet.java:812) ~[spring-webmvc-3.2.4.RELEASE.jar:3.2.4.RELEASE]
	at javax.servlet.http.HttpServlet.service(HttpServlet.java:848) ~[javax.servlet-3.0.0.v201112011016.jar:na]
	at org.eclipse.jetty.servlet.ServletHolder.handle(ServletHolder.java:684) ~[jetty-all-8.1.17.v20150415.jar:8.1.17.v20150415]
	at org.eclipse.jetty.servlet.ServletHandler$CachedChain.doFilter(ServletHandler.java:1496) ~[jetty-all-8.1.17.v20150415.jar:8.1.17.v20150415]
	at aos.framework.web.filter.HttpApiFilter.doFilter(HttpApiFilter.java:60) ~[classes/:na]
	at org.eclipse.jetty.servlet.ServletHandler$CachedChain.doFilter(ServletHandler.java:1484) ~[jetty-all-8.1.17.v20150415.jar:8.1.17.v20150415]
	at aos.framework.web.filter.HttpFilter.doFilter(HttpFilter.java:50) ~[classes/:na]
	at org.eclipse.jetty.servlet.ServletHandler$CachedChain.doFilter(ServletHandler.java:1484) ~[jetty-all-8.1.17.v20150415.jar:8.1.17.v20150415]
	at org.springframework.web.filter.CharacterEncodingFilter.doFilterInternal(CharacterEncodingFilter.java:88) ~[spring-web-3.2.4.RELEASE.jar:3.2.4.RELEASE]
	at org.springframework.web.filter.OncePerRequestFilter.doFilter(OncePerRequestFilter.java:107) ~[spring-web-3.2.4.RELEASE.jar:3.2.4.RELEASE]
	at org.eclipse.jetty.servlet.ServletHandler$CachedChain.doFilter(ServletHandler.java:1476) ~[jetty-all-8.1.17.v20150415.jar:8.1.17.v20150415]
	at org.eclipse.jetty.servlet.ServletHandler.doHandle(ServletHandler.java:501) [jetty-all-8.1.17.v20150415.jar:8.1.17.v20150415]
	at org.eclipse.jetty.server.handler.ScopedHandler.handle(ScopedHandler.java:137) [jetty-all-8.1.17.v20150415.jar:8.1.17.v20150415]
	at org.eclipse.jetty.security.SecurityHandler.handle(SecurityHandler.java:557) [jetty-all-8.1.17.v20150415.jar:8.1.17.v20150415]
	at org.eclipse.jetty.server.session.SessionHandler.doHandle(SessionHandler.java:231) [jetty-all-8.1.17.v20150415.jar:8.1.17.v20150415]
	at org.eclipse.jetty.server.handler.ContextHandler.doHandle(ContextHandler.java:1086) [jetty-all-8.1.17.v20150415.jar:8.1.17.v20150415]
	at org.eclipse.jetty.servlet.ServletHandler.doScope(ServletHandler.java:429) [jetty-all-8.1.17.v20150415.jar:8.1.17.v20150415]
	at org.eclipse.jetty.server.session.SessionHandler.doScope(SessionHandler.java:193) [jetty-all-8.1.17.v20150415.jar:8.1.17.v20150415]
	at org.eclipse.jetty.server.handler.ContextHandler.doScope(ContextHandler.java:1020) [jetty-all-8.1.17.v20150415.jar:8.1.17.v20150415]
	at org.eclipse.jetty.server.handler.ScopedHandler.handle(ScopedHandler.java:135) [jetty-all-8.1.17.v20150415.jar:8.1.17.v20150415]
	at org.eclipse.jetty.server.handler.HandlerWrapper.handle(HandlerWrapper.java:116) [jetty-all-8.1.17.v20150415.jar:8.1.17.v20150415]
	at org.eclipse.jetty.server.Server.handle(Server.java:370) [jetty-all-8.1.17.v20150415.jar:8.1.17.v20150415]
	at org.eclipse.jetty.server.AbstractHttpConnection.handleRequest(AbstractHttpConnection.java:494) [jetty-all-8.1.17.v20150415.jar:8.1.17.v20150415]
	at org.eclipse.jetty.server.AbstractHttpConnection.headerComplete(AbstractHttpConnection.java:971) [jetty-all-8.1.17.v20150415.jar:8.1.17.v20150415]
	at org.eclipse.jetty.server.AbstractHttpConnection$RequestHandler.headerComplete(AbstractHttpConnection.java:1033) [jetty-all-8.1.17.v20150415.jar:8.1.17.v20150415]
	at org.eclipse.jetty.http.HttpParser.parseNext(HttpParser.java:644) [jetty-all-8.1.17.v20150415.jar:8.1.17.v20150415]
	at org.eclipse.jetty.http.HttpParser.parseAvailable(HttpParser.java:235) [jetty-all-8.1.17.v20150415.jar:8.1.17.v20150415]
	at org.eclipse.jetty.server.AsyncHttpConnection.handle(AsyncHttpConnection.java:82) [jetty-all-8.1.17.v20150415.jar:8.1.17.v20150415]
	at org.eclipse.jetty.io.nio.SelectChannelEndPoint.handle(SelectChannelEndPoint.java:696) [jetty-all-8.1.17.v20150415.jar:8.1.17.v20150415]
	at org.eclipse.jetty.io.nio.SelectChannelEndPoint$1.run(SelectChannelEndPoint.java:53) [jetty-all-8.1.17.v20150415.jar:8.1.17.v20150415]
	at org.eclipse.jetty.util.thread.QueuedThreadPool.runJob(QueuedThreadPool.java:608) [jetty-all-8.1.17.v20150415.jar:8.1.17.v20150415]
	at org.eclipse.jetty.util.thread.QueuedThreadPool$3.run(QueuedThreadPool.java:543) [jetty-all-8.1.17.v20150415.jar:8.1.17.v20150415]
	at java.lang.Thread.run(Thread.java:748) [na:1.8.0_172]
2018-08-03 18:58:14 WARN [Class:o.e.j.u.c.AbstractLifeCycle->Thread:main] FAILED SelectChannelConnector@0.0.0.0:9090: java.net.BindException: Address already in use: bind 
java.net.BindException: Address already in use: bind
	at sun.nio.ch.Net.bind0(Native Method) ~[na:1.8.0_172]
	at sun.nio.ch.Net.bind(Net.java:433) ~[na:1.8.0_172]
	at sun.nio.ch.Net.bind(Net.java:425) ~[na:1.8.0_172]
	at sun.nio.ch.ServerSocketChannelImpl.bind(ServerSocketChannelImpl.java:223) ~[na:1.8.0_172]
	at sun.nio.ch.ServerSocketAdaptor.bind(ServerSocketAdaptor.java:74) ~[na:1.8.0_172]
	at org.eclipse.jetty.server.nio.SelectChannelConnector.open(SelectChannelConnector.java:187) ~[jetty-all-8.1.17.v20150415.jar:8.1.17.v20150415]
	at org.eclipse.jetty.server.AbstractConnector.doStart(AbstractConnector.java:316) ~[jetty-all-8.1.17.v20150415.jar:8.1.17.v20150415]
	at org.eclipse.jetty.server.nio.SelectChannelConnector.doStart(SelectChannelConnector.java:265) ~[jetty-all-8.1.17.v20150415.jar:8.1.17.v20150415]
	at org.eclipse.jetty.util.component.AbstractLifeCycle.start(AbstractLifeCycle.java:64) [jetty-all-8.1.17.v20150415.jar:8.1.17.v20150415]
	at org.eclipse.jetty.server.Server.doStart(Server.java:293) [jetty-all-8.1.17.v20150415.jar:8.1.17.v20150415]
	at org.eclipse.jetty.util.component.AbstractLifeCycle.start(AbstractLifeCycle.java:64) [jetty-all-8.1.17.v20150415.jar:8.1.17.v20150415]
	at aos.framework.core.server.AOSServer.start(AOSServer.java:82) [classes/:na]
	at start.CDZStart.main(CDZStart.java:22) [classes/:na]
2018-08-03 18:58:14 WARN [Class:o.e.j.u.c.AbstractLifeCycle->Thread:main] FAILED org.eclipse.jetty.server.Server@29be7749: java.net.BindException: Address already in use: bind 
java.net.BindException: Address already in use: bind
	at sun.nio.ch.Net.bind0(Native Method) ~[na:1.8.0_172]
	at sun.nio.ch.Net.bind(Net.java:433) ~[na:1.8.0_172]
	at sun.nio.ch.Net.bind(Net.java:425) ~[na:1.8.0_172]
	at sun.nio.ch.ServerSocketChannelImpl.bind(ServerSocketChannelImpl.java:223) ~[na:1.8.0_172]
	at sun.nio.ch.ServerSocketAdaptor.bind(ServerSocketAdaptor.java:74) ~[na:1.8.0_172]
	at org.eclipse.jetty.server.nio.SelectChannelConnector.open(SelectChannelConnector.java:187) ~[jetty-all-8.1.17.v20150415.jar:8.1.17.v20150415]
	at org.eclipse.jetty.server.AbstractConnector.doStart(AbstractConnector.java:316) ~[jetty-all-8.1.17.v20150415.jar:8.1.17.v20150415]
	at org.eclipse.jetty.server.nio.SelectChannelConnector.doStart(SelectChannelConnector.java:265) ~[jetty-all-8.1.17.v20150415.jar:8.1.17.v20150415]
	at org.eclipse.jetty.util.component.AbstractLifeCycle.start(AbstractLifeCycle.java:64) ~[jetty-all-8.1.17.v20150415.jar:8.1.17.v20150415]
	at org.eclipse.jetty.server.Server.doStart(Server.java:293) ~[jetty-all-8.1.17.v20150415.jar:8.1.17.v20150415]
	at org.eclipse.jetty.util.component.AbstractLifeCycle.start(AbstractLifeCycle.java:64) ~[jetty-all-8.1.17.v20150415.jar:8.1.17.v20150415]
	at aos.framework.core.server.AOSServer.start(AOSServer.java:82) [classes/:na]
	at start.CDZStart.main(CDZStart.java:22) [classes/:na]
2018-08-03 18:58:17 ERROR [Class:a.f.c.s.AOSServer->Thread:main] 项目启动失败 
2018-08-03 20:01:26 WARN [Class:o.e.j.s.ServletHandler->Thread:qtp540642172-27]  
org.springframework.web.util.NestedServletException: Request processing failed; nested exception is aos.framework.core.exception.AOSException: 没有找到[appApiService.userLogout]对应的方法，请确认路由信息是否正确。
	at org.springframework.web.servlet.FrameworkServlet.processRequest(FrameworkServlet.java:948) ~[spring-webmvc-3.2.4.RELEASE.jar:3.2.4.RELEASE]
	at org.springframework.web.servlet.FrameworkServlet.doPost(FrameworkServlet.java:838) ~[spring-webmvc-3.2.4.RELEASE.jar:3.2.4.RELEASE]
	at javax.servlet.http.HttpServlet.service(HttpServlet.java:755) ~[javax.servlet-3.0.0.v201112011016.jar:na]
	at org.springframework.web.servlet.FrameworkServlet.service(FrameworkServlet.java:812) ~[spring-webmvc-3.2.4.RELEASE.jar:3.2.4.RELEASE]
	at javax.servlet.http.HttpServlet.service(HttpServlet.java:848) ~[javax.servlet-3.0.0.v201112011016.jar:na]
	at org.eclipse.jetty.servlet.ServletHolder.handle(ServletHolder.java:684) ~[jetty-all-8.1.17.v20150415.jar:8.1.17.v20150415]
	at org.eclipse.jetty.servlet.ServletHandler$CachedChain.doFilter(ServletHandler.java:1496) ~[jetty-all-8.1.17.v20150415.jar:8.1.17.v20150415]
	at aos.framework.web.filter.HttpApiFilter.doFilter(HttpApiFilter.java:60) ~[classes/:na]
	at org.eclipse.jetty.servlet.ServletHandler$CachedChain.doFilter(ServletHandler.java:1484) ~[jetty-all-8.1.17.v20150415.jar:8.1.17.v20150415]
	at aos.framework.web.filter.HttpFilter.doFilter(HttpFilter.java:50) ~[classes/:na]
	at org.eclipse.jetty.servlet.ServletHandler$CachedChain.doFilter(ServletHandler.java:1484) ~[jetty-all-8.1.17.v20150415.jar:8.1.17.v20150415]
	at org.springframework.web.filter.CharacterEncodingFilter.doFilterInternal(CharacterEncodingFilter.java:88) ~[spring-web-3.2.4.RELEASE.jar:3.2.4.RELEASE]
	at org.springframework.web.filter.OncePerRequestFilter.doFilter(OncePerRequestFilter.java:107) ~[spring-web-3.2.4.RELEASE.jar:3.2.4.RELEASE]
	at org.eclipse.jetty.servlet.ServletHandler$CachedChain.doFilter(ServletHandler.java:1476) ~[jetty-all-8.1.17.v20150415.jar:8.1.17.v20150415]
	at org.eclipse.jetty.servlet.ServletHandler.doHandle(ServletHandler.java:501) [jetty-all-8.1.17.v20150415.jar:8.1.17.v20150415]
	at org.eclipse.jetty.server.handler.ScopedHandler.handle(ScopedHandler.java:137) [jetty-all-8.1.17.v20150415.jar:8.1.17.v20150415]
	at org.eclipse.jetty.security.SecurityHandler.handle(SecurityHandler.java:557) [jetty-all-8.1.17.v20150415.jar:8.1.17.v20150415]
	at org.eclipse.jetty.server.session.SessionHandler.doHandle(SessionHandler.java:231) [jetty-all-8.1.17.v20150415.jar:8.1.17.v20150415]
	at org.eclipse.jetty.server.handler.ContextHandler.doHandle(ContextHandler.java:1086) [jetty-all-8.1.17.v20150415.jar:8.1.17.v20150415]
	at org.eclipse.jetty.servlet.ServletHandler.doScope(ServletHandler.java:429) [jetty-all-8.1.17.v20150415.jar:8.1.17.v20150415]
	at org.eclipse.jetty.server.session.SessionHandler.doScope(SessionHandler.java:193) [jetty-all-8.1.17.v20150415.jar:8.1.17.v20150415]
	at org.eclipse.jetty.server.handler.ContextHandler.doScope(ContextHandler.java:1020) [jetty-all-8.1.17.v20150415.jar:8.1.17.v20150415]
	at org.eclipse.jetty.server.handler.ScopedHandler.handle(ScopedHandler.java:135) [jetty-all-8.1.17.v20150415.jar:8.1.17.v20150415]
	at org.eclipse.jetty.server.handler.HandlerWrapper.handle(HandlerWrapper.java:116) [jetty-all-8.1.17.v20150415.jar:8.1.17.v20150415]
	at org.eclipse.jetty.server.Server.handle(Server.java:370) [jetty-all-8.1.17.v20150415.jar:8.1.17.v20150415]
	at org.eclipse.jetty.server.AbstractHttpConnection.handleRequest(AbstractHttpConnection.java:494) [jetty-all-8.1.17.v20150415.jar:8.1.17.v20150415]
	at org.eclipse.jetty.server.AbstractHttpConnection.headerComplete(AbstractHttpConnection.java:971) [jetty-all-8.1.17.v20150415.jar:8.1.17.v20150415]
	at org.eclipse.jetty.server.AbstractHttpConnection$RequestHandler.headerComplete(AbstractHttpConnection.java:1033) [jetty-all-8.1.17.v20150415.jar:8.1.17.v20150415]
	at org.eclipse.jetty.http.HttpParser.parseNext(HttpParser.java:644) [jetty-all-8.1.17.v20150415.jar:8.1.17.v20150415]
	at org.eclipse.jetty.http.HttpParser.parseAvailable(HttpParser.java:235) [jetty-all-8.1.17.v20150415.jar:8.1.17.v20150415]
	at org.eclipse.jetty.server.AsyncHttpConnection.handle(AsyncHttpConnection.java:82) [jetty-all-8.1.17.v20150415.jar:8.1.17.v20150415]
	at org.eclipse.jetty.io.nio.SelectChannelEndPoint.handle(SelectChannelEndPoint.java:696) [jetty-all-8.1.17.v20150415.jar:8.1.17.v20150415]
	at org.eclipse.jetty.io.nio.SelectChannelEndPoint$1.run(SelectChannelEndPoint.java:53) [jetty-all-8.1.17.v20150415.jar:8.1.17.v20150415]
	at org.eclipse.jetty.util.thread.QueuedThreadPool.runJob(QueuedThreadPool.java:608) [jetty-all-8.1.17.v20150415.jar:8.1.17.v20150415]
	at org.eclipse.jetty.util.thread.QueuedThreadPool$3.run(QueuedThreadPool.java:543) [jetty-all-8.1.17.v20150415.jar:8.1.17.v20150415]
	at java.lang.Thread.run(Thread.java:748) [na:1.8.0_172]
Caused by: aos.framework.core.exception.AOSException: 没有找到[appApiService.userLogout]对应的方法，请确认路由信息是否正确。
	at aos.framework.web.router.HttpApiRouterController.execute(HttpApiRouterController.java:78) ~[classes/:na]
	at sun.reflect.GeneratedMethodAccessor47.invoke(Unknown Source) ~[na:na]
	at sun.reflect.DelegatingMethodAccessorImpl.invoke(DelegatingMethodAccessorImpl.java:43) ~[na:1.8.0_172]
	at java.lang.reflect.Method.invoke(Method.java:498) ~[na:1.8.0_172]
	at org.springframework.web.method.support.InvocableHandlerMethod.invoke(InvocableHandlerMethod.java:219) ~[spring-web-3.2.4.RELEASE.jar:3.2.4.RELEASE]
	at org.springframework.web.method.support.InvocableHandlerMethod.invokeForRequest(InvocableHandlerMethod.java:132) ~[spring-web-3.2.4.RELEASE.jar:3.2.4.RELEASE]
	at org.springframework.web.servlet.mvc.method.annotation.ServletInvocableHandlerMethod.invokeAndHandle(ServletInvocableHandlerMethod.java:104) ~[spring-webmvc-3.2.4.RELEASE.jar:3.2.4.RELEASE]
	at org.springframework.web.servlet.mvc.method.annotation.RequestMappingHandlerAdapter.invokeHandleMethod(RequestMappingHandlerAdapter.java:745) ~[spring-webmvc-3.2.4.RELEASE.jar:3.2.4.RELEASE]
	at org.springframework.web.servlet.mvc.method.annotation.RequestMappingHandlerAdapter.handleInternal(RequestMappingHandlerAdapter.java:686) ~[spring-webmvc-3.2.4.RELEASE.jar:3.2.4.RELEASE]
	at org.springframework.web.servlet.mvc.method.AbstractHandlerMethodAdapter.handle(AbstractHandlerMethodAdapter.java:80) ~[spring-webmvc-3.2.4.RELEASE.jar:3.2.4.RELEASE]
	at org.springframework.web.servlet.DispatcherServlet.doDispatch(DispatcherServlet.java:925) ~[spring-webmvc-3.2.4.RELEASE.jar:3.2.4.RELEASE]
	at org.springframework.web.servlet.DispatcherServlet.doService(DispatcherServlet.java:856) ~[spring-webmvc-3.2.4.RELEASE.jar:3.2.4.RELEASE]
	at org.springframework.web.servlet.FrameworkServlet.processRequest(FrameworkServlet.java:936) ~[spring-webmvc-3.2.4.RELEASE.jar:3.2.4.RELEASE]
	... 35 common frames omitted
2018-08-03 20:01:26 WARN [Class:o.e.j.s.ServletHandler->Thread:qtp540642172-27] /cdz/api/do.jhtml 
aos.framework.core.exception.AOSException: 没有找到[appApiService.userLogout]对应的方法，请确认路由信息是否正确。
	at aos.framework.web.router.HttpApiRouterController.execute(HttpApiRouterController.java:78) ~[classes/:na]
	at sun.reflect.GeneratedMethodAccessor47.invoke(Unknown Source) ~[na:na]
	at sun.reflect.DelegatingMethodAccessorImpl.invoke(DelegatingMethodAccessorImpl.java:43) ~[na:1.8.0_172]
	at java.lang.reflect.Method.invoke(Method.java:498) ~[na:1.8.0_172]
	at org.springframework.web.method.support.InvocableHandlerMethod.invoke(InvocableHandlerMethod.java:219) ~[spring-web-3.2.4.RELEASE.jar:3.2.4.RELEASE]
	at org.springframework.web.method.support.InvocableHandlerMethod.invokeForRequest(InvocableHandlerMethod.java:132) ~[spring-web-3.2.4.RELEASE.jar:3.2.4.RELEASE]
	at org.springframework.web.servlet.mvc.method.annotation.ServletInvocableHandlerMethod.invokeAndHandle(ServletInvocableHandlerMethod.java:104) ~[spring-webmvc-3.2.4.RELEASE.jar:3.2.4.RELEASE]
	at org.springframework.web.servlet.mvc.method.annotation.RequestMappingHandlerAdapter.invokeHandleMethod(RequestMappingHandlerAdapter.java:745) ~[spring-webmvc-3.2.4.RELEASE.jar:3.2.4.RELEASE]
	at org.springframework.web.servlet.mvc.method.annotation.RequestMappingHandlerAdapter.handleInternal(RequestMappingHandlerAdapter.java:686) ~[spring-webmvc-3.2.4.RELEASE.jar:3.2.4.RELEASE]
	at org.springframework.web.servlet.mvc.method.AbstractHandlerMethodAdapter.handle(AbstractHandlerMethodAdapter.java:80) ~[spring-webmvc-3.2.4.RELEASE.jar:3.2.4.RELEASE]
	at org.springframework.web.servlet.DispatcherServlet.doDispatch(DispatcherServlet.java:925) ~[spring-webmvc-3.2.4.RELEASE.jar:3.2.4.RELEASE]
	at org.springframework.web.servlet.DispatcherServlet.doService(DispatcherServlet.java:856) ~[spring-webmvc-3.2.4.RELEASE.jar:3.2.4.RELEASE]
	at org.springframework.web.servlet.FrameworkServlet.processRequest(FrameworkServlet.java:936) ~[spring-webmvc-3.2.4.RELEASE.jar:3.2.4.RELEASE]
	at org.springframework.web.servlet.FrameworkServlet.doPost(FrameworkServlet.java:838) ~[spring-webmvc-3.2.4.RELEASE.jar:3.2.4.RELEASE]
	at javax.servlet.http.HttpServlet.service(HttpServlet.java:755) ~[javax.servlet-3.0.0.v201112011016.jar:na]
	at org.springframework.web.servlet.FrameworkServlet.service(FrameworkServlet.java:812) ~[spring-webmvc-3.2.4.RELEASE.jar:3.2.4.RELEASE]
	at javax.servlet.http.HttpServlet.service(HttpServlet.java:848) ~[javax.servlet-3.0.0.v201112011016.jar:na]
	at org.eclipse.jetty.servlet.ServletHolder.handle(ServletHolder.java:684) ~[jetty-all-8.1.17.v20150415.jar:8.1.17.v20150415]
	at org.eclipse.jetty.servlet.ServletHandler$CachedChain.doFilter(ServletHandler.java:1496) ~[jetty-all-8.1.17.v20150415.jar:8.1.17.v20150415]
	at aos.framework.web.filter.HttpApiFilter.doFilter(HttpApiFilter.java:60) ~[classes/:na]
	at org.eclipse.jetty.servlet.ServletHandler$CachedChain.doFilter(ServletHandler.java:1484) ~[jetty-all-8.1.17.v20150415.jar:8.1.17.v20150415]
	at aos.framework.web.filter.HttpFilter.doFilter(HttpFilter.java:50) ~[classes/:na]
	at org.eclipse.jetty.servlet.ServletHandler$CachedChain.doFilter(ServletHandler.java:1484) ~[jetty-all-8.1.17.v20150415.jar:8.1.17.v20150415]
	at org.springframework.web.filter.CharacterEncodingFilter.doFilterInternal(CharacterEncodingFilter.java:88) ~[spring-web-3.2.4.RELEASE.jar:3.2.4.RELEASE]
	at org.springframework.web.filter.OncePerRequestFilter.doFilter(OncePerRequestFilter.java:107) ~[spring-web-3.2.4.RELEASE.jar:3.2.4.RELEASE]
	at org.eclipse.jetty.servlet.ServletHandler$CachedChain.doFilter(ServletHandler.java:1476) ~[jetty-all-8.1.17.v20150415.jar:8.1.17.v20150415]
	at org.eclipse.jetty.servlet.ServletHandler.doHandle(ServletHandler.java:501) [jetty-all-8.1.17.v20150415.jar:8.1.17.v20150415]
	at org.eclipse.jetty.server.handler.ScopedHandler.handle(ScopedHandler.java:137) [jetty-all-8.1.17.v20150415.jar:8.1.17.v20150415]
	at org.eclipse.jetty.security.SecurityHandler.handle(SecurityHandler.java:557) [jetty-all-8.1.17.v20150415.jar:8.1.17.v20150415]
	at org.eclipse.jetty.server.session.SessionHandler.doHandle(SessionHandler.java:231) [jetty-all-8.1.17.v20150415.jar:8.1.17.v20150415]
	at org.eclipse.jetty.server.handler.ContextHandler.doHandle(ContextHandler.java:1086) [jetty-all-8.1.17.v20150415.jar:8.1.17.v20150415]
	at org.eclipse.jetty.servlet.ServletHandler.doScope(ServletHandler.java:429) [jetty-all-8.1.17.v20150415.jar:8.1.17.v20150415]
	at org.eclipse.jetty.server.session.SessionHandler.doScope(SessionHandler.java:193) [jetty-all-8.1.17.v20150415.jar:8.1.17.v20150415]
	at org.eclipse.jetty.server.handler.ContextHandler.doScope(ContextHandler.java:1020) [jetty-all-8.1.17.v20150415.jar:8.1.17.v20150415]
	at org.eclipse.jetty.server.handler.ScopedHandler.handle(ScopedHandler.java:135) [jetty-all-8.1.17.v20150415.jar:8.1.17.v20150415]
	at org.eclipse.jetty.server.handler.HandlerWrapper.handle(HandlerWrapper.java:116) [jetty-all-8.1.17.v20150415.jar:8.1.17.v20150415]
	at org.eclipse.jetty.server.Server.handle(Server.java:370) [jetty-all-8.1.17.v20150415.jar:8.1.17.v20150415]
	at org.eclipse.jetty.server.AbstractHttpConnection.handleRequest(AbstractHttpConnection.java:494) [jetty-all-8.1.17.v20150415.jar:8.1.17.v20150415]
	at org.eclipse.jetty.server.AbstractHttpConnection.headerComplete(AbstractHttpConnection.java:971) [jetty-all-8.1.17.v20150415.jar:8.1.17.v20150415]
	at org.eclipse.jetty.server.AbstractHttpConnection$RequestHandler.headerComplete(AbstractHttpConnection.java:1033) [jetty-all-8.1.17.v20150415.jar:8.1.17.v20150415]
	at org.eclipse.jetty.http.HttpParser.parseNext(HttpParser.java:644) [jetty-all-8.1.17.v20150415.jar:8.1.17.v20150415]
	at org.eclipse.jetty.http.HttpParser.parseAvailable(HttpParser.java:235) [jetty-all-8.1.17.v20150415.jar:8.1.17.v20150415]
	at org.eclipse.jetty.server.AsyncHttpConnection.handle(AsyncHttpConnection.java:82) [jetty-all-8.1.17.v20150415.jar:8.1.17.v20150415]
	at org.eclipse.jetty.io.nio.SelectChannelEndPoint.handle(SelectChannelEndPoint.java:696) [jetty-all-8.1.17.v20150415.jar:8.1.17.v20150415]
	at org.eclipse.jetty.io.nio.SelectChannelEndPoint$1.run(SelectChannelEndPoint.java:53) [jetty-all-8.1.17.v20150415.jar:8.1.17.v20150415]
	at org.eclipse.jetty.util.thread.QueuedThreadPool.runJob(QueuedThreadPool.java:608) [jetty-all-8.1.17.v20150415.jar:8.1.17.v20150415]
	at org.eclipse.jetty.util.thread.QueuedThreadPool$3.run(QueuedThreadPool.java:543) [jetty-all-8.1.17.v20150415.jar:8.1.17.v20150415]
	at java.lang.Thread.run(Thread.java:748) [na:1.8.0_172]
